<?xml version="1.0" encoding="UTF-8"?>
<testsuites name="TS_08_LogicalDevices" time="22" tests="1" failures="0" errors="0">
   <testsuite name="TS_08_LogicalDevices" tests="1" failures="0" errors="0" time="22" timestamp="2017-12-05 18:38:49" hostname="WorkPC - WorkPC" id="Test Suites/TS_Units/TS_08_LogicalDevices">
      <properties>
         <property name="deviceName" value=""/>
         <property name="devicePlatform" value=""/>
         <property name="logFolder" value="D:\\ABB\\ABB_KatTest1\\ABB_Test_Test\\Reports\\TS_Units\\TS_08_LogicalDevices\\20171205_183152"/>
         <property name="logFiles" value="D:\\ABB\\ABB_KatTest1\\ABB_Test_Test\\Reports\\TS_Units\\TS_08_LogicalDevices\\20171205_183152\\execution0.log"/>
         <property name="attachments" value=""/>
         <property name="hostName" value="WorkPC - WorkPC"/>
         <property name="os" value="Windows 10 64bit"/>
         <property name="katalonVersion" value="5.1.0.2"/>
         <property name="browser" value="Firefox 57.0"/>
         <property name="hostAddress" value="192.168.56.1"/>
         <property name="sessionId" value="781f36da-8d0a-46e6-b40d-9be835d5d7f0"/>
         <property name="seleniumVersion" value="3.7.1"/>
         <property name="proxyInformation" value="ProxyInformation{proxyOption=NO_PROXY, proxyServerType=HTTP, password=, proxyServerAddress=, proxyServerPort=0}"/>
         <property name="platform" value="Windows 10"/>
      </properties>
      <testcase name="Test Cases/08_LogicalDevices/TC_081_Logical Devices - Verifica Intestazioni" classname="Test Cases/08_LogicalDevices/TC_081_Logical Devices - Verifica Intestazioni" status="PASSED">
         <system-out><![CDATA[2017-12-05 18:38:49 - [TEST_CASE][PASSED] - Test Cases/08_LogicalDevices/TC_081_Logical Devices - Verifica Intestazioni: Test Cases/08_LogicalDevices/TC_081_Logical Devices - Verifica Intestazioni

2017-12-05 18:38:50 - [TEST_STEP][PASSED] - callTestCase: Call Test Case 'Test Cases/utilities/TC_0c-Login Corretto - ReUse' successfully

2017-12-05 18:38:50 - [TEST_CASE][PASSED] - Test Cases/utilities/TC_0c-Login Corretto - ReUse: Test Cases/utilities/TC_0c-Login Corretto - ReUse

2017-12-05 18:38:51 - [TEST_STEP][PASSED] - callTestCase: Call Test Case 'Test Cases/utilities/TC_0b_apertura pagina di login - ReUse' successfully

2017-12-05 18:38:51 - [TEST_CASE][PASSED] - Test Cases/utilities/TC_0b_apertura pagina di login - ReUse: Test Cases/utilities/TC_0b_apertura pagina di login - ReUse

2017-12-05 18:38:51 - [TEST_STEP][PASSED] - openBrowser: Browser is opened with url: ''

2017-12-05 18:38:57 - [MESSAGE][PASSED] - Browser is opened with url: ''

2017-12-05 18:38:57 - [TEST_STEP][PASSED] - maximizeWindow: Current window maximized

2017-12-05 18:39:01 - [MESSAGE][PASSED] - Current window maximized

2017-12-05 18:39:01 - [TEST_STEP][PASSED] - navigateToUrl: Navigate to 'http://bengen' successfully

2017-12-05 18:39:02 - [MESSAGE][PASSED] - Navigate to 'http://bengen' successfully

2017-12-05 18:39:02 - [TEST_STEP][PASSED] - verifyElementPresent: Object 'Object Repository/00_Page_ABB BenGen Authentication/ABB_logo' is present

2017-12-05 18:39:02 - [MESSAGE][WARNING] - Timeout '0' is invalid. Using default page load timeout: '30'

2017-12-05 18:39:02 - [MESSAGE][PASSED] - Object 'Object Repository/00_Page_ABB BenGen Authentication/ABB_logo' is present

2017-12-05 18:39:02 - [TEST_STEP][PASSED] - verifyElementPresent: Object 'Object Repository/00_Page_ABB BenGen Authentication/input_pass' is present

2017-12-05 18:39:02 - [MESSAGE][WARNING] - Timeout '0' is invalid. Using default page load timeout: '30'

2017-12-05 18:39:02 - [MESSAGE][PASSED] - Object 'Object Repository/00_Page_ABB BenGen Authentication/input_pass' is present

2017-12-05 18:39:02 - [TEST_STEP][PASSED] - verifyElementPresent: Object 'Object Repository/00_Page_ABB BenGen Authentication/input_user' is present

2017-12-05 18:39:02 - [MESSAGE][WARNING] - Timeout '0' is invalid. Using default page load timeout: '30'

2017-12-05 18:39:02 - [MESSAGE][PASSED] - Object 'Object Repository/00_Page_ABB BenGen Authentication/input_user' is present

2017-12-05 18:39:02 - [TEST_STEP][PASSED] - verifyElementPresent: Object 'Object Repository/00_Page_ABB BenGen Authentication/button_Login' is present

2017-12-05 18:39:02 - [MESSAGE][WARNING] - Timeout '0' is invalid. Using default page load timeout: '30'

2017-12-05 18:39:02 - [MESSAGE][PASSED] - Object 'Object Repository/00_Page_ABB BenGen Authentication/button_Login' is present

2017-12-05 18:39:02 - [MESSAGE][PASSED] - Call Test Case 'Test Cases/utilities/TC_0b_apertura pagina di login - ReUse' successfully

2017-12-05 18:39:02 - [TEST_STEP][PASSED] - setText: Text 'admin@admin.it' is set on object 'Object Repository/00_Page_ABB BenGen Authentication/input_user'

2017-12-05 18:39:03 - [MESSAGE][PASSED] - Text 'admin@admin.it' is set on object 'Object Repository/00_Page_ABB BenGen Authentication/input_user'

2017-12-05 18:39:03 - [TEST_STEP][PASSED] - setText: Text 'admin' is set on object 'Object Repository/00_Page_ABB BenGen Authentication/input_pass'

2017-12-05 18:39:03 - [MESSAGE][PASSED] - Text 'admin' is set on object 'Object Repository/00_Page_ABB BenGen Authentication/input_pass'

2017-12-05 18:39:03 - [TEST_STEP][PASSED] - click: Object: 'Object Repository/00_Page_ABB BenGen Authentication/button_Login' is clicked on

2017-12-05 18:39:03 - [MESSAGE][PASSED] - Object: 'Object Repository/00_Page_ABB BenGen Authentication/button_Login' is clicked on

2017-12-05 18:39:03 - [TEST_STEP][PASSED] - waitForElementPresent: Object 'Object Repository/00_Page_Aurora Vision BenGen/a_Aurora Vision Backoffice' is present

2017-12-05 18:39:06 - [MESSAGE][PASSED] - Object 'Object Repository/00_Page_Aurora Vision BenGen/a_Aurora Vision Backoffice' is present

2017-12-05 18:39:06 - [TEST_STEP][PASSED] - Statement - selfWindowTitle = com.kms.katalon.core.webui.keyword.WebUiBuiltInKeywords.getWindowTitle(): Current window's title is: 'Aurora Vision BenGen'

2017-12-05 18:39:06 - [MESSAGE][PASSED] - Current window's title is: 'Aurora Vision BenGen'

2017-12-05 18:39:06 - [TEST_STEP][PASSED] - verifyEqual: Actual object 'Aurora Vision BenGen' and expected object 'Aurora Vision BenGen' are equal

2017-12-05 18:39:06 - [MESSAGE][PASSED] - Actual object 'Aurora Vision BenGen' and expected object 'Aurora Vision BenGen' are equal

2017-12-05 18:39:06 - [MESSAGE][PASSED] - Call Test Case 'Test Cases/utilities/TC_0c-Login Corretto - ReUse' successfully

2017-12-05 18:39:06 - [TEST_STEP][PASSED] - Statement - viewPort = com.kms.katalon.core.webui.keyword.WebUiBuiltInKeywords.getViewportWidth(): Viewport width is 1366

2017-12-05 18:39:06 - [MESSAGE][PASSED] - Viewport width is 1366

2017-12-05 18:39:06 - [TEST_STEP][PASSED] - Statement - If (viewPort < 1400): Object: 'Object Repository/00_Page_MenuCheck/MenuResponsiveArrow' is clicked on

2017-12-05 18:39:06 - [TEST_STEP][PASSED] - click: Object: 'Object Repository/00_Page_MenuCheck/MenuResponsiveArrow' is clicked on

2017-12-05 18:39:07 - [MESSAGE][PASSED] - Object: 'Object Repository/00_Page_MenuCheck/MenuResponsiveArrow' is clicked on

2017-12-05 18:39:07 - [TEST_STEP][PASSED] - focus: Object: 'Object Repository/00_Page_MenuCheck/NavArrows/ProdLinesArrow_opn' is focused

2017-12-05 18:39:07 - [MESSAGE][PASSED] - Object: 'Object Repository/00_Page_MenuCheck/NavArrows/ProdLinesArrow_opn' is focused

2017-12-05 18:39:07 - [TEST_STEP][PASSED] - click: Object: 'Object Repository/00_Page_MenuCheck/NavArrows/ProdLinesArrow_opn' is clicked on

2017-12-05 18:39:07 - [MESSAGE][PASSED] - Object: 'Object Repository/00_Page_MenuCheck/NavArrows/ProdLinesArrow_opn' is clicked on

2017-12-05 18:39:07 - [TEST_STEP][PASSED] - click: Object: 'Object Repository/00_Page_MenuCheck/VociMenu/09_li_Logical Devices' is clicked on

2017-12-05 18:39:07 - [MESSAGE][PASSED] - Object: 'Object Repository/00_Page_MenuCheck/VociMenu/09_li_Logical Devices' is clicked on

2017-12-05 18:39:07 - [TEST_STEP][PASSED] - verifyElementPresent: Object 'Object Repository/08_Page_LogicalDevices/Intestazioni/01_LogicalDevices_title' is present

2017-12-05 18:39:08 - [MESSAGE][PASSED] - Object 'Object Repository/08_Page_LogicalDevices/Intestazioni/01_LogicalDevices_title' is present

2017-12-05 18:39:08 - [TEST_STEP][PASSED] - verifyElementPresent: Object 'Object Repository/08_Page_LogicalDevices/Intestazioni/02_ID' is present

2017-12-05 18:39:08 - [MESSAGE][PASSED] - Object 'Object Repository/08_Page_LogicalDevices/Intestazioni/02_ID' is present

2017-12-05 18:39:08 - [TEST_STEP][PASSED] - verifyElementPresent: Object 'Object Repository/08_Page_LogicalDevices/Intestazioni/03_Name' is present

2017-12-05 18:39:08 - [MESSAGE][PASSED] - Object 'Object Repository/08_Page_LogicalDevices/Intestazioni/03_Name' is present

2017-12-05 18:39:08 - [TEST_STEP][PASSED] - verifyElementPresent: Object 'Object Repository/08_Page_LogicalDevices/Intestazioni/04_DefaultTIBPosition' is present

2017-12-05 18:39:08 - [MESSAGE][PASSED] - Object 'Object Repository/08_Page_LogicalDevices/Intestazioni/04_DefaultTIBPosition' is present

2017-12-05 18:39:08 - [TEST_STEP][PASSED] - verifyElementPresent: Object 'Object Repository/08_Page_LogicalDevices/Intestazioni/05_FWCharID' is present

2017-12-05 18:39:08 - [MESSAGE][PASSED] - Object 'Object Repository/08_Page_LogicalDevices/Intestazioni/05_FWCharID' is present

2017-12-05 18:39:08 - [TEST_STEP][PASSED] - verifyElementPresent: Object 'Object Repository/08_Page_LogicalDevices/Intestazioni/06_SupportsMonolithic' is present

2017-12-05 18:39:08 - [MESSAGE][PASSED] - Object 'Object Repository/08_Page_LogicalDevices/Intestazioni/06_SupportsMonolithic' is present

2017-12-05 18:39:08 - [TEST_STEP][PASSED] - verifyElementPresent: Object 'Object Repository/08_Page_LogicalDevices/Intestazioni/07_UpdateBEN' is present

2017-12-05 18:39:08 - [MESSAGE][PASSED] - Object 'Object Repository/08_Page_LogicalDevices/Intestazioni/07_UpdateBEN' is present

2017-12-05 18:39:08 - [TEST_STEP][PASSED] - comment: Verifica dei valori con Test Data

2017-12-05 18:39:08 - [TEST_STEP][PASSED] - verifyElementText: Actual text and expected text of test object 'Object Repository/08_Page_LogicalDevices/Intestazioni/01_LogicalDevices_title' are matched.

2017-12-05 18:39:10 - [MESSAGE][PASSED] - Actual text and expected text of test object 'Object Repository/08_Page_LogicalDevices/Intestazioni/01_LogicalDevices_title' are matched.

2017-12-05 18:39:10 - [TEST_STEP][PASSED] - verifyElementText: Actual text and expected text of test object 'Object Repository/08_Page_LogicalDevices/Intestazioni/02_ID' are matched.

2017-12-05 18:39:10 - [MESSAGE][PASSED] - Actual text and expected text of test object 'Object Repository/08_Page_LogicalDevices/Intestazioni/02_ID' are matched.

2017-12-05 18:39:10 - [TEST_STEP][PASSED] - verifyElementText: Actual text and expected text of test object 'Object Repository/08_Page_LogicalDevices/Intestazioni/03_Name' are matched.

2017-12-05 18:39:10 - [MESSAGE][PASSED] - Actual text and expected text of test object 'Object Repository/08_Page_LogicalDevices/Intestazioni/03_Name' are matched.

2017-12-05 18:39:10 - [TEST_STEP][PASSED] - verifyElementText: Actual text and expected text of test object 'Object Repository/08_Page_LogicalDevices/Intestazioni/04_DefaultTIBPosition' are matched.

2017-12-05 18:39:10 - [MESSAGE][PASSED] - Actual text and expected text of test object 'Object Repository/08_Page_LogicalDevices/Intestazioni/04_DefaultTIBPosition' are matched.

2017-12-05 18:39:10 - [TEST_STEP][PASSED] - verifyElementText: Actual text and expected text of test object 'Object Repository/08_Page_LogicalDevices/Intestazioni/05_FWCharID' are matched.

2017-12-05 18:39:10 - [MESSAGE][PASSED] - Actual text and expected text of test object 'Object Repository/08_Page_LogicalDevices/Intestazioni/05_FWCharID' are matched.

2017-12-05 18:39:10 - [TEST_STEP][PASSED] - verifyElementText: Actual text and expected text of test object 'Object Repository/08_Page_LogicalDevices/Intestazioni/06_SupportsMonolithic' are matched.

2017-12-05 18:39:10 - [MESSAGE][PASSED] - Actual text and expected text of test object 'Object Repository/08_Page_LogicalDevices/Intestazioni/06_SupportsMonolithic' are matched.

2017-12-05 18:39:10 - [TEST_STEP][PASSED] - verifyElementText: Actual text and expected text of test object 'Object Repository/08_Page_LogicalDevices/Intestazioni/07_UpdateBEN' are matched.

2017-12-05 18:39:10 - [MESSAGE][PASSED] - Actual text and expected text of test object 'Object Repository/08_Page_LogicalDevices/Intestazioni/07_UpdateBEN' are matched.

2017-12-05 18:39:10 - [TEST_STEP][PASSED] - closeBrowser: Browser is closed

2017-12-05 18:39:11 - [MESSAGE][PASSED] - Browser is closed]]></system-out>
         <system-err><![CDATA[]]></system-err>
      </testcase>
      <system-out><![CDATA[2017-12-05 18:38:49 - [TEST_SUITE][PASSED] - TS_08_LogicalDevices: Test Cases/08_LogicalDevices/TC_081_Logical Devices - Verifica Intestazioni]]></system-out>
      <system-err><![CDATA[]]></system-err>
   </testsuite>
</testsuites>
