<?xml version="1.0" encoding="UTF-8"?>
<testsuites name="TS_10_Bootloaders" time="43" tests="2" failures="0" errors="0">
   <testsuite name="TS_10_Bootloaders" tests="2" failures="0" errors="0" time="43" timestamp="2017-12-05 18:39:40" hostname="WorkPC - WorkPC" id="Test Suites/TS_Units/TS_10_Bootloaders">
      <properties>
         <property name="deviceName" value=""/>
         <property name="devicePlatform" value=""/>
         <property name="logFolder" value="D:\\ABB\\ABB_KatTest1\\ABB_Test_Test\\Reports\\TS_Units\\TS_10_Bootloaders\\20171205_183157"/>
         <property name="logFiles" value="D:\\ABB\\ABB_KatTest1\\ABB_Test_Test\\Reports\\TS_Units\\TS_10_Bootloaders\\20171205_183157\\execution0.log"/>
         <property name="attachments" value=""/>
         <property name="hostName" value="WorkPC - WorkPC"/>
         <property name="os" value="Windows 10 64bit"/>
         <property name="katalonVersion" value="5.1.0.2"/>
         <property name="browser" value="Firefox 57.0"/>
         <property name="hostAddress" value="192.168.56.1"/>
         <property name="sessionId" value="5581d6d1-b69c-43a8-8cd1-24347dccdf6f"/>
         <property name="seleniumVersion" value="3.7.1"/>
         <property name="proxyInformation" value="ProxyInformation{proxyOption=NO_PROXY, proxyServerType=HTTP, password=, proxyServerAddress=, proxyServerPort=0}"/>
         <property name="platform" value="Windows 10"/>
      </properties>
      <testcase name="Test Cases/10_Bootloaders/10a_BootloadersList/TC_10a1_BootloadersList - Verifica Intestazioni" classname="Test Cases/10_Bootloaders/10a_BootloadersList/TC_10a1_BootloadersList - Verifica Intestazioni" status="PASSED">
         <system-out><![CDATA[2017-12-05 18:39:41 - [TEST_CASE][PASSED] - Test Cases/10_Bootloaders/10a_BootloadersList/TC_10a1_BootloadersList - Verifica Intestazioni: Test Cases/10_Bootloaders/10a_BootloadersList/TC_10a1_BootloadersList - Verifica Intestazioni

2017-12-05 18:39:42 - [TEST_STEP][PASSED] - callTestCase: Call Test Case 'Test Cases/utilities/TC_0c-Login Corretto - ReUse' successfully

2017-12-05 18:39:42 - [TEST_CASE][PASSED] - Test Cases/utilities/TC_0c-Login Corretto - ReUse: Test Cases/utilities/TC_0c-Login Corretto - ReUse

2017-12-05 18:39:42 - [TEST_STEP][PASSED] - callTestCase: Call Test Case 'Test Cases/utilities/TC_0b_apertura pagina di login - ReUse' successfully

2017-12-05 18:39:42 - [TEST_CASE][PASSED] - Test Cases/utilities/TC_0b_apertura pagina di login - ReUse: Test Cases/utilities/TC_0b_apertura pagina di login - ReUse

2017-12-05 18:39:43 - [TEST_STEP][PASSED] - openBrowser: Browser is opened with url: ''

2017-12-05 18:39:49 - [MESSAGE][PASSED] - Browser is opened with url: ''

2017-12-05 18:39:49 - [TEST_STEP][PASSED] - maximizeWindow: Current window maximized

2017-12-05 18:39:53 - [MESSAGE][PASSED] - Current window maximized

2017-12-05 18:39:53 - [TEST_STEP][PASSED] - navigateToUrl: Navigate to 'http://bengen' successfully

2017-12-05 18:39:54 - [MESSAGE][PASSED] - Navigate to 'http://bengen' successfully

2017-12-05 18:39:54 - [TEST_STEP][PASSED] - verifyElementPresent: Object 'Object Repository/00_Page_ABB BenGen Authentication/ABB_logo' is present

2017-12-05 18:39:54 - [MESSAGE][WARNING] - Timeout '0' is invalid. Using default page load timeout: '30'

2017-12-05 18:39:54 - [MESSAGE][PASSED] - Object 'Object Repository/00_Page_ABB BenGen Authentication/ABB_logo' is present

2017-12-05 18:39:54 - [TEST_STEP][PASSED] - verifyElementPresent: Object 'Object Repository/00_Page_ABB BenGen Authentication/input_pass' is present

2017-12-05 18:39:54 - [MESSAGE][WARNING] - Timeout '0' is invalid. Using default page load timeout: '30'

2017-12-05 18:39:54 - [MESSAGE][PASSED] - Object 'Object Repository/00_Page_ABB BenGen Authentication/input_pass' is present

2017-12-05 18:39:54 - [TEST_STEP][PASSED] - verifyElementPresent: Object 'Object Repository/00_Page_ABB BenGen Authentication/input_user' is present

2017-12-05 18:39:54 - [MESSAGE][WARNING] - Timeout '0' is invalid. Using default page load timeout: '30'

2017-12-05 18:39:54 - [MESSAGE][PASSED] - Object 'Object Repository/00_Page_ABB BenGen Authentication/input_user' is present

2017-12-05 18:39:54 - [TEST_STEP][PASSED] - verifyElementPresent: Object 'Object Repository/00_Page_ABB BenGen Authentication/button_Login' is present

2017-12-05 18:39:54 - [MESSAGE][WARNING] - Timeout '0' is invalid. Using default page load timeout: '30'

2017-12-05 18:39:54 - [MESSAGE][PASSED] - Object 'Object Repository/00_Page_ABB BenGen Authentication/button_Login' is present

2017-12-05 18:39:54 - [MESSAGE][PASSED] - Call Test Case 'Test Cases/utilities/TC_0b_apertura pagina di login - ReUse' successfully

2017-12-05 18:39:54 - [TEST_STEP][PASSED] - setText: Text 'admin@admin.it' is set on object 'Object Repository/00_Page_ABB BenGen Authentication/input_user'

2017-12-05 18:39:54 - [MESSAGE][PASSED] - Text 'admin@admin.it' is set on object 'Object Repository/00_Page_ABB BenGen Authentication/input_user'

2017-12-05 18:39:54 - [TEST_STEP][PASSED] - setText: Text 'admin' is set on object 'Object Repository/00_Page_ABB BenGen Authentication/input_pass'

2017-12-05 18:39:54 - [MESSAGE][PASSED] - Text 'admin' is set on object 'Object Repository/00_Page_ABB BenGen Authentication/input_pass'

2017-12-05 18:39:54 - [TEST_STEP][PASSED] - click: Object: 'Object Repository/00_Page_ABB BenGen Authentication/button_Login' is clicked on

2017-12-05 18:39:55 - [MESSAGE][PASSED] - Object: 'Object Repository/00_Page_ABB BenGen Authentication/button_Login' is clicked on

2017-12-05 18:39:55 - [TEST_STEP][PASSED] - waitForElementPresent: Object 'Object Repository/00_Page_Aurora Vision BenGen/a_Aurora Vision Backoffice' is present

2017-12-05 18:39:58 - [MESSAGE][PASSED] - Object 'Object Repository/00_Page_Aurora Vision BenGen/a_Aurora Vision Backoffice' is present

2017-12-05 18:39:58 - [TEST_STEP][PASSED] - Statement - selfWindowTitle = com.kms.katalon.core.webui.keyword.WebUiBuiltInKeywords.getWindowTitle(): Current window's title is: 'Aurora Vision BenGen'

2017-12-05 18:39:58 - [MESSAGE][PASSED] - Current window's title is: 'Aurora Vision BenGen'

2017-12-05 18:39:58 - [TEST_STEP][PASSED] - verifyEqual: Actual object 'Aurora Vision BenGen' and expected object 'Aurora Vision BenGen' are equal

2017-12-05 18:39:58 - [MESSAGE][PASSED] - Actual object 'Aurora Vision BenGen' and expected object 'Aurora Vision BenGen' are equal

2017-12-05 18:39:58 - [MESSAGE][PASSED] - Call Test Case 'Test Cases/utilities/TC_0c-Login Corretto - ReUse' successfully

2017-12-05 18:39:58 - [TEST_STEP][PASSED] - Statement - viewPort = com.kms.katalon.core.webui.keyword.WebUiBuiltInKeywords.getViewportWidth(): Viewport width is 1366

2017-12-05 18:39:58 - [MESSAGE][PASSED] - Viewport width is 1366

2017-12-05 18:39:58 - [TEST_STEP][PASSED] - Statement - If (viewPort < 1400): Object: 'Object Repository/00_Page_MenuCheck/MenuResponsiveArrow' is clicked on

2017-12-05 18:39:58 - [TEST_STEP][PASSED] - click: Object: 'Object Repository/00_Page_MenuCheck/MenuResponsiveArrow' is clicked on

2017-12-05 18:39:59 - [MESSAGE][PASSED] - Object: 'Object Repository/00_Page_MenuCheck/MenuResponsiveArrow' is clicked on

2017-12-05 18:39:59 - [TEST_STEP][PASSED] - focus: Object: 'Object Repository/00_Page_MenuCheck/NavArrows/ProdLinesArrow_opn' is focused

2017-12-05 18:39:59 - [MESSAGE][PASSED] - Object: 'Object Repository/00_Page_MenuCheck/NavArrows/ProdLinesArrow_opn' is focused

2017-12-05 18:39:59 - [TEST_STEP][PASSED] - click: Object: 'Object Repository/00_Page_MenuCheck/NavArrows/ProdLinesArrow_opn' is clicked on

2017-12-05 18:39:59 - [MESSAGE][PASSED] - Object: 'Object Repository/00_Page_MenuCheck/NavArrows/ProdLinesArrow_opn' is clicked on

2017-12-05 18:39:59 - [TEST_STEP][PASSED] - focus: Object: 'Object Repository/00_Page_MenuCheck/NavArrows/Bootloaders_cls' is focused

2017-12-05 18:39:59 - [MESSAGE][PASSED] - Object: 'Object Repository/00_Page_MenuCheck/NavArrows/Bootloaders_cls' is focused

2017-12-05 18:39:59 - [TEST_STEP][PASSED] - click: Object: 'Object Repository/00_Page_MenuCheck/NavArrows/Bootloaders_cls' is clicked on

2017-12-05 18:40:00 - [MESSAGE][PASSED] - Object: 'Object Repository/00_Page_MenuCheck/NavArrows/Bootloaders_cls' is clicked on

2017-12-05 18:40:00 - [TEST_STEP][PASSED] - focus: Object: 'Object Repository/00_Page_MenuCheck/VociMenu/12a_Bootloaders_list' is focused

2017-12-05 18:40:00 - [MESSAGE][PASSED] - Object: 'Object Repository/00_Page_MenuCheck/VociMenu/12a_Bootloaders_list' is focused

2017-12-05 18:40:00 - [TEST_STEP][PASSED] - click: Object: 'Object Repository/00_Page_MenuCheck/VociMenu/12a_Bootloaders_list' is clicked on

2017-12-05 18:40:00 - [MESSAGE][PASSED] - Object: 'Object Repository/00_Page_MenuCheck/VociMenu/12a_Bootloaders_list' is clicked on

2017-12-05 18:40:00 - [TEST_STEP][PASSED] - verifyElementPresent: Object 'Object Repository/10_Page_Bootloaders/10a_Page_Bootloaders_List/Intestazioni/01_BootloadersList_title' is present

2017-12-05 18:40:00 - [MESSAGE][PASSED] - Object 'Object Repository/10_Page_Bootloaders/10a_Page_Bootloaders_List/Intestazioni/01_BootloadersList_title' is present

2017-12-05 18:40:00 - [TEST_STEP][PASSED] - verifyElementPresent: Object 'Object Repository/10_Page_Bootloaders/10a_Page_Bootloaders_List/Intestazioni/02_ID' is present

2017-12-05 18:40:00 - [MESSAGE][PASSED] - Object 'Object Repository/10_Page_Bootloaders/10a_Page_Bootloaders_List/Intestazioni/02_ID' is present

2017-12-05 18:40:00 - [TEST_STEP][PASSED] - verifyElementPresent: Object 'Object Repository/10_Page_Bootloaders/10a_Page_Bootloaders_List/Intestazioni/03_FamilyName_select' is present

2017-12-05 18:40:00 - [MESSAGE][PASSED] - Object 'Object Repository/10_Page_Bootloaders/10a_Page_Bootloaders_List/Intestazioni/03_FamilyName_select' is present

2017-12-05 18:40:01 - [TEST_STEP][PASSED] - verifyElementPresent: Object 'Object Repository/10_Page_Bootloaders/10a_Page_Bootloaders_List/Intestazioni/04_Models_select' is present

2017-12-05 18:40:01 - [MESSAGE][PASSED] - Object 'Object Repository/10_Page_Bootloaders/10a_Page_Bootloaders_List/Intestazioni/04_Models_select' is present

2017-12-05 18:40:01 - [TEST_STEP][PASSED] - verifyElementPresent: Object 'Object Repository/10_Page_Bootloaders/10a_Page_Bootloaders_List/Intestazioni/06_Name' is present

2017-12-05 18:40:01 - [MESSAGE][PASSED] - Object 'Object Repository/10_Page_Bootloaders/10a_Page_Bootloaders_List/Intestazioni/06_Name' is present

2017-12-05 18:40:01 - [TEST_STEP][PASSED] - verifyElementPresent: Object 'Object Repository/08_Page_LogicalDevices/Intestazioni/06_SupportsMonolithic' is present

2017-12-05 18:40:01 - [MESSAGE][PASSED] - Object 'Object Repository/08_Page_LogicalDevices/Intestazioni/06_SupportsMonolithic' is present

2017-12-05 18:40:01 - [TEST_STEP][PASSED] - verifyElementPresent: Object 'Object Repository/10_Page_Bootloaders/10a_Page_Bootloaders_List/Intestazioni/07_Created at' is present

2017-12-05 18:40:01 - [MESSAGE][PASSED] - Object 'Object Repository/10_Page_Bootloaders/10a_Page_Bootloaders_List/Intestazioni/07_Created at' is present

2017-12-05 18:40:01 - [TEST_STEP][PASSED] - verifyElementPresent: Object 'Object Repository/10_Page_Bootloaders/10a_Page_Bootloaders_List/Intestazioni/08_MD5 SUM' is present

2017-12-05 18:40:01 - [MESSAGE][PASSED] - Object 'Object Repository/10_Page_Bootloaders/10a_Page_Bootloaders_List/Intestazioni/08_MD5 SUM' is present

2017-12-05 18:40:01 - [TEST_STEP][PASSED] - verifyElementPresent: Object 'Object Repository/10_Page_Bootloaders/10a_Page_Bootloaders_List/Intestazioni/09_Active' is present

2017-12-05 18:40:01 - [MESSAGE][PASSED] - Object 'Object Repository/10_Page_Bootloaders/10a_Page_Bootloaders_List/Intestazioni/09_Active' is present

2017-12-05 18:40:01 - [TEST_STEP][PASSED] - comment: Verifica dei valori con Test Data

2017-12-05 18:40:01 - [TEST_STEP][PASSED] - verifyElementText: Actual text and expected text of test object 'Object Repository/10_Page_Bootloaders/10a_Page_Bootloaders_List/Intestazioni/01_BootloadersList_title' are matched.

2017-12-05 18:40:02 - [MESSAGE][PASSED] - Actual text and expected text of test object 'Object Repository/10_Page_Bootloaders/10a_Page_Bootloaders_List/Intestazioni/01_BootloadersList_title' are matched.

2017-12-05 18:40:02 - [TEST_STEP][PASSED] - verifyElementText: Actual text and expected text of test object 'Object Repository/10_Page_Bootloaders/10a_Page_Bootloaders_List/Intestazioni/02_ID' are matched.

2017-12-05 18:40:03 - [MESSAGE][PASSED] - Actual text and expected text of test object 'Object Repository/10_Page_Bootloaders/10a_Page_Bootloaders_List/Intestazioni/02_ID' are matched.

2017-12-05 18:40:03 - [TEST_STEP][PASSED] - verifyElementText: Actual text and expected text of test object 'Object Repository/10_Page_Bootloaders/10a_Page_Bootloaders_List/Intestazioni/03_FamilyName_select' are matched.

2017-12-05 18:40:03 - [MESSAGE][PASSED] - Actual text and expected text of test object 'Object Repository/10_Page_Bootloaders/10a_Page_Bootloaders_List/Intestazioni/03_FamilyName_select' are matched.

2017-12-05 18:40:03 - [TEST_STEP][PASSED] - verifyElementText: Actual text and expected text of test object 'Object Repository/10_Page_Bootloaders/10a_Page_Bootloaders_List/Intestazioni/04_Models_select' are matched.

2017-12-05 18:40:03 - [MESSAGE][PASSED] - Actual text and expected text of test object 'Object Repository/10_Page_Bootloaders/10a_Page_Bootloaders_List/Intestazioni/04_Models_select' are matched.

2017-12-05 18:40:03 - [TEST_STEP][PASSED] - verifyElementText: Actual text and expected text of test object 'Object Repository/10_Page_Bootloaders/10a_Page_Bootloaders_List/Intestazioni/05_Logical Device' are matched.

2017-12-05 18:40:03 - [MESSAGE][PASSED] - Actual text and expected text of test object 'Object Repository/10_Page_Bootloaders/10a_Page_Bootloaders_List/Intestazioni/05_Logical Device' are matched.

2017-12-05 18:40:03 - [TEST_STEP][PASSED] - verifyElementText: Actual text and expected text of test object 'Object Repository/10_Page_Bootloaders/10a_Page_Bootloaders_List/Intestazioni/06_Name' are matched.

2017-12-05 18:40:03 - [MESSAGE][PASSED] - Actual text and expected text of test object 'Object Repository/10_Page_Bootloaders/10a_Page_Bootloaders_List/Intestazioni/06_Name' are matched.

2017-12-05 18:40:03 - [TEST_STEP][PASSED] - verifyElementText: Actual text and expected text of test object 'Object Repository/10_Page_Bootloaders/10a_Page_Bootloaders_List/Intestazioni/07_Created at' are matched.

2017-12-05 18:40:03 - [MESSAGE][PASSED] - Actual text and expected text of test object 'Object Repository/10_Page_Bootloaders/10a_Page_Bootloaders_List/Intestazioni/07_Created at' are matched.

2017-12-05 18:40:03 - [TEST_STEP][PASSED] - verifyElementText: Actual text and expected text of test object 'Object Repository/10_Page_Bootloaders/10a_Page_Bootloaders_List/Intestazioni/08_MD5 SUM' are matched.

2017-12-05 18:40:03 - [MESSAGE][PASSED] - Actual text and expected text of test object 'Object Repository/10_Page_Bootloaders/10a_Page_Bootloaders_List/Intestazioni/08_MD5 SUM' are matched.

2017-12-05 18:40:03 - [TEST_STEP][PASSED] - verifyElementText: Actual text and expected text of test object 'Object Repository/10_Page_Bootloaders/10a_Page_Bootloaders_List/Intestazioni/09_Active' are matched.

2017-12-05 18:40:04 - [MESSAGE][PASSED] - Actual text and expected text of test object 'Object Repository/10_Page_Bootloaders/10a_Page_Bootloaders_List/Intestazioni/09_Active' are matched.

2017-12-05 18:40:04 - [TEST_STEP][PASSED] - closeBrowser: Browser is closed

2017-12-05 18:40:04 - [MESSAGE][PASSED] - Browser is closed]]></system-out>
         <system-err><![CDATA[]]></system-err>
      </testcase>
      <testcase name="Test Cases/10_Bootloaders/10b_BootloadersNew/TC_10b1_BootloadersNew - Verifica Intestazioni" classname="Test Cases/10_Bootloaders/10b_BootloadersNew/TC_10b1_BootloadersNew - Verifica Intestazioni" status="PASSED">
         <system-out><![CDATA[2017-12-05 18:40:04 - [TEST_CASE][PASSED] - Test Cases/10_Bootloaders/10b_BootloadersNew/TC_10b1_BootloadersNew - Verifica Intestazioni: Test Cases/10_Bootloaders/10b_BootloadersNew/TC_10b1_BootloadersNew - Verifica Intestazioni

2017-12-05 18:40:05 - [TEST_STEP][PASSED] - callTestCase: Call Test Case 'Test Cases/utilities/TC_0c-Login Corretto - ReUse' successfully

2017-12-05 18:40:05 - [TEST_CASE][PASSED] - Test Cases/utilities/TC_0c-Login Corretto - ReUse: Test Cases/utilities/TC_0c-Login Corretto - ReUse

2017-12-05 18:40:05 - [TEST_STEP][PASSED] - callTestCase: Call Test Case 'Test Cases/utilities/TC_0b_apertura pagina di login - ReUse' successfully

2017-12-05 18:40:05 - [TEST_CASE][PASSED] - Test Cases/utilities/TC_0b_apertura pagina di login - ReUse: Test Cases/utilities/TC_0b_apertura pagina di login - ReUse

2017-12-05 18:40:05 - [TEST_STEP][PASSED] - openBrowser: Browser is opened with url: ''

2017-12-05 18:40:11 - [MESSAGE][PASSED] - Browser is opened with url: ''

2017-12-05 18:40:11 - [TEST_STEP][PASSED] - maximizeWindow: Current window maximized

2017-12-05 18:40:14 - [MESSAGE][PASSED] - Current window maximized

2017-12-05 18:40:14 - [TEST_STEP][PASSED] - navigateToUrl: Navigate to 'http://bengen' successfully

2017-12-05 18:40:16 - [MESSAGE][PASSED] - Navigate to 'http://bengen' successfully

2017-12-05 18:40:16 - [TEST_STEP][PASSED] - verifyElementPresent: Object 'Object Repository/00_Page_ABB BenGen Authentication/ABB_logo' is present

2017-12-05 18:40:16 - [MESSAGE][WARNING] - Timeout '0' is invalid. Using default page load timeout: '30'

2017-12-05 18:40:16 - [MESSAGE][PASSED] - Object 'Object Repository/00_Page_ABB BenGen Authentication/ABB_logo' is present

2017-12-05 18:40:16 - [TEST_STEP][PASSED] - verifyElementPresent: Object 'Object Repository/00_Page_ABB BenGen Authentication/input_pass' is present

2017-12-05 18:40:16 - [MESSAGE][WARNING] - Timeout '0' is invalid. Using default page load timeout: '30'

2017-12-05 18:40:16 - [MESSAGE][PASSED] - Object 'Object Repository/00_Page_ABB BenGen Authentication/input_pass' is present

2017-12-05 18:40:16 - [TEST_STEP][PASSED] - verifyElementPresent: Object 'Object Repository/00_Page_ABB BenGen Authentication/input_user' is present

2017-12-05 18:40:16 - [MESSAGE][WARNING] - Timeout '0' is invalid. Using default page load timeout: '30'

2017-12-05 18:40:16 - [MESSAGE][PASSED] - Object 'Object Repository/00_Page_ABB BenGen Authentication/input_user' is present

2017-12-05 18:40:16 - [TEST_STEP][PASSED] - verifyElementPresent: Object 'Object Repository/00_Page_ABB BenGen Authentication/button_Login' is present

2017-12-05 18:40:16 - [MESSAGE][WARNING] - Timeout '0' is invalid. Using default page load timeout: '30'

2017-12-05 18:40:16 - [MESSAGE][PASSED] - Object 'Object Repository/00_Page_ABB BenGen Authentication/button_Login' is present

2017-12-05 18:40:16 - [MESSAGE][PASSED] - Call Test Case 'Test Cases/utilities/TC_0b_apertura pagina di login - ReUse' successfully

2017-12-05 18:40:16 - [TEST_STEP][PASSED] - setText: Text 'admin@admin.it' is set on object 'Object Repository/00_Page_ABB BenGen Authentication/input_user'

2017-12-05 18:40:16 - [MESSAGE][PASSED] - Text 'admin@admin.it' is set on object 'Object Repository/00_Page_ABB BenGen Authentication/input_user'

2017-12-05 18:40:16 - [TEST_STEP][PASSED] - setText: Text 'admin' is set on object 'Object Repository/00_Page_ABB BenGen Authentication/input_pass'

2017-12-05 18:40:16 - [MESSAGE][PASSED] - Text 'admin' is set on object 'Object Repository/00_Page_ABB BenGen Authentication/input_pass'

2017-12-05 18:40:16 - [TEST_STEP][PASSED] - click: Object: 'Object Repository/00_Page_ABB BenGen Authentication/button_Login' is clicked on

2017-12-05 18:40:17 - [MESSAGE][PASSED] - Object: 'Object Repository/00_Page_ABB BenGen Authentication/button_Login' is clicked on

2017-12-05 18:40:17 - [TEST_STEP][PASSED] - waitForElementPresent: Object 'Object Repository/00_Page_Aurora Vision BenGen/a_Aurora Vision Backoffice' is present

2017-12-05 18:40:20 - [MESSAGE][PASSED] - Object 'Object Repository/00_Page_Aurora Vision BenGen/a_Aurora Vision Backoffice' is present

2017-12-05 18:40:20 - [TEST_STEP][PASSED] - Statement - selfWindowTitle = com.kms.katalon.core.webui.keyword.WebUiBuiltInKeywords.getWindowTitle(): Current window's title is: 'Aurora Vision BenGen'

2017-12-05 18:40:20 - [MESSAGE][PASSED] - Current window's title is: 'Aurora Vision BenGen'

2017-12-05 18:40:20 - [TEST_STEP][PASSED] - verifyEqual: Actual object 'Aurora Vision BenGen' and expected object 'Aurora Vision BenGen' are equal

2017-12-05 18:40:20 - [MESSAGE][PASSED] - Actual object 'Aurora Vision BenGen' and expected object 'Aurora Vision BenGen' are equal

2017-12-05 18:40:20 - [MESSAGE][PASSED] - Call Test Case 'Test Cases/utilities/TC_0c-Login Corretto - ReUse' successfully

2017-12-05 18:40:20 - [TEST_STEP][PASSED] - Statement - viewPort = com.kms.katalon.core.webui.keyword.WebUiBuiltInKeywords.getViewportWidth(): Viewport width is 1366

2017-12-05 18:40:20 - [MESSAGE][PASSED] - Viewport width is 1366

2017-12-05 18:40:20 - [TEST_STEP][PASSED] - Statement - If (viewPort < 1400): Object: 'Object Repository/00_Page_MenuCheck/MenuResponsiveArrow' is clicked on

2017-12-05 18:40:20 - [TEST_STEP][PASSED] - click: Object: 'Object Repository/00_Page_MenuCheck/MenuResponsiveArrow' is clicked on

2017-12-05 18:40:21 - [MESSAGE][PASSED] - Object: 'Object Repository/00_Page_MenuCheck/MenuResponsiveArrow' is clicked on

2017-12-05 18:40:21 - [TEST_STEP][PASSED] - focus: Object: 'Object Repository/00_Page_MenuCheck/NavArrows/ProdLinesArrow_opn' is focused

2017-12-05 18:40:21 - [MESSAGE][PASSED] - Object: 'Object Repository/00_Page_MenuCheck/NavArrows/ProdLinesArrow_opn' is focused

2017-12-05 18:40:21 - [TEST_STEP][PASSED] - click: Object: 'Object Repository/00_Page_MenuCheck/NavArrows/ProdLinesArrow_opn' is clicked on

2017-12-05 18:40:21 - [MESSAGE][PASSED] - Object: 'Object Repository/00_Page_MenuCheck/NavArrows/ProdLinesArrow_opn' is clicked on

2017-12-05 18:40:21 - [TEST_STEP][PASSED] - focus: Object: 'Object Repository/00_Page_MenuCheck/NavArrows/Bootloaders_cls' is focused

2017-12-05 18:40:22 - [MESSAGE][PASSED] - Object: 'Object Repository/00_Page_MenuCheck/NavArrows/Bootloaders_cls' is focused

2017-12-05 18:40:22 - [TEST_STEP][PASSED] - click: Object: 'Object Repository/00_Page_MenuCheck/NavArrows/Bootloaders_cls' is clicked on

2017-12-05 18:40:22 - [MESSAGE][PASSED] - Object: 'Object Repository/00_Page_MenuCheck/NavArrows/Bootloaders_cls' is clicked on

2017-12-05 18:40:22 - [TEST_STEP][PASSED] - focus: Object: 'Object Repository/00_Page_MenuCheck/VociMenu/12b_Bootloaders_new' is focused

2017-12-05 18:40:22 - [MESSAGE][PASSED] - Object: 'Object Repository/00_Page_MenuCheck/VociMenu/12b_Bootloaders_new' is focused

2017-12-05 18:40:22 - [TEST_STEP][PASSED] - click: Object: 'Object Repository/00_Page_MenuCheck/VociMenu/12b_Bootloaders_new' is clicked on

2017-12-05 18:40:22 - [MESSAGE][PASSED] - Object: 'Object Repository/00_Page_MenuCheck/VociMenu/12b_Bootloaders_new' is clicked on

2017-12-05 18:40:22 - [TEST_STEP][PASSED] - verifyElementPresent: Object 'Object Repository/10_Page_Bootloaders/10b_Page_Bootloaders_New/Intestazioni/01_NewBootloader_title' is present

2017-12-05 18:40:23 - [MESSAGE][PASSED] - Object 'Object Repository/10_Page_Bootloaders/10b_Page_Bootloaders_New/Intestazioni/01_NewBootloader_title' is present

2017-12-05 18:40:23 - [TEST_STEP][PASSED] - verifyElementPresent: Object 'Object Repository/10_Page_Bootloaders/10b_Page_Bootloaders_New/Intestazioni/02_ProductFamily' is present

2017-12-05 18:40:23 - [MESSAGE][PASSED] - Object 'Object Repository/10_Page_Bootloaders/10b_Page_Bootloaders_New/Intestazioni/02_ProductFamily' is present

2017-12-05 18:40:23 - [TEST_STEP][PASSED] - verifyElementPresent: Object 'Object Repository/10_Page_Bootloaders/10b_Page_Bootloaders_New/Intestazioni/03_SelectProductFamily_sel' is present

2017-12-05 18:40:23 - [MESSAGE][PASSED] - Object 'Object Repository/10_Page_Bootloaders/10b_Page_Bootloaders_New/Intestazioni/03_SelectProductFamily_sel' is present

2017-12-05 18:40:23 - [TEST_STEP][PASSED] - comment: Verifica dei valori con Test Data

2017-12-05 18:40:23 - [TEST_STEP][PASSED] - verifyElementText: Actual text and expected text of test object 'Object Repository/10_Page_Bootloaders/10b_Page_Bootloaders_New/Intestazioni/01_NewBootloader_title' are matched.

2017-12-05 18:40:23 - [MESSAGE][PASSED] - Actual text and expected text of test object 'Object Repository/10_Page_Bootloaders/10b_Page_Bootloaders_New/Intestazioni/01_NewBootloader_title' are matched.

2017-12-05 18:40:23 - [TEST_STEP][PASSED] - verifyElementText: Actual text and expected text of test object 'Object Repository/10_Page_Bootloaders/10b_Page_Bootloaders_New/Intestazioni/02_ProductFamily' are matched.

2017-12-05 18:40:23 - [MESSAGE][PASSED] - Actual text and expected text of test object 'Object Repository/10_Page_Bootloaders/10b_Page_Bootloaders_New/Intestazioni/02_ProductFamily' are matched.

2017-12-05 18:40:23 - [TEST_STEP][NOT_RUN] - verifyElementText: NOT_RUN: verifyElementText

2017-12-05 18:40:23 - [MESSAGE][NOT_RUN] - NOT_RUN: verifyElementText

2017-12-05 18:40:23 - [TEST_STEP][PASSED] - closeBrowser: Browser is closed

2017-12-05 18:40:23 - [MESSAGE][PASSED] - Browser is closed]]></system-out>
         <system-err><![CDATA[]]></system-err>
      </testcase>
      <system-out><![CDATA[2017-12-05 18:39:40 - [TEST_SUITE][PASSED] - TS_10_Bootloaders: Test Cases/10_Bootloaders/10b_BootloadersNew/TC_10b1_BootloadersNew - Verifica Intestazioni]]></system-out>
      <system-err><![CDATA[]]></system-err>
   </testsuite>
</testsuites>
