<?xml version="1.0" encoding="UTF-8"?>
<testsuites name="FullSuite" time="101" tests="8" failures="1" errors="0">
   <testsuite name="FullSuite" tests="8" failures="1" errors="0" time="101" timestamp="2017-10-30 09:20:18" hostname="WorkPC - WorkPC" id="Test Suites/FullSuite">
      <properties>
         <property name="deviceName" value=""/>
         <property name="devicePlatform" value=""/>
         <property name="logFolder" value="D:\\ABB\\ABB_KatTest1\\ABB_Test_Test\\Reports\\FullSuite\\20171030_092008"/>
         <property name="logFiles" value="D:\\ABB\\ABB_KatTest1\\ABB_Test_Test\\Reports\\FullSuite\\20171030_092008\\execution0.log"/>
         <property name="attachments" value="D:\\ABB\\ABB_KatTest1\\ABB_Test_Test\\Reports\\FullSuite\\20171030_092008\\1509351693900.png, D:\\ABB\\ABB_KatTest1\\ABB_Test_Test\\Reports\\FullSuite\\20171030_092008\\1509351694313.png"/>
         <property name="hostName" value="WorkPC - WorkPC"/>
         <property name="os" value="Windows 10 64bit"/>
         <property name="katalonVersion" value="5.0.0.1"/>
         <property name="browser" value="Chrome 61.0.3163.100"/>
         <property name="hostAddress" value="192.168.56.1"/>
         <property name="sessionId" value="c02cbaf40278a2fae798f4ddcdafb750"/>
         <property name="seleniumVersion" value="2.53.0"/>
         <property name="proxyInformation" value="ProxyInformation{proxyOption=NO_PROXY, proxyServerType=HTTP, password=, proxyServerAddress=, proxyServerPort=0}"/>
         <property name="platform" value="Windows 10"/>
      </properties>
      <testcase name="Test Cases/page1_loginPage/TC_01_apertura pagina di login-closeBrowser" classname="Test Cases/page1_loginPage/TC_01_apertura pagina di login-closeBrowser" status="PASSED">
         <system-out><![CDATA[2017-10-30 09:20:19 - [TEST_CASE][PASSED] - Test Cases/page1_loginPage/TC_01_apertura pagina di login-closeBrowser: Test Cases/page1_loginPage/TC_01_apertura pagina di login-closeBrowser

2017-10-30 09:20:20 - [TEST_STEP][PASSED] - openBrowser: Browser is opened with url: ''

2017-10-30 09:20:26 - [MESSAGE][PASSED] - Browser is opened with url: ''

2017-10-30 09:20:26 - [TEST_STEP][PASSED] - maximizeWindow: Current window maximized

2017-10-30 09:20:28 - [MESSAGE][PASSED] - Current window maximized

2017-10-30 09:20:28 - [TEST_STEP][PASSED] - navigateToUrl: Navigate to 'http://bengen' successfully

2017-10-30 09:20:29 - [MESSAGE][PASSED] - Navigate to 'http://bengen' successfully

2017-10-30 09:20:29 - [TEST_STEP][PASSED] - verifyElementPresent: Object 'Object Repository/Page_ABB BenGen Authentication/ABB_logo' is present

2017-10-30 09:20:29 - [MESSAGE][WARNING] - Timeout '0' is invalid. Using default page load timeout: '30'

2017-10-30 09:20:29 - [MESSAGE][PASSED] - Object 'Object Repository/Page_ABB BenGen Authentication/ABB_logo' is present

2017-10-30 09:20:29 - [TEST_STEP][PASSED] - verifyElementPresent: Object 'Object Repository/Page_ABB BenGen Authentication/input_user' is present

2017-10-30 09:20:29 - [MESSAGE][WARNING] - Timeout '0' is invalid. Using default page load timeout: '30'

2017-10-30 09:20:29 - [MESSAGE][PASSED] - Object 'Object Repository/Page_ABB BenGen Authentication/input_user' is present

2017-10-30 09:20:29 - [TEST_STEP][PASSED] - verifyElementPresent: Object 'Object Repository/Page_ABB BenGen Authentication/input_pass' is present

2017-10-30 09:20:29 - [MESSAGE][WARNING] - Timeout '0' is invalid. Using default page load timeout: '30'

2017-10-30 09:20:29 - [MESSAGE][PASSED] - Object 'Object Repository/Page_ABB BenGen Authentication/input_pass' is present

2017-10-30 09:20:29 - [TEST_STEP][PASSED] - verifyElementPresent: Object 'Object Repository/Page_ABB BenGen Authentication/button_Login' is present

2017-10-30 09:20:29 - [MESSAGE][WARNING] - Timeout '0' is invalid. Using default page load timeout: '30'

2017-10-30 09:20:29 - [MESSAGE][PASSED] - Object 'Object Repository/Page_ABB BenGen Authentication/button_Login' is present

2017-10-30 09:20:29 - [TEST_STEP][PASSED] - closeBrowser: Browser is closed

2017-10-30 09:20:31 - [MESSAGE][PASSED] - Browser is closed]]></system-out>
         <system-err><![CDATA[]]></system-err>
      </testcase>
      <testcase name="Test Cases/page1_loginPage/TC_02_Credenziali corrette" classname="Test Cases/page1_loginPage/TC_02_Credenziali corrette" status="PASSED">
         <system-out><![CDATA[2017-10-30 09:20:31 - [TEST_CASE][PASSED] - Test Cases/page1_loginPage/TC_02_Credenziali corrette: Test Cases/page1_loginPage/TC_02_Credenziali corrette

2017-10-30 09:20:32 - [TEST_STEP][PASSED] - callTestCase: Call Test Case 'Test Cases/utilities/TC_0b_apertura pagina di login - ReUse' successfully

2017-10-30 09:20:32 - [TEST_CASE][PASSED] - Test Cases/utilities/TC_0b_apertura pagina di login - ReUse: Test Cases/utilities/TC_0b_apertura pagina di login - ReUse

2017-10-30 09:20:32 - [TEST_STEP][PASSED] - openBrowser: Browser is opened with url: ''

2017-10-30 09:20:35 - [MESSAGE][PASSED] - Browser is opened with url: ''

2017-10-30 09:20:35 - [TEST_STEP][PASSED] - maximizeWindow: Current window maximized

2017-10-30 09:20:36 - [MESSAGE][PASSED] - Current window maximized

2017-10-30 09:20:36 - [TEST_STEP][PASSED] - navigateToUrl: Navigate to 'http://bengen' successfully

2017-10-30 09:20:37 - [MESSAGE][PASSED] - Navigate to 'http://bengen' successfully

2017-10-30 09:20:37 - [TEST_STEP][PASSED] - verifyElementPresent: Object 'Object Repository/Page_ABB BenGen Authentication/ABB_logo' is present

2017-10-30 09:20:37 - [MESSAGE][WARNING] - Timeout '0' is invalid. Using default page load timeout: '30'

2017-10-30 09:20:37 - [MESSAGE][PASSED] - Object 'Object Repository/Page_ABB BenGen Authentication/ABB_logo' is present

2017-10-30 09:20:37 - [TEST_STEP][PASSED] - verifyElementPresent: Object 'Object Repository/Page_ABB BenGen Authentication/input_pass' is present

2017-10-30 09:20:37 - [MESSAGE][WARNING] - Timeout '0' is invalid. Using default page load timeout: '30'

2017-10-30 09:20:37 - [MESSAGE][PASSED] - Object 'Object Repository/Page_ABB BenGen Authentication/input_pass' is present

2017-10-30 09:20:37 - [TEST_STEP][PASSED] - verifyElementPresent: Object 'Object Repository/Page_ABB BenGen Authentication/input_user' is present

2017-10-30 09:20:37 - [MESSAGE][WARNING] - Timeout '0' is invalid. Using default page load timeout: '30'

2017-10-30 09:20:37 - [MESSAGE][PASSED] - Object 'Object Repository/Page_ABB BenGen Authentication/input_user' is present

2017-10-30 09:20:37 - [TEST_STEP][PASSED] - verifyElementPresent: Object 'Object Repository/Page_ABB BenGen Authentication/button_Login' is present

2017-10-30 09:20:37 - [MESSAGE][WARNING] - Timeout '0' is invalid. Using default page load timeout: '30'

2017-10-30 09:20:37 - [MESSAGE][PASSED] - Object 'Object Repository/Page_ABB BenGen Authentication/button_Login' is present

2017-10-30 09:20:37 - [MESSAGE][PASSED] - Call Test Case 'Test Cases/utilities/TC_0b_apertura pagina di login - ReUse' successfully

2017-10-30 09:20:37 - [TEST_STEP][PASSED] - setText: Text 'admin@admin.it' is set on object 'Object Repository/Page_ABB BenGen Authentication/input_user'

2017-10-30 09:20:38 - [MESSAGE][PASSED] - Text 'admin@admin.it' is set on object 'Object Repository/Page_ABB BenGen Authentication/input_user'

2017-10-30 09:20:38 - [TEST_STEP][PASSED] - setText: Text 'admin' is set on object 'Object Repository/Page_ABB BenGen Authentication/input_pass'

2017-10-30 09:20:38 - [MESSAGE][PASSED] - Text 'admin' is set on object 'Object Repository/Page_ABB BenGen Authentication/input_pass'

2017-10-30 09:20:38 - [TEST_STEP][PASSED] - click: Object: 'Object Repository/Page_ABB BenGen Authentication/button_Login' is clicked on

2017-10-30 09:20:39 - [MESSAGE][PASSED] - Object: 'Object Repository/Page_ABB BenGen Authentication/button_Login' is clicked on

2017-10-30 09:20:39 - [TEST_STEP][PASSED] - waitForElementPresent: Object 'Object Repository/Page_Aurora Vision BenGen/a_Aurora Vision Backoffice' is present

2017-10-30 09:20:42 - [MESSAGE][PASSED] - Object 'Object Repository/Page_Aurora Vision BenGen/a_Aurora Vision Backoffice' is present

2017-10-30 09:20:42 - [TEST_STEP][PASSED] - Statement - selfWindowTitle = com.kms.katalon.core.webui.keyword.WebUiBuiltInKeywords.getWindowTitle(): Current window's title is: 'Aurora Vision BenGen'

2017-10-30 09:20:42 - [MESSAGE][PASSED] - Current window's title is: 'Aurora Vision BenGen'

2017-10-30 09:20:42 - [TEST_STEP][PASSED] - verifyEqual: Actual object 'Aurora Vision BenGen' and expected object 'Aurora Vision BenGen' are equal

2017-10-30 09:20:42 - [MESSAGE][PASSED] - Actual object 'Aurora Vision BenGen' and expected object 'Aurora Vision BenGen' are equal

2017-10-30 09:20:42 - [TEST_STEP][PASSED] - Statement - selfUrl = com.kms.katalon.core.webui.keyword.WebUiBuiltInKeywords.getUrl(): Current window's url is: 'http://bengen/build/#!/product-lines'

2017-10-30 09:20:42 - [MESSAGE][PASSED] - Current window's url is: 'http://bengen/build/#!/product-lines'

2017-10-30 09:20:42 - [TEST_STEP][PASSED] - verifyEqual: Actual object 'http://bengen/build/#!/product-lines' and expected object 'http://bengen/build/#!/product-lines' are equal

2017-10-30 09:20:42 - [MESSAGE][PASSED] - Actual object 'http://bengen/build/#!/product-lines' and expected object 'http://bengen/build/#!/product-lines' are equal

2017-10-30 09:20:42 - [TEST_STEP][PASSED] - closeBrowser: Browser is closed

2017-10-30 09:20:43 - [MESSAGE][PASSED] - Browser is closed]]></system-out>
         <system-err><![CDATA[]]></system-err>
      </testcase>
      <testcase name="Test Cases/page1_loginPage/TC_03_Credenziali vuote" classname="Test Cases/page1_loginPage/TC_03_Credenziali vuote" status="PASSED">
         <system-out><![CDATA[2017-10-30 09:20:43 - [TEST_CASE][PASSED] - Test Cases/page1_loginPage/TC_03_Credenziali vuote: Test Cases/page1_loginPage/TC_03_Credenziali vuote

2017-10-30 09:20:43 - [TEST_STEP][PASSED] - callTestCase: Call Test Case 'Test Cases/utilities/TC_0b_apertura pagina di login - ReUse' successfully

2017-10-30 09:20:43 - [TEST_CASE][PASSED] - Test Cases/utilities/TC_0b_apertura pagina di login - ReUse: Test Cases/utilities/TC_0b_apertura pagina di login - ReUse

2017-10-30 09:20:43 - [TEST_STEP][PASSED] - openBrowser: Browser is opened with url: ''

2017-10-30 09:20:45 - [MESSAGE][PASSED] - Browser is opened with url: ''

2017-10-30 09:20:45 - [TEST_STEP][PASSED] - maximizeWindow: Current window maximized

2017-10-30 09:20:46 - [MESSAGE][PASSED] - Current window maximized

2017-10-30 09:20:46 - [TEST_STEP][PASSED] - navigateToUrl: Navigate to 'http://bengen' successfully

2017-10-30 09:20:47 - [MESSAGE][PASSED] - Navigate to 'http://bengen' successfully

2017-10-30 09:20:47 - [TEST_STEP][PASSED] - verifyElementPresent: Object 'Object Repository/Page_ABB BenGen Authentication/ABB_logo' is present

2017-10-30 09:20:47 - [MESSAGE][WARNING] - Timeout '0' is invalid. Using default page load timeout: '30'

2017-10-30 09:20:47 - [MESSAGE][PASSED] - Object 'Object Repository/Page_ABB BenGen Authentication/ABB_logo' is present

2017-10-30 09:20:47 - [TEST_STEP][PASSED] - verifyElementPresent: Object 'Object Repository/Page_ABB BenGen Authentication/input_pass' is present

2017-10-30 09:20:47 - [MESSAGE][WARNING] - Timeout '0' is invalid. Using default page load timeout: '30'

2017-10-30 09:20:47 - [MESSAGE][PASSED] - Object 'Object Repository/Page_ABB BenGen Authentication/input_pass' is present

2017-10-30 09:20:47 - [TEST_STEP][PASSED] - verifyElementPresent: Object 'Object Repository/Page_ABB BenGen Authentication/input_user' is present

2017-10-30 09:20:47 - [MESSAGE][WARNING] - Timeout '0' is invalid. Using default page load timeout: '30'

2017-10-30 09:20:47 - [MESSAGE][PASSED] - Object 'Object Repository/Page_ABB BenGen Authentication/input_user' is present

2017-10-30 09:20:47 - [TEST_STEP][PASSED] - verifyElementPresent: Object 'Object Repository/Page_ABB BenGen Authentication/button_Login' is present

2017-10-30 09:20:47 - [MESSAGE][WARNING] - Timeout '0' is invalid. Using default page load timeout: '30'

2017-10-30 09:20:48 - [MESSAGE][PASSED] - Object 'Object Repository/Page_ABB BenGen Authentication/button_Login' is present

2017-10-30 09:20:48 - [MESSAGE][PASSED] - Call Test Case 'Test Cases/utilities/TC_0b_apertura pagina di login - ReUse' successfully

2017-10-30 09:20:48 - [TEST_STEP][PASSED] - setText: Text '' is set on object 'Object Repository/Page_ABB BenGen Authentication/input_user'

2017-10-30 09:20:48 - [MESSAGE][PASSED] - Text '' is set on object 'Object Repository/Page_ABB BenGen Authentication/input_user'

2017-10-30 09:20:48 - [TEST_STEP][PASSED] - setText: Text '' is set on object 'Object Repository/Page_ABB BenGen Authentication/input_pass'

2017-10-30 09:20:48 - [MESSAGE][PASSED] - Text '' is set on object 'Object Repository/Page_ABB BenGen Authentication/input_pass'

2017-10-30 09:20:48 - [TEST_STEP][PASSED] - click: Object: 'Object Repository/Page_ABB BenGen Authentication/button_Login' is clicked on

2017-10-30 09:20:48 - [MESSAGE][PASSED] - Object: 'Object Repository/Page_ABB BenGen Authentication/button_Login' is clicked on

2017-10-30 09:20:48 - [TEST_STEP][PASSED] - verifyElementVisible: Object 'Object Repository/Page_ABB BenGen Authentication/div_toast toast-error' is visible

2017-10-30 09:20:48 - [MESSAGE][PASSED] - Object 'Object Repository/Page_ABB BenGen Authentication/div_toast toast-error' is visible

2017-10-30 09:20:48 - [TEST_STEP][PASSED] - closeBrowser: Browser is closed

2017-10-30 09:20:49 - [MESSAGE][PASSED] - Browser is closed]]></system-out>
         <system-err><![CDATA[]]></system-err>
      </testcase>
      <testcase name="Test Cases/page1_loginPage/TC_04_Credenziali  - pass no" classname="Test Cases/page1_loginPage/TC_04_Credenziali  - pass no" status="PASSED">
         <system-out><![CDATA[2017-10-30 09:20:49 - [TEST_CASE][PASSED] - Test Cases/page1_loginPage/TC_04_Credenziali  - pass no: Test Cases/page1_loginPage/TC_04_Credenziali  - pass no

2017-10-30 09:20:50 - [TEST_STEP][PASSED] - callTestCase: Call Test Case 'Test Cases/utilities/TC_0b_apertura pagina di login - ReUse' successfully

2017-10-30 09:20:50 - [TEST_CASE][PASSED] - Test Cases/utilities/TC_0b_apertura pagina di login - ReUse: Test Cases/utilities/TC_0b_apertura pagina di login - ReUse

2017-10-30 09:20:50 - [TEST_STEP][PASSED] - openBrowser: Browser is opened with url: ''

2017-10-30 09:20:52 - [MESSAGE][PASSED] - Browser is opened with url: ''

2017-10-30 09:20:52 - [TEST_STEP][PASSED] - maximizeWindow: Current window maximized

2017-10-30 09:20:53 - [MESSAGE][PASSED] - Current window maximized

2017-10-30 09:20:53 - [TEST_STEP][PASSED] - navigateToUrl: Navigate to 'http://bengen' successfully

2017-10-30 09:20:54 - [MESSAGE][PASSED] - Navigate to 'http://bengen' successfully

2017-10-30 09:20:54 - [TEST_STEP][PASSED] - verifyElementPresent: Object 'Object Repository/Page_ABB BenGen Authentication/ABB_logo' is present

2017-10-30 09:20:54 - [MESSAGE][WARNING] - Timeout '0' is invalid. Using default page load timeout: '30'

2017-10-30 09:20:54 - [MESSAGE][PASSED] - Object 'Object Repository/Page_ABB BenGen Authentication/ABB_logo' is present

2017-10-30 09:20:54 - [TEST_STEP][PASSED] - verifyElementPresent: Object 'Object Repository/Page_ABB BenGen Authentication/input_pass' is present

2017-10-30 09:20:54 - [MESSAGE][WARNING] - Timeout '0' is invalid. Using default page load timeout: '30'

2017-10-30 09:20:54 - [MESSAGE][PASSED] - Object 'Object Repository/Page_ABB BenGen Authentication/input_pass' is present

2017-10-30 09:20:54 - [TEST_STEP][PASSED] - verifyElementPresent: Object 'Object Repository/Page_ABB BenGen Authentication/input_user' is present

2017-10-30 09:20:54 - [MESSAGE][WARNING] - Timeout '0' is invalid. Using default page load timeout: '30'

2017-10-30 09:20:54 - [MESSAGE][PASSED] - Object 'Object Repository/Page_ABB BenGen Authentication/input_user' is present

2017-10-30 09:20:54 - [TEST_STEP][PASSED] - verifyElementPresent: Object 'Object Repository/Page_ABB BenGen Authentication/button_Login' is present

2017-10-30 09:20:54 - [MESSAGE][WARNING] - Timeout '0' is invalid. Using default page load timeout: '30'

2017-10-30 09:20:54 - [MESSAGE][PASSED] - Object 'Object Repository/Page_ABB BenGen Authentication/button_Login' is present

2017-10-30 09:20:54 - [MESSAGE][PASSED] - Call Test Case 'Test Cases/utilities/TC_0b_apertura pagina di login - ReUse' successfully

2017-10-30 09:20:54 - [TEST_STEP][PASSED] - setText: Text 'pinco@pallino.it' is set on object 'Object Repository/Page_ABB BenGen Authentication/input_user'

2017-10-30 09:20:55 - [MESSAGE][PASSED] - Text 'pinco@pallino.it' is set on object 'Object Repository/Page_ABB BenGen Authentication/input_user'

2017-10-30 09:20:55 - [TEST_STEP][PASSED] - setText: Text 'pallino' is set on object 'Object Repository/Page_ABB BenGen Authentication/input_pass'

2017-10-30 09:20:55 - [MESSAGE][PASSED] - Text 'pallino' is set on object 'Object Repository/Page_ABB BenGen Authentication/input_pass'

2017-10-30 09:20:55 - [TEST_STEP][PASSED] - click: Object: 'Object Repository/Page_ABB BenGen Authentication/button_Login' is clicked on

2017-10-30 09:20:55 - [MESSAGE][PASSED] - Object: 'Object Repository/Page_ABB BenGen Authentication/button_Login' is clicked on

2017-10-30 09:20:55 - [TEST_STEP][PASSED] - verifyElementVisible: Object 'Object Repository/Page_ABB BenGen Authentication/div_toast toast-error' is visible

2017-10-30 09:20:55 - [MESSAGE][PASSED] - Object 'Object Repository/Page_ABB BenGen Authentication/div_toast toast-error' is visible

2017-10-30 09:20:55 - [TEST_STEP][PASSED] - closeBrowser: Browser is closed

2017-10-30 09:20:56 - [MESSAGE][PASSED] - Browser is closed]]></system-out>
         <system-err><![CDATA[]]></system-err>
      </testcase>
      <testcase name="Test Cases/page1_loginPage/TC_06_Credenziali - user no" classname="Test Cases/page1_loginPage/TC_06_Credenziali - user no" status="PASSED">
         <system-out><![CDATA[2017-10-30 09:20:56 - [TEST_CASE][PASSED] - Test Cases/page1_loginPage/TC_06_Credenziali - user no: Test Cases/page1_loginPage/TC_06_Credenziali - user no

2017-10-30 09:20:57 - [TEST_STEP][PASSED] - callTestCase: Call Test Case 'Test Cases/utilities/TC_0b_apertura pagina di login - ReUse' successfully

2017-10-30 09:20:57 - [TEST_CASE][PASSED] - Test Cases/utilities/TC_0b_apertura pagina di login - ReUse: Test Cases/utilities/TC_0b_apertura pagina di login - ReUse

2017-10-30 09:20:57 - [TEST_STEP][PASSED] - openBrowser: Browser is opened with url: ''

2017-10-30 09:20:59 - [MESSAGE][PASSED] - Browser is opened with url: ''

2017-10-30 09:20:59 - [TEST_STEP][PASSED] - maximizeWindow: Current window maximized

2017-10-30 09:21:01 - [MESSAGE][PASSED] - Current window maximized

2017-10-30 09:21:01 - [TEST_STEP][PASSED] - navigateToUrl: Navigate to 'http://bengen' successfully

2017-10-30 09:21:01 - [MESSAGE][PASSED] - Navigate to 'http://bengen' successfully

2017-10-30 09:21:01 - [TEST_STEP][PASSED] - verifyElementPresent: Object 'Object Repository/Page_ABB BenGen Authentication/ABB_logo' is present

2017-10-30 09:21:01 - [MESSAGE][WARNING] - Timeout '0' is invalid. Using default page load timeout: '30'

2017-10-30 09:21:01 - [MESSAGE][PASSED] - Object 'Object Repository/Page_ABB BenGen Authentication/ABB_logo' is present

2017-10-30 09:21:01 - [TEST_STEP][PASSED] - verifyElementPresent: Object 'Object Repository/Page_ABB BenGen Authentication/input_pass' is present

2017-10-30 09:21:01 - [MESSAGE][WARNING] - Timeout '0' is invalid. Using default page load timeout: '30'

2017-10-30 09:21:02 - [MESSAGE][PASSED] - Object 'Object Repository/Page_ABB BenGen Authentication/input_pass' is present

2017-10-30 09:21:02 - [TEST_STEP][PASSED] - verifyElementPresent: Object 'Object Repository/Page_ABB BenGen Authentication/input_user' is present

2017-10-30 09:21:02 - [MESSAGE][WARNING] - Timeout '0' is invalid. Using default page load timeout: '30'

2017-10-30 09:21:02 - [MESSAGE][PASSED] - Object 'Object Repository/Page_ABB BenGen Authentication/input_user' is present

2017-10-30 09:21:02 - [TEST_STEP][PASSED] - verifyElementPresent: Object 'Object Repository/Page_ABB BenGen Authentication/button_Login' is present

2017-10-30 09:21:02 - [MESSAGE][WARNING] - Timeout '0' is invalid. Using default page load timeout: '30'

2017-10-30 09:21:02 - [MESSAGE][PASSED] - Object 'Object Repository/Page_ABB BenGen Authentication/button_Login' is present

2017-10-30 09:21:02 - [MESSAGE][PASSED] - Call Test Case 'Test Cases/utilities/TC_0b_apertura pagina di login - ReUse' successfully

2017-10-30 09:21:02 - [TEST_STEP][PASSED] - setText: Text 'pinco@pallino.it' is set on object 'Object Repository/Page_ABB BenGen Authentication/input_user'

2017-10-30 09:21:02 - [MESSAGE][PASSED] - Text 'pinco@pallino.it' is set on object 'Object Repository/Page_ABB BenGen Authentication/input_user'

2017-10-30 09:21:02 - [TEST_STEP][PASSED] - setText: Text 'pallino' is set on object 'Object Repository/Page_ABB BenGen Authentication/input_pass'

2017-10-30 09:21:02 - [MESSAGE][PASSED] - Text 'pallino' is set on object 'Object Repository/Page_ABB BenGen Authentication/input_pass'

2017-10-30 09:21:02 - [TEST_STEP][PASSED] - click: Object: 'Object Repository/Page_ABB BenGen Authentication/button_Login' is clicked on

2017-10-30 09:21:03 - [MESSAGE][PASSED] - Object: 'Object Repository/Page_ABB BenGen Authentication/button_Login' is clicked on

2017-10-30 09:21:03 - [TEST_STEP][PASSED] - verifyElementVisible: Object 'Object Repository/Page_ABB BenGen Authentication/div_toast toast-error' is visible

2017-10-30 09:21:03 - [MESSAGE][PASSED] - Object 'Object Repository/Page_ABB BenGen Authentication/div_toast toast-error' is visible

2017-10-30 09:21:03 - [TEST_STEP][PASSED] - closeBrowser: Browser is closed

2017-10-30 09:21:04 - [MESSAGE][PASSED] - Browser is closed]]></system-out>
         <system-err><![CDATA[]]></system-err>
      </testcase>
      <testcase name="Test Cases/page1_loginPage/TC_06_Credenziali Errate" classname="Test Cases/page1_loginPage/TC_06_Credenziali Errate" status="PASSED">
         <system-out><![CDATA[2017-10-30 09:21:04 - [TEST_CASE][PASSED] - Test Cases/page1_loginPage/TC_06_Credenziali Errate: Test Cases/page1_loginPage/TC_06_Credenziali Errate

2017-10-30 09:21:04 - [TEST_STEP][PASSED] - callTestCase: Call Test Case 'Test Cases/utilities/TC_0b_apertura pagina di login - ReUse' successfully

2017-10-30 09:21:04 - [TEST_CASE][PASSED] - Test Cases/utilities/TC_0b_apertura pagina di login - ReUse: Test Cases/utilities/TC_0b_apertura pagina di login - ReUse

2017-10-30 09:21:04 - [TEST_STEP][PASSED] - openBrowser: Browser is opened with url: ''

2017-10-30 09:21:06 - [MESSAGE][PASSED] - Browser is opened with url: ''

2017-10-30 09:21:06 - [TEST_STEP][PASSED] - maximizeWindow: Current window maximized

2017-10-30 09:21:07 - [MESSAGE][PASSED] - Current window maximized

2017-10-30 09:21:07 - [TEST_STEP][PASSED] - navigateToUrl: Navigate to 'http://bengen' successfully

2017-10-30 09:21:08 - [MESSAGE][PASSED] - Navigate to 'http://bengen' successfully

2017-10-30 09:21:08 - [TEST_STEP][PASSED] - verifyElementPresent: Object 'Object Repository/Page_ABB BenGen Authentication/ABB_logo' is present

2017-10-30 09:21:08 - [MESSAGE][WARNING] - Timeout '0' is invalid. Using default page load timeout: '30'

2017-10-30 09:21:08 - [MESSAGE][PASSED] - Object 'Object Repository/Page_ABB BenGen Authentication/ABB_logo' is present

2017-10-30 09:21:08 - [TEST_STEP][PASSED] - verifyElementPresent: Object 'Object Repository/Page_ABB BenGen Authentication/input_pass' is present

2017-10-30 09:21:08 - [MESSAGE][WARNING] - Timeout '0' is invalid. Using default page load timeout: '30'

2017-10-30 09:21:08 - [MESSAGE][PASSED] - Object 'Object Repository/Page_ABB BenGen Authentication/input_pass' is present

2017-10-30 09:21:08 - [TEST_STEP][PASSED] - verifyElementPresent: Object 'Object Repository/Page_ABB BenGen Authentication/input_user' is present

2017-10-30 09:21:08 - [MESSAGE][WARNING] - Timeout '0' is invalid. Using default page load timeout: '30'

2017-10-30 09:21:08 - [MESSAGE][PASSED] - Object 'Object Repository/Page_ABB BenGen Authentication/input_user' is present

2017-10-30 09:21:08 - [TEST_STEP][PASSED] - verifyElementPresent: Object 'Object Repository/Page_ABB BenGen Authentication/button_Login' is present

2017-10-30 09:21:08 - [MESSAGE][WARNING] - Timeout '0' is invalid. Using default page load timeout: '30'

2017-10-30 09:21:08 - [MESSAGE][PASSED] - Object 'Object Repository/Page_ABB BenGen Authentication/button_Login' is present

2017-10-30 09:21:08 - [MESSAGE][PASSED] - Call Test Case 'Test Cases/utilities/TC_0b_apertura pagina di login - ReUse' successfully

2017-10-30 09:21:08 - [TEST_STEP][PASSED] - setText: Text 'pinco@pallino.it' is set on object 'Object Repository/Page_ABB BenGen Authentication/input_user'

2017-10-30 09:21:09 - [MESSAGE][PASSED] - Text 'pinco@pallino.it' is set on object 'Object Repository/Page_ABB BenGen Authentication/input_user'

2017-10-30 09:21:09 - [TEST_STEP][PASSED] - setText: Text 'pallino' is set on object 'Object Repository/Page_ABB BenGen Authentication/input_pass'

2017-10-30 09:21:09 - [MESSAGE][PASSED] - Text 'pallino' is set on object 'Object Repository/Page_ABB BenGen Authentication/input_pass'

2017-10-30 09:21:09 - [TEST_STEP][PASSED] - click: Object: 'Object Repository/Page_ABB BenGen Authentication/button_Login' is clicked on

2017-10-30 09:21:09 - [MESSAGE][PASSED] - Object: 'Object Repository/Page_ABB BenGen Authentication/button_Login' is clicked on

2017-10-30 09:21:09 - [TEST_STEP][PASSED] - verifyElementVisible: Object 'Object Repository/Page_ABB BenGen Authentication/div_toast toast-error' is visible

2017-10-30 09:21:09 - [MESSAGE][PASSED] - Object 'Object Repository/Page_ABB BenGen Authentication/div_toast toast-error' is visible

2017-10-30 09:21:09 - [TEST_STEP][PASSED] - closeBrowser: Browser is closed

2017-10-30 09:21:10 - [MESSAGE][PASSED] - Browser is closed]]></system-out>
         <system-err><![CDATA[]]></system-err>
      </testcase>
      <testcase name="Test Cases/page2_HomePage/TC_08 Verifica funzionamento Menu BenGen" classname="Test Cases/page2_HomePage/TC_08 Verifica funzionamento Menu BenGen" status="FAILED">
         <failure type="FAILED" message="Unable to verify object 'Object Repository/Page_MenuCheck/VociMenu/13a_Bootloader_List' is present (Root cause: com.kms.katalon.core.webui.exception.WebElementNotFoundException: Web element with id: 'Object Repository/Page_MenuCheck/VociMenu/13a_Bootloader_List' located by 'By.xpath: //a[count(. | //*[@href = '#!/bootloaders/']) = count(//*[@href = '#!/bootloaders/'])][count(. | //*[contains(.,'List')]) = count(//*[contains(.,'List')])]' not found)"/>
         <system-out><![CDATA[2017-10-30 09:21:10 - [TEST_CASE][FAILED] - Test Cases/page2_HomePage/TC_08 Verifica funzionamento Menu BenGen: Test Cases/page2_HomePage/TC_08 Verifica funzionamento Menu BenGen FAILED because (of) Unable to verify object 'Object Repository/Page_MenuCheck/VociMenu/13a_Bootloader_List' is present (Root cause: com.kms.katalon.core.webui.exception.WebElementNotFoundException: Web element with id: 'Object Repository/Page_MenuCheck/VociMenu/13a_Bootloader_List' located by 'By.xpath: //a[count(. | //*[@href = '#!/bootloaders/']) = count(//*[@href = '#!/bootloaders/'])][count(. | //*[contains(.,'List')]) = count(//*[contains(.,'List')])]' not found)

2017-10-30 09:21:11 - [TEST_STEP][PASSED] - callTestCase: Call Test Case 'Test Cases/utilities/TC_0c-Login Corretto - ReUse' successfully

2017-10-30 09:21:11 - [TEST_CASE][PASSED] - Test Cases/utilities/TC_0c-Login Corretto - ReUse: Test Cases/utilities/TC_0c-Login Corretto - ReUse

2017-10-30 09:21:12 - [TEST_STEP][PASSED] - callTestCase: Call Test Case 'Test Cases/utilities/TC_0b_apertura pagina di login - ReUse' successfully

2017-10-30 09:21:12 - [TEST_CASE][PASSED] - Test Cases/utilities/TC_0b_apertura pagina di login - ReUse: Test Cases/utilities/TC_0b_apertura pagina di login - ReUse

2017-10-30 09:21:12 - [TEST_STEP][PASSED] - openBrowser: Browser is opened with url: ''

2017-10-30 09:21:14 - [MESSAGE][PASSED] - Browser is opened with url: ''

2017-10-30 09:21:14 - [TEST_STEP][PASSED] - maximizeWindow: Current window maximized

2017-10-30 09:21:15 - [MESSAGE][PASSED] - Current window maximized

2017-10-30 09:21:15 - [TEST_STEP][PASSED] - navigateToUrl: Navigate to 'http://bengen' successfully

2017-10-30 09:21:16 - [MESSAGE][PASSED] - Navigate to 'http://bengen' successfully

2017-10-30 09:21:16 - [TEST_STEP][PASSED] - verifyElementPresent: Object 'Object Repository/Page_ABB BenGen Authentication/ABB_logo' is present

2017-10-30 09:21:16 - [MESSAGE][WARNING] - Timeout '0' is invalid. Using default page load timeout: '30'

2017-10-30 09:21:16 - [MESSAGE][PASSED] - Object 'Object Repository/Page_ABB BenGen Authentication/ABB_logo' is present

2017-10-30 09:21:16 - [TEST_STEP][PASSED] - verifyElementPresent: Object 'Object Repository/Page_ABB BenGen Authentication/input_pass' is present

2017-10-30 09:21:16 - [MESSAGE][WARNING] - Timeout '0' is invalid. Using default page load timeout: '30'

2017-10-30 09:21:16 - [MESSAGE][PASSED] - Object 'Object Repository/Page_ABB BenGen Authentication/input_pass' is present

2017-10-30 09:21:16 - [TEST_STEP][PASSED] - verifyElementPresent: Object 'Object Repository/Page_ABB BenGen Authentication/input_user' is present

2017-10-30 09:21:16 - [MESSAGE][WARNING] - Timeout '0' is invalid. Using default page load timeout: '30'

2017-10-30 09:21:16 - [MESSAGE][PASSED] - Object 'Object Repository/Page_ABB BenGen Authentication/input_user' is present

2017-10-30 09:21:16 - [TEST_STEP][PASSED] - verifyElementPresent: Object 'Object Repository/Page_ABB BenGen Authentication/button_Login' is present

2017-10-30 09:21:16 - [MESSAGE][WARNING] - Timeout '0' is invalid. Using default page load timeout: '30'

2017-10-30 09:21:16 - [MESSAGE][PASSED] - Object 'Object Repository/Page_ABB BenGen Authentication/button_Login' is present

2017-10-30 09:21:16 - [MESSAGE][PASSED] - Call Test Case 'Test Cases/utilities/TC_0b_apertura pagina di login - ReUse' successfully

2017-10-30 09:21:16 - [TEST_STEP][PASSED] - setText: Text 'admin@admin.it' is set on object 'Object Repository/Page_ABB BenGen Authentication/input_user'

2017-10-30 09:21:17 - [MESSAGE][PASSED] - Text 'admin@admin.it' is set on object 'Object Repository/Page_ABB BenGen Authentication/input_user'

2017-10-30 09:21:17 - [TEST_STEP][PASSED] - setText: Text 'admin' is set on object 'Object Repository/Page_ABB BenGen Authentication/input_pass'

2017-10-30 09:21:17 - [MESSAGE][PASSED] - Text 'admin' is set on object 'Object Repository/Page_ABB BenGen Authentication/input_pass'

2017-10-30 09:21:17 - [TEST_STEP][PASSED] - click: Object: 'Object Repository/Page_ABB BenGen Authentication/button_Login' is clicked on

2017-10-30 09:21:17 - [MESSAGE][PASSED] - Object: 'Object Repository/Page_ABB BenGen Authentication/button_Login' is clicked on

2017-10-30 09:21:17 - [TEST_STEP][PASSED] - waitForElementVisible: Object 'Object Repository/Page_Aurora Vision BenGen/a_Aurora Vision Backoffice' is visible

2017-10-30 09:21:20 - [MESSAGE][PASSED] - Object 'Object Repository/Page_Aurora Vision BenGen/a_Aurora Vision Backoffice' is visible

2017-10-30 09:21:20 - [TEST_STEP][PASSED] - Statement - selfWindowTitle = com.kms.katalon.core.webui.keyword.WebUiBuiltInKeywords.getWindowTitle(): Current window's title is: 'Aurora Vision BenGen'

2017-10-30 09:21:20 - [MESSAGE][PASSED] - Current window's title is: 'Aurora Vision BenGen'

2017-10-30 09:21:20 - [TEST_STEP][PASSED] - verifyEqual: Actual object 'Aurora Vision BenGen' and expected object 'Aurora Vision BenGen' are equal

2017-10-30 09:21:20 - [MESSAGE][PASSED] - Actual object 'Aurora Vision BenGen' and expected object 'Aurora Vision BenGen' are equal

2017-10-30 09:21:20 - [MESSAGE][PASSED] - Call Test Case 'Test Cases/utilities/TC_0c-Login Corretto - ReUse' successfully

2017-10-30 09:21:20 - [TEST_STEP][PASSED] - Statement - selfWindowTitle = com.kms.katalon.core.webui.keyword.WebUiBuiltInKeywords.getWindowTitle(): Current window's title is: 'Aurora Vision BenGen'

2017-10-30 09:21:20 - [MESSAGE][PASSED] - Current window's title is: 'Aurora Vision BenGen'

2017-10-30 09:21:20 - [TEST_STEP][PASSED] - verifyEqual: Actual object 'Aurora Vision BenGen' and expected object 'Aurora Vision BenGen' are equal

2017-10-30 09:21:20 - [MESSAGE][PASSED] - Actual object 'Aurora Vision BenGen' and expected object 'Aurora Vision BenGen' are equal

2017-10-30 09:21:20 - [TEST_STEP][PASSED] - Statement - viewportWidth = com.kms.katalon.core.webui.keyword.WebUiBuiltInKeywords.getViewportWidth(): Viewport width is 1366

2017-10-30 09:21:20 - [MESSAGE][PASSED] - Viewport width is 1366

2017-10-30 09:21:20 - [TEST_STEP][PASSED] - Statement - If (viewportWidth < 1400): Object: 'Object Repository/Page_MenuCheck/MenuResponsiveArrow' is clicked on

2017-10-30 09:21:20 - [TEST_STEP][PASSED] - click: Object: 'Object Repository/Page_MenuCheck/MenuResponsiveArrow' is clicked on

2017-10-30 09:21:20 - [MESSAGE][PASSED] - Object: 'Object Repository/Page_MenuCheck/MenuResponsiveArrow' is clicked on

2017-10-30 09:21:20 - [TEST_STEP][PASSED] - verifyElementPresent: Object 'Object Repository/Page_MenuCheck/VociMenu/01_li_Assets' is present

2017-10-30 09:21:21 - [MESSAGE][PASSED] - Object 'Object Repository/Page_MenuCheck/VociMenu/01_li_Assets' is present

2017-10-30 09:21:21 - [TEST_STEP][PASSED] - verifyElementText: Actual text and expected text of test object 'Object Repository/Page_MenuCheck/VociMenu/01_li_Assets' are matched.

2017-10-30 09:21:22 - [MESSAGE][PASSED] - Actual text and expected text of test object 'Object Repository/Page_MenuCheck/VociMenu/01_li_Assets' are matched.

2017-10-30 09:21:22 - [TEST_STEP][PASSED] - verifyElementPresent: Object 'Object Repository/Page_MenuCheck/VociMenu/02_li_Tree View' is present

2017-10-30 09:21:22 - [MESSAGE][PASSED] - Object 'Object Repository/Page_MenuCheck/VociMenu/02_li_Tree View' is present

2017-10-30 09:21:22 - [TEST_STEP][PASSED] - verifyElementText: Actual text and expected text of test object 'Object Repository/Page_MenuCheck/VociMenu/02_li_Tree View' are matched.

2017-10-30 09:21:22 - [MESSAGE][PASSED] - Actual text and expected text of test object 'Object Repository/Page_MenuCheck/VociMenu/02_li_Tree View' are matched.

2017-10-30 09:21:22 - [TEST_STEP][PASSED] - click: Object: 'Object Repository/Page_MenuCheck/NavArrows/ProdLinesArrow_opn' is clicked on

2017-10-30 09:21:23 - [MESSAGE][PASSED] - Object: 'Object Repository/Page_MenuCheck/NavArrows/ProdLinesArrow_opn' is clicked on

2017-10-30 09:21:23 - [TEST_STEP][PASSED] - verifyElementPresent: Object 'Object Repository/Page_MenuCheck/VociMenu/03_li_Product lines' is present

2017-10-30 09:21:23 - [MESSAGE][PASSED] - Object 'Object Repository/Page_MenuCheck/VociMenu/03_li_Product lines' is present

2017-10-30 09:21:23 - [TEST_STEP][PASSED] - verifyElementText: Actual text and expected text of test object 'Object Repository/Page_MenuCheck/VociMenu/03_li_Product lines' are matched.

2017-10-30 09:21:23 - [MESSAGE][PASSED] - Actual text and expected text of test object 'Object Repository/Page_MenuCheck/VociMenu/03_li_Product lines' are matched.

2017-10-30 09:21:23 - [TEST_STEP][PASSED] - click: Object: 'Object Repository/Page_MenuCheck/NavArrows/ProdLinesArrow_cls' is clicked on

2017-10-30 09:21:23 - [MESSAGE][PASSED] - Object: 'Object Repository/Page_MenuCheck/NavArrows/ProdLinesArrow_cls' is clicked on

2017-10-30 09:21:23 - [TEST_STEP][PASSED] - verifyElementText: Actual text and expected text of test object 'Object Repository/Page_MenuCheck/VociMenu/03a_ProductLines_List' are matched.

2017-10-30 09:21:23 - [MESSAGE][PASSED] - Actual text and expected text of test object 'Object Repository/Page_MenuCheck/VociMenu/03a_ProductLines_List' are matched.

2017-10-30 09:21:23 - [TEST_STEP][PASSED] - verifyElementPresent: Object 'Object Repository/Page_MenuCheck/VociMenu/03b_ProductLines_Datasheet' is present

2017-10-30 09:21:23 - [MESSAGE][PASSED] - Object 'Object Repository/Page_MenuCheck/VociMenu/03b_ProductLines_Datasheet' is present

2017-10-30 09:21:23 - [TEST_STEP][PASSED] - verifyElementPresent: Object 'Object Repository/Page_MenuCheck/VociMenu/04_li_Product Families' is present

2017-10-30 09:21:24 - [MESSAGE][PASSED] - Object 'Object Repository/Page_MenuCheck/VociMenu/04_li_Product Families' is present

2017-10-30 09:21:24 - [TEST_STEP][PASSED] - click: Object: 'Object Repository/Page_MenuCheck/NavArrows/ProdLinesArrow_opn' is clicked on

2017-10-30 09:21:24 - [MESSAGE][PASSED] - Object: 'Object Repository/Page_MenuCheck/NavArrows/ProdLinesArrow_opn' is clicked on

2017-10-30 09:21:24 - [TEST_STEP][PASSED] - verifyElementText: Actual text and expected text of test object 'Object Repository/Page_MenuCheck/VociMenu/04_li_Product Families' are matched.

2017-10-30 09:21:24 - [MESSAGE][PASSED] - Actual text and expected text of test object 'Object Repository/Page_MenuCheck/VociMenu/04_li_Product Families' are matched.

2017-10-30 09:21:24 - [TEST_STEP][PASSED] - click: Object: 'Object Repository/Page_MenuCheck/NavArrows/ProdFamsArrow_cls' is clicked on

2017-10-30 09:21:25 - [MESSAGE][PASSED] - Object: 'Object Repository/Page_MenuCheck/NavArrows/ProdFamsArrow_cls' is clicked on

2017-10-30 09:21:25 - [TEST_STEP][PASSED] - verifyElementPresent: Object 'Object Repository/Page_MenuCheck/VociMenu/04a_ProductFamilies_List' is present

2017-10-30 09:21:25 - [MESSAGE][PASSED] - Object 'Object Repository/Page_MenuCheck/VociMenu/04a_ProductFamilies_List' is present

2017-10-30 09:21:25 - [TEST_STEP][PASSED] - verifyElementText: Actual text and expected text of test object 'Object Repository/Page_MenuCheck/VociMenu/04a_ProductFamilies_List' are matched.

2017-10-30 09:21:25 - [MESSAGE][PASSED] - Actual text and expected text of test object 'Object Repository/Page_MenuCheck/VociMenu/04a_ProductFamilies_List' are matched.

2017-10-30 09:21:25 - [TEST_STEP][PASSED] - verifyElementPresent: Object 'Object Repository/Page_MenuCheck/VociMenu/04b_ProductFamilies_Datasheet' is present

2017-10-30 09:21:25 - [MESSAGE][PASSED] - Object 'Object Repository/Page_MenuCheck/VociMenu/04b_ProductFamilies_Datasheet' is present

2017-10-30 09:21:25 - [TEST_STEP][PASSED] - verifyElementText: Actual text and expected text of test object 'Object Repository/Page_MenuCheck/VociMenu/04b_ProductFamilies_Datasheet' are matched.

2017-10-30 09:21:25 - [MESSAGE][PASSED] - Actual text and expected text of test object 'Object Repository/Page_MenuCheck/VociMenu/04b_ProductFamilies_Datasheet' are matched.

2017-10-30 09:21:25 - [TEST_STEP][PASSED] - click: Object: 'Object Repository/Page_MenuCheck/NavArrows/ProdFamsArrow_opn' is clicked on

2017-10-30 09:21:25 - [MESSAGE][PASSED] - Object: 'Object Repository/Page_MenuCheck/NavArrows/ProdFamsArrow_opn' is clicked on

2017-10-30 09:21:25 - [TEST_STEP][PASSED] - verifyElementPresent: Object 'Object Repository/Page_MenuCheck/VociMenu/05_li_Product Models' is present

2017-10-30 09:21:25 - [MESSAGE][PASSED] - Object 'Object Repository/Page_MenuCheck/VociMenu/05_li_Product Models' is present

2017-10-30 09:21:25 - [TEST_STEP][PASSED] - verifyElementText: Actual text and expected text of test object 'Object Repository/Page_MenuCheck/VociMenu/05_li_Product Models' are matched.

2017-10-30 09:21:25 - [MESSAGE][PASSED] - Actual text and expected text of test object 'Object Repository/Page_MenuCheck/VociMenu/05_li_Product Models' are matched.

2017-10-30 09:21:25 - [TEST_STEP][PASSED] - verifyElementPresent: Object 'Object Repository/Page_MenuCheck/VociMenu/06_li_Country Areas' is present

2017-10-30 09:21:25 - [MESSAGE][PASSED] - Object 'Object Repository/Page_MenuCheck/VociMenu/06_li_Country Areas' is present

2017-10-30 09:21:25 - [TEST_STEP][PASSED] - verifyElementText: Actual text and expected text of test object 'Object Repository/Page_MenuCheck/VociMenu/06_li_Country Areas' are matched.

2017-10-30 09:21:26 - [MESSAGE][PASSED] - Actual text and expected text of test object 'Object Repository/Page_MenuCheck/VociMenu/06_li_Country Areas' are matched.

2017-10-30 09:21:26 - [TEST_STEP][PASSED] - verifyElementPresent: Object 'Object Repository/Page_MenuCheck/VociMenu/07_li_Country Standards' is present

2017-10-30 09:21:26 - [MESSAGE][PASSED] - Object 'Object Repository/Page_MenuCheck/VociMenu/07_li_Country Standards' is present

2017-10-30 09:21:26 - [TEST_STEP][PASSED] - verifyElementText: Actual text and expected text of test object 'Object Repository/Page_MenuCheck/VociMenu/07_li_Country Standards' are matched.

2017-10-30 09:21:26 - [MESSAGE][PASSED] - Actual text and expected text of test object 'Object Repository/Page_MenuCheck/VociMenu/07_li_Country Standards' are matched.

2017-10-30 09:21:26 - [TEST_STEP][PASSED] - verifyElementPresent: Object 'Object Repository/Page_MenuCheck/VociMenu/08_li_Functional Groups' is present

2017-10-30 09:21:26 - [MESSAGE][PASSED] - Object 'Object Repository/Page_MenuCheck/VociMenu/08_li_Functional Groups' is present

2017-10-30 09:21:26 - [TEST_STEP][PASSED] - verifyElementText: Actual text and expected text of test object 'Object Repository/Page_MenuCheck/VociMenu/08_li_Functional Groups' are matched.

2017-10-30 09:21:26 - [MESSAGE][PASSED] - Actual text and expected text of test object 'Object Repository/Page_MenuCheck/VociMenu/08_li_Functional Groups' are matched.

2017-10-30 09:21:26 - [TEST_STEP][PASSED] - verifyElementPresent: Object 'Object Repository/Page_MenuCheck/VociMenu/09_li_Logical Devices' is present

2017-10-30 09:21:26 - [MESSAGE][PASSED] - Object 'Object Repository/Page_MenuCheck/VociMenu/09_li_Logical Devices' is present

2017-10-30 09:21:26 - [TEST_STEP][PASSED] - verifyElementText: Actual text and expected text of test object 'Object Repository/Page_MenuCheck/VociMenu/09_li_Logical Devices' are matched.

2017-10-30 09:21:26 - [MESSAGE][PASSED] - Actual text and expected text of test object 'Object Repository/Page_MenuCheck/VociMenu/09_li_Logical Devices' are matched.

2017-10-30 09:21:26 - [TEST_STEP][PASSED] - verifyElementPresent: Object 'Object Repository/Page_MenuCheck/VociMenu/10_li_Physical Devices' is present

2017-10-30 09:21:26 - [MESSAGE][PASSED] - Object 'Object Repository/Page_MenuCheck/VociMenu/10_li_Physical Devices' is present

2017-10-30 09:21:26 - [TEST_STEP][PASSED] - verifyElementText: Actual text and expected text of test object 'Object Repository/Page_MenuCheck/VociMenu/10_li_Physical Devices' are matched.

2017-10-30 09:21:26 - [MESSAGE][PASSED] - Actual text and expected text of test object 'Object Repository/Page_MenuCheck/VociMenu/10_li_Physical Devices' are matched.

2017-10-30 09:21:26 - [TEST_STEP][PASSED] - verifyElementPresent: Object 'Object Repository/Page_MenuCheck/VociMenu/11_li_Firmwares' is present

2017-10-30 09:21:27 - [MESSAGE][PASSED] - Object 'Object Repository/Page_MenuCheck/VociMenu/11_li_Firmwares' is present

2017-10-30 09:21:27 - [TEST_STEP][PASSED] - verifyElementText: Actual text and expected text of test object 'Object Repository/Page_MenuCheck/VociMenu/11_li_Firmwares' are matched.

2017-10-30 09:21:27 - [MESSAGE][PASSED] - Actual text and expected text of test object 'Object Repository/Page_MenuCheck/VociMenu/11_li_Firmwares' are matched.

2017-10-30 09:21:27 - [TEST_STEP][PASSED] - verifyElementPresent: Object 'Object Repository/Page_MenuCheck/VociMenu/12_li_BENs' is present

2017-10-30 09:21:28 - [MESSAGE][PASSED] - Object 'Object Repository/Page_MenuCheck/VociMenu/12_li_BENs' is present

2017-10-30 09:21:28 - [TEST_STEP][PASSED] - verifyElementText: Actual text and expected text of test object 'Object Repository/Page_MenuCheck/VociMenu/12_li_BENs' are matched.

2017-10-30 09:21:28 - [MESSAGE][PASSED] - Actual text and expected text of test object 'Object Repository/Page_MenuCheck/VociMenu/12_li_BENs' are matched.

2017-10-30 09:21:28 - [TEST_STEP][PASSED] - click: Object: 'Object Repository/Page_MenuCheck/NavArrows/BensArrow_cls' is clicked on

2017-10-30 09:21:28 - [MESSAGE][PASSED] - Object: 'Object Repository/Page_MenuCheck/NavArrows/BensArrow_cls' is clicked on

2017-10-30 09:21:28 - [TEST_STEP][PASSED] - verifyElementPresent: Object 'Object Repository/Page_MenuCheck/VociMenu/12a_Firmwares_List' is present

2017-10-30 09:21:28 - [MESSAGE][PASSED] - Object 'Object Repository/Page_MenuCheck/VociMenu/12a_Firmwares_List' is present

2017-10-30 09:21:28 - [TEST_STEP][PASSED] - verifyElementText: Actual text and expected text of test object 'Object Repository/Page_MenuCheck/VociMenu/12a_Firmwares_List' are matched.

2017-10-30 09:21:29 - [MESSAGE][PASSED] - Actual text and expected text of test object 'Object Repository/Page_MenuCheck/VociMenu/12a_Firmwares_List' are matched.

2017-10-30 09:21:29 - [TEST_STEP][PASSED] - verifyElementPresent: Object 'Object Repository/Page_MenuCheck/VociMenu/12b_Firmwares_New BEN' is present

2017-10-30 09:21:29 - [MESSAGE][PASSED] - Object 'Object Repository/Page_MenuCheck/VociMenu/12b_Firmwares_New BEN' is present

2017-10-30 09:21:29 - [TEST_STEP][PASSED] - verifyElementText: Actual text and expected text of test object 'Object Repository/Page_MenuCheck/VociMenu/12b_Firmwares_New BEN' are matched.

2017-10-30 09:21:29 - [MESSAGE][PASSED] - Actual text and expected text of test object 'Object Repository/Page_MenuCheck/VociMenu/12b_Firmwares_New BEN' are matched.

2017-10-30 09:21:29 - [TEST_STEP][PASSED] - click: Object: 'Object Repository/Page_MenuCheck/NavArrows/BensArrow_opn' is clicked on

2017-10-30 09:21:29 - [MESSAGE][PASSED] - Object: 'Object Repository/Page_MenuCheck/NavArrows/BensArrow_opn' is clicked on

2017-10-30 09:21:29 - [TEST_STEP][PASSED] - verifyElementPresent: Object 'Object Repository/Page_MenuCheck/VociMenu/13_li_Bootloaders' is present

2017-10-30 09:21:29 - [MESSAGE][PASSED] - Object 'Object Repository/Page_MenuCheck/VociMenu/13_li_Bootloaders' is present

2017-10-30 09:21:29 - [TEST_STEP][PASSED] - verifyElementText: Actual text and expected text of test object 'Object Repository/Page_MenuCheck/VociMenu/13_li_Bootloaders' are matched.

2017-10-30 09:21:30 - [MESSAGE][PASSED] - Actual text and expected text of test object 'Object Repository/Page_MenuCheck/VociMenu/13_li_Bootloaders' are matched.

2017-10-30 09:21:30 - [TEST_STEP][PASSED] - click: Object: 'Object Repository/Page_MenuCheck/NavArrows/BootLoader_cls' is clicked on

2017-10-30 09:21:30 - [MESSAGE][PASSED] - Object: 'Object Repository/Page_MenuCheck/NavArrows/BootLoader_cls' is clicked on

2017-10-30 09:21:30 - [TEST_STEP][FAILED] - verifyElementPresent: Unable to verify object 'Object Repository/Page_MenuCheck/VociMenu/13a_Bootloader_List' is present (Root cause: com.kms.katalon.core.webui.exception.WebElementNotFoundException: Web element with id: 'Object Repository/Page_MenuCheck/VociMenu/13a_Bootloader_List' located by 'By.xpath: //a[count(. | //*[@href = '#!/bootloaders/']) = count(//*[@href = '#!/bootloaders/'])][count(. | //*[contains(.,'List')]) = count(//*[contains(.,'List')])]' not found)

2017-10-30 09:21:34 - [MESSAGE][FAILED] - com.kms.katalon.core.webui.exception.WebElementNotFoundException: Web element with id: 'Object Repository/Page_MenuCheck/VociMenu/13a_Bootloader_List' located by 'By.xpath: //a[count(. | //*[@href = '#!/bootloaders/']) = count(//*[@href = '#!/bootloaders/'])][count(. | //*[contains(.,'List')]) = count(//*[contains(.,'List')])]' not found
[[ATTACHMENT|D:\\ABB\\ABB_KatTest1\\ABB_Test_Test\\Reports\\FullSuite\\20171030_092008\\1509351693900.png]]

2017-10-30 09:21:34 - [MESSAGE][FAILED] - Unable to verify object 'Object Repository/Page_MenuCheck/VociMenu/13a_Bootloader_List' is present (Root cause: com.kms.katalon.core.webui.exception.WebElementNotFoundException: Web element with id: 'Object Repository/Page_MenuCheck/VociMenu/13a_Bootloader_List' located by 'By.xpath: //a[count(. | //*[@href = '#!/bootloaders/']) = count(//*[@href = '#!/bootloaders/'])][count(. | //*[contains(.,'List')]) = count(//*[contains(.,'List')])]' not found)
[[ATTACHMENT|D:\\ABB\\ABB_KatTest1\\ABB_Test_Test\\Reports\\FullSuite\\20171030_092008\\1509351694313.png]]]]></system-out>
         <system-err><![CDATA[2017-10-30 09:21:10 - [TEST_CASE][FAILED] - Test Cases/page2_HomePage/TC_08 Verifica funzionamento Menu BenGen: Test Cases/page2_HomePage/TC_08 Verifica funzionamento Menu BenGen FAILED because (of) Unable to verify object 'Object Repository/Page_MenuCheck/VociMenu/13a_Bootloader_List' is present (Root cause: com.kms.katalon.core.webui.exception.WebElementNotFoundException: Web element with id: 'Object Repository/Page_MenuCheck/VociMenu/13a_Bootloader_List' located by 'By.xpath: //a[count(. | //*[@href = '#!/bootloaders/']) = count(//*[@href = '#!/bootloaders/'])][count(. | //*[contains(.,'List')]) = count(//*[contains(.,'List')])]' not found)]]></system-err>
      </testcase>
      <testcase name="Test Cases/page2_HomePage/TC_09 Verifica presenza menu utente" classname="Test Cases/page2_HomePage/TC_09 Verifica presenza menu utente" status="PASSED">
         <system-out><![CDATA[2017-10-30 09:21:34 - [TEST_CASE][PASSED] - Test Cases/page2_HomePage/TC_09 Verifica presenza menu utente: Test Cases/page2_HomePage/TC_09 Verifica presenza menu utente

2017-10-30 09:21:34 - [TEST_STEP][PASSED] - callTestCase: Call Test Case 'Test Cases/utilities/TC_0c-Login Corretto - ReUse' successfully

2017-10-30 09:21:35 - [TEST_CASE][PASSED] - Test Cases/utilities/TC_0c-Login Corretto - ReUse: Test Cases/utilities/TC_0c-Login Corretto - ReUse

2017-10-30 09:21:35 - [TEST_STEP][PASSED] - callTestCase: Call Test Case 'Test Cases/utilities/TC_0b_apertura pagina di login - ReUse' successfully

2017-10-30 09:21:35 - [TEST_CASE][PASSED] - Test Cases/utilities/TC_0b_apertura pagina di login - ReUse: Test Cases/utilities/TC_0b_apertura pagina di login - ReUse

2017-10-30 09:21:35 - [TEST_STEP][PASSED] - openBrowser: Browser is opened with url: ''

2017-10-30 09:21:35 - [MESSAGE][WARNING] - A browser is already opened. Closing browser and opening a new one

2017-10-30 09:21:38 - [MESSAGE][PASSED] - Browser is opened with url: ''

2017-10-30 09:21:38 - [TEST_STEP][PASSED] - maximizeWindow: Current window maximized

2017-10-30 09:21:39 - [MESSAGE][PASSED] - Current window maximized

2017-10-30 09:21:39 - [TEST_STEP][PASSED] - navigateToUrl: Navigate to 'http://bengen' successfully

2017-10-30 09:21:40 - [MESSAGE][PASSED] - Navigate to 'http://bengen' successfully

2017-10-30 09:21:40 - [TEST_STEP][PASSED] - verifyElementPresent: Object 'Object Repository/Page_ABB BenGen Authentication/ABB_logo' is present

2017-10-30 09:21:40 - [MESSAGE][WARNING] - Timeout '0' is invalid. Using default page load timeout: '30'

2017-10-30 09:21:40 - [MESSAGE][PASSED] - Object 'Object Repository/Page_ABB BenGen Authentication/ABB_logo' is present

2017-10-30 09:21:40 - [TEST_STEP][PASSED] - verifyElementPresent: Object 'Object Repository/Page_ABB BenGen Authentication/input_pass' is present

2017-10-30 09:21:40 - [MESSAGE][WARNING] - Timeout '0' is invalid. Using default page load timeout: '30'

2017-10-30 09:21:40 - [MESSAGE][PASSED] - Object 'Object Repository/Page_ABB BenGen Authentication/input_pass' is present

2017-10-30 09:21:40 - [TEST_STEP][PASSED] - verifyElementPresent: Object 'Object Repository/Page_ABB BenGen Authentication/input_user' is present

2017-10-30 09:21:40 - [MESSAGE][WARNING] - Timeout '0' is invalid. Using default page load timeout: '30'

2017-10-30 09:21:40 - [MESSAGE][PASSED] - Object 'Object Repository/Page_ABB BenGen Authentication/input_user' is present

2017-10-30 09:21:40 - [TEST_STEP][PASSED] - verifyElementPresent: Object 'Object Repository/Page_ABB BenGen Authentication/button_Login' is present

2017-10-30 09:21:40 - [MESSAGE][WARNING] - Timeout '0' is invalid. Using default page load timeout: '30'

2017-10-30 09:21:40 - [MESSAGE][PASSED] - Object 'Object Repository/Page_ABB BenGen Authentication/button_Login' is present

2017-10-30 09:21:40 - [MESSAGE][PASSED] - Call Test Case 'Test Cases/utilities/TC_0b_apertura pagina di login - ReUse' successfully

2017-10-30 09:21:40 - [TEST_STEP][PASSED] - setText: Text 'admin@admin.it' is set on object 'Object Repository/Page_ABB BenGen Authentication/input_user'

2017-10-30 09:21:40 - [MESSAGE][PASSED] - Text 'admin@admin.it' is set on object 'Object Repository/Page_ABB BenGen Authentication/input_user'

2017-10-30 09:21:40 - [TEST_STEP][PASSED] - setText: Text 'admin' is set on object 'Object Repository/Page_ABB BenGen Authentication/input_pass'

2017-10-30 09:21:41 - [MESSAGE][PASSED] - Text 'admin' is set on object 'Object Repository/Page_ABB BenGen Authentication/input_pass'

2017-10-30 09:21:41 - [TEST_STEP][PASSED] - click: Object: 'Object Repository/Page_ABB BenGen Authentication/button_Login' is clicked on

2017-10-30 09:21:41 - [MESSAGE][PASSED] - Object: 'Object Repository/Page_ABB BenGen Authentication/button_Login' is clicked on

2017-10-30 09:21:41 - [TEST_STEP][PASSED] - waitForElementVisible: Object 'Object Repository/Page_Aurora Vision BenGen/a_Aurora Vision Backoffice' is visible

2017-10-30 09:21:44 - [MESSAGE][PASSED] - Object 'Object Repository/Page_Aurora Vision BenGen/a_Aurora Vision Backoffice' is visible

2017-10-30 09:21:44 - [TEST_STEP][PASSED] - Statement - selfWindowTitle = com.kms.katalon.core.webui.keyword.WebUiBuiltInKeywords.getWindowTitle(): Current window's title is: 'Aurora Vision BenGen'

2017-10-30 09:21:44 - [MESSAGE][PASSED] - Current window's title is: 'Aurora Vision BenGen'

2017-10-30 09:21:44 - [TEST_STEP][PASSED] - verifyEqual: Actual object 'Aurora Vision BenGen' and expected object 'Aurora Vision BenGen' are equal

2017-10-30 09:21:44 - [MESSAGE][PASSED] - Actual object 'Aurora Vision BenGen' and expected object 'Aurora Vision BenGen' are equal

2017-10-30 09:21:44 - [MESSAGE][PASSED] - Call Test Case 'Test Cases/utilities/TC_0c-Login Corretto - ReUse' successfully

2017-10-30 09:21:44 - [TEST_STEP][PASSED] - Statement - selfWindowTitle = com.kms.katalon.core.webui.keyword.WebUiBuiltInKeywords.getWindowTitle(): Current window's title is: 'Aurora Vision BenGen'

2017-10-30 09:21:44 - [MESSAGE][PASSED] - Current window's title is: 'Aurora Vision BenGen'

2017-10-30 09:21:44 - [TEST_STEP][PASSED] - verifyEqual: Actual object 'Aurora Vision BenGen' and expected object 'Aurora Vision BenGen' are equal

2017-10-30 09:21:44 - [MESSAGE][PASSED] - Actual object 'Aurora Vision BenGen' and expected object 'Aurora Vision BenGen' are equal

2017-10-30 09:21:44 - [TEST_STEP][PASSED] - comment: Se mobile menu presente lo apre, altrimenti salta il passaggio. Non bloccante

2017-10-30 09:21:44 - [TEST_STEP][PASSED] - Statement - viewPort = com.kms.katalon.core.webui.keyword.WebUiBuiltInKeywords.getViewportWidth(): Viewport width is 1366

2017-10-30 09:21:44 - [MESSAGE][PASSED] - Viewport width is 1366

2017-10-30 09:21:44 - [TEST_STEP][PASSED] - Statement - If (viewPort < 1400): Object 'Object Repository/Page_MenuCheck/UserMenu/MobileMenu_a_Logout' is present

2017-10-30 09:21:44 - [TEST_STEP][PASSED] - Statement - println("Viewport: " + viewPort): null

2017-10-30 09:21:44 - [TEST_STEP][PASSED] - click: Object: 'Object Repository/Page_MenuCheck/UserMenu/MobileMenu_label_menu-icon' is clicked on

2017-10-30 09:21:45 - [MESSAGE][PASSED] - Object: 'Object Repository/Page_MenuCheck/UserMenu/MobileMenu_label_menu-icon' is clicked on

2017-10-30 09:21:45 - [TEST_STEP][PASSED] - verifyElementPresent: Object 'Object Repository/Page_MenuCheck/UserMenu/MobileMenu_a_Home' is present

2017-10-30 09:21:45 - [MESSAGE][PASSED] - Object 'Object Repository/Page_MenuCheck/UserMenu/MobileMenu_a_Home' is present

2017-10-30 09:21:45 - [TEST_STEP][PASSED] - verifyElementPresent: Object 'Object Repository/Page_MenuCheck/UserMenu/MobileMenu_a_Help' is present

2017-10-30 09:21:45 - [MESSAGE][PASSED] - Object 'Object Repository/Page_MenuCheck/UserMenu/MobileMenu_a_Help' is present

2017-10-30 09:21:45 - [TEST_STEP][PASSED] - verifyElementPresent: Object 'Object Repository/Page_MenuCheck/UserMenu/MobileMenu_a_User' is present

2017-10-30 09:21:46 - [MESSAGE][PASSED] - Object 'Object Repository/Page_MenuCheck/UserMenu/MobileMenu_a_User' is present

2017-10-30 09:21:46 - [TEST_STEP][PASSED] - verifyElementPresent: Object 'Object Repository/Page_MenuCheck/UserMenu/MobileMenu_a_Logout' is present

2017-10-30 09:21:46 - [MESSAGE][PASSED] - Object 'Object Repository/Page_MenuCheck/UserMenu/MobileMenu_a_Logout' is present

2017-10-30 09:21:46 - [TEST_STEP][PASSED] - callTestCase: Call Test Case 'Test Cases/utilities/TC_0a-close browser' successfully

2017-10-30 09:21:46 - [TEST_CASE][PASSED] - Test Cases/utilities/TC_0a-close browser: Test Cases/utilities/TC_0a-close browser

2017-10-30 09:21:46 - [TEST_STEP][PASSED] - closeBrowser: Browser is closed

2017-10-30 09:21:47 - [MESSAGE][PASSED] - Browser is closed

2017-10-30 09:21:47 - [MESSAGE][PASSED] - Call Test Case 'Test Cases/utilities/TC_0a-close browser' successfully]]></system-out>
         <system-err><![CDATA[]]></system-err>
      </testcase>
      <testcase name="Test Cases/page2_HomePage/TC_10  Verifica Funzione Logout" classname="Test Cases/page2_HomePage/TC_10  Verifica Funzione Logout" status="PASSED">
         <system-out><![CDATA[2017-10-30 09:21:47 - [TEST_CASE][PASSED] - Test Cases/page2_HomePage/TC_10  Verifica Funzione Logout: Test Cases/page2_HomePage/TC_10  Verifica Funzione Logout

2017-10-30 09:21:47 - [TEST_STEP][PASSED] - callTestCase: Call Test Case 'Test Cases/utilities/TC_0c-Login Corretto - ReUse' successfully

2017-10-30 09:21:47 - [TEST_CASE][PASSED] - Test Cases/utilities/TC_0c-Login Corretto - ReUse: Test Cases/utilities/TC_0c-Login Corretto - ReUse

2017-10-30 09:21:47 - [TEST_STEP][PASSED] - callTestCase: Call Test Case 'Test Cases/utilities/TC_0b_apertura pagina di login - ReUse' successfully

2017-10-30 09:21:47 - [TEST_CASE][PASSED] - Test Cases/utilities/TC_0b_apertura pagina di login - ReUse: Test Cases/utilities/TC_0b_apertura pagina di login - ReUse

2017-10-30 09:21:47 - [TEST_STEP][PASSED] - openBrowser: Browser is opened with url: ''

2017-10-30 09:21:49 - [MESSAGE][PASSED] - Browser is opened with url: ''

2017-10-30 09:21:49 - [TEST_STEP][PASSED] - maximizeWindow: Current window maximized

2017-10-30 09:21:51 - [MESSAGE][PASSED] - Current window maximized

2017-10-30 09:21:51 - [TEST_STEP][PASSED] - navigateToUrl: Navigate to 'http://bengen' successfully

2017-10-30 09:21:51 - [MESSAGE][PASSED] - Navigate to 'http://bengen' successfully

2017-10-30 09:21:51 - [TEST_STEP][PASSED] - verifyElementPresent: Object 'Object Repository/Page_ABB BenGen Authentication/ABB_logo' is present

2017-10-30 09:21:51 - [MESSAGE][WARNING] - Timeout '0' is invalid. Using default page load timeout: '30'

2017-10-30 09:21:51 - [MESSAGE][PASSED] - Object 'Object Repository/Page_ABB BenGen Authentication/ABB_logo' is present

2017-10-30 09:21:51 - [TEST_STEP][PASSED] - verifyElementPresent: Object 'Object Repository/Page_ABB BenGen Authentication/input_pass' is present

2017-10-30 09:21:51 - [MESSAGE][WARNING] - Timeout '0' is invalid. Using default page load timeout: '30'

2017-10-30 09:21:51 - [MESSAGE][PASSED] - Object 'Object Repository/Page_ABB BenGen Authentication/input_pass' is present

2017-10-30 09:21:51 - [TEST_STEP][PASSED] - verifyElementPresent: Object 'Object Repository/Page_ABB BenGen Authentication/input_user' is present

2017-10-30 09:21:51 - [MESSAGE][WARNING] - Timeout '0' is invalid. Using default page load timeout: '30'

2017-10-30 09:21:52 - [MESSAGE][PASSED] - Object 'Object Repository/Page_ABB BenGen Authentication/input_user' is present

2017-10-30 09:21:52 - [TEST_STEP][PASSED] - verifyElementPresent: Object 'Object Repository/Page_ABB BenGen Authentication/button_Login' is present

2017-10-30 09:21:52 - [MESSAGE][WARNING] - Timeout '0' is invalid. Using default page load timeout: '30'

2017-10-30 09:21:52 - [MESSAGE][PASSED] - Object 'Object Repository/Page_ABB BenGen Authentication/button_Login' is present

2017-10-30 09:21:52 - [MESSAGE][PASSED] - Call Test Case 'Test Cases/utilities/TC_0b_apertura pagina di login - ReUse' successfully

2017-10-30 09:21:52 - [TEST_STEP][PASSED] - setText: Text 'admin@admin.it' is set on object 'Object Repository/Page_ABB BenGen Authentication/input_user'

2017-10-30 09:21:52 - [MESSAGE][PASSED] - Text 'admin@admin.it' is set on object 'Object Repository/Page_ABB BenGen Authentication/input_user'

2017-10-30 09:21:52 - [TEST_STEP][PASSED] - setText: Text 'admin' is set on object 'Object Repository/Page_ABB BenGen Authentication/input_pass'

2017-10-30 09:21:52 - [MESSAGE][PASSED] - Text 'admin' is set on object 'Object Repository/Page_ABB BenGen Authentication/input_pass'

2017-10-30 09:21:52 - [TEST_STEP][PASSED] - click: Object: 'Object Repository/Page_ABB BenGen Authentication/button_Login' is clicked on

2017-10-30 09:21:52 - [MESSAGE][PASSED] - Object: 'Object Repository/Page_ABB BenGen Authentication/button_Login' is clicked on

2017-10-30 09:21:52 - [TEST_STEP][PASSED] - waitForElementVisible: Object 'Object Repository/Page_Aurora Vision BenGen/a_Aurora Vision Backoffice' is visible

2017-10-30 09:21:56 - [MESSAGE][PASSED] - Object 'Object Repository/Page_Aurora Vision BenGen/a_Aurora Vision Backoffice' is visible

2017-10-30 09:21:56 - [TEST_STEP][PASSED] - Statement - selfWindowTitle = com.kms.katalon.core.webui.keyword.WebUiBuiltInKeywords.getWindowTitle(): Current window's title is: 'Aurora Vision BenGen'

2017-10-30 09:21:56 - [MESSAGE][PASSED] - Current window's title is: 'Aurora Vision BenGen'

2017-10-30 09:21:56 - [TEST_STEP][PASSED] - verifyEqual: Actual object 'Aurora Vision BenGen' and expected object 'Aurora Vision BenGen' are equal

2017-10-30 09:21:56 - [MESSAGE][PASSED] - Actual object 'Aurora Vision BenGen' and expected object 'Aurora Vision BenGen' are equal

2017-10-30 09:21:56 - [MESSAGE][PASSED] - Call Test Case 'Test Cases/utilities/TC_0c-Login Corretto - ReUse' successfully

2017-10-30 09:21:56 - [TEST_STEP][PASSED] - Statement - selfWindowTitle = com.kms.katalon.core.webui.keyword.WebUiBuiltInKeywords.getWindowTitle(): Current window's title is: 'Aurora Vision BenGen'

2017-10-30 09:21:56 - [MESSAGE][PASSED] - Current window's title is: 'Aurora Vision BenGen'

2017-10-30 09:21:56 - [TEST_STEP][PASSED] - verifyEqual: Actual object 'Aurora Vision BenGen' and expected object 'Aurora Vision BenGen' are equal

2017-10-30 09:21:56 - [MESSAGE][PASSED] - Actual object 'Aurora Vision BenGen' and expected object 'Aurora Vision BenGen' are equal

2017-10-30 09:21:56 - [TEST_STEP][PASSED] - comment: Se mobile menu presente lo apre, altrimenti salta il passaggio. Non bloccante

2017-10-30 09:21:56 - [TEST_STEP][PASSED] - Statement - viewPort = com.kms.katalon.core.webui.keyword.WebUiBuiltInKeywords.getViewportWidth(): Viewport width is 1366

2017-10-30 09:21:56 - [MESSAGE][PASSED] - Viewport width is 1366

2017-10-30 09:21:56 - [TEST_STEP][PASSED] - Statement - If (viewPort < 1400): Object: 'Object Repository/Page_MenuCheck/UserMenu/MobileMenu_a_Logout' is clicked on

2017-10-30 09:21:56 - [TEST_STEP][PASSED] - click: Object: 'Object Repository/Page_MenuCheck/UserMenu/MobileMenu_label_menu-icon' is clicked on

2017-10-30 09:21:56 - [MESSAGE][PASSED] - Object: 'Object Repository/Page_MenuCheck/UserMenu/MobileMenu_label_menu-icon' is clicked on

2017-10-30 09:21:56 - [TEST_STEP][PASSED] - click: Object: 'Object Repository/Page_MenuCheck/UserMenu/MobileMenu_a_User' is clicked on

2017-10-30 09:21:56 - [MESSAGE][PASSED] - Object: 'Object Repository/Page_MenuCheck/UserMenu/MobileMenu_a_User' is clicked on

2017-10-30 09:21:56 - [TEST_STEP][PASSED] - click: Object: 'Object Repository/Page_MenuCheck/UserMenu/MobileMenu_a_Logout' is clicked on

2017-10-30 09:21:57 - [MESSAGE][PASSED] - Object: 'Object Repository/Page_MenuCheck/UserMenu/MobileMenu_a_Logout' is clicked on

2017-10-30 09:21:57 - [TEST_STEP][PASSED] - click: Object: 'Object Repository/Page_MenuCheck/UserMenu/a_TemporaryLogoutBtn' is clicked on

2017-10-30 09:21:58 - [MESSAGE][PASSED] - Object: 'Object Repository/Page_MenuCheck/UserMenu/a_TemporaryLogoutBtn' is clicked on

2017-10-30 09:21:58 - [TEST_STEP][PASSED] - verifyElementVisible: Object 'Object Repository/Page_ABB BenGen Authentication/input_user' is visible

2017-10-30 09:21:58 - [MESSAGE][PASSED] - Object 'Object Repository/Page_ABB BenGen Authentication/input_user' is visible

2017-10-30 09:21:58 - [TEST_STEP][PASSED] - verifyElementVisible: Object 'Object Repository/Page_ABB BenGen Authentication/input_pass' is visible

2017-10-30 09:21:58 - [MESSAGE][PASSED] - Object 'Object Repository/Page_ABB BenGen Authentication/input_pass' is visible

2017-10-30 09:21:58 - [TEST_STEP][PASSED] - verifyElementVisible: Object 'Object Repository/Page_ABB BenGen Authentication/button_Login' is visible

2017-10-30 09:21:58 - [MESSAGE][PASSED] - Object 'Object Repository/Page_ABB BenGen Authentication/button_Login' is visible

2017-10-30 09:21:58 - [TEST_STEP][PASSED] - callTestCase: Call Test Case 'Test Cases/utilities/TC_0a-close browser' successfully

2017-10-30 09:21:58 - [TEST_CASE][PASSED] - Test Cases/utilities/TC_0a-close browser: Test Cases/utilities/TC_0a-close browser

2017-10-30 09:21:58 - [TEST_STEP][PASSED] - closeBrowser: Browser is closed

2017-10-30 09:21:59 - [MESSAGE][PASSED] - Browser is closed

2017-10-30 09:21:59 - [MESSAGE][PASSED] - Call Test Case 'Test Cases/utilities/TC_0a-close browser' successfully]]></system-out>
         <system-err><![CDATA[]]></system-err>
      </testcase>
      <system-out><![CDATA[2017-10-30 09:20:18 - [TEST_SUITE][FAILED] - FullSuite: Test Cases/page2_HomePage/TC_08 Verifica funzionamento Menu BenGen FAILED because (of) Unable to verify object 'Object Repository/Page_MenuCheck/VociMenu/13a_Bootloader_List' is present (Root cause: com.kms.katalon.core.webui.exception.WebElementNotFoundException: Web element with id: 'Object Repository/Page_MenuCheck/VociMenu/13a_Bootloader_List' located by 'By.xpath: //a[count(. | //*[@href = '#!/bootloaders/']) = count(//*[@href = '#!/bootloaders/'])][count(. | //*[contains(.,'List')]) = count(//*[contains(.,'List')])]' not found)]]></system-out>
      <system-err><![CDATA[2017-10-30 09:20:18 - [TEST_SUITE][FAILED] - FullSuite: Test Cases/page2_HomePage/TC_08 Verifica funzionamento Menu BenGen FAILED because (of) Unable to verify object 'Object Repository/Page_MenuCheck/VociMenu/13a_Bootloader_List' is present (Root cause: com.kms.katalon.core.webui.exception.WebElementNotFoundException: Web element with id: 'Object Repository/Page_MenuCheck/VociMenu/13a_Bootloader_List' located by 'By.xpath: //a[count(. | //*[@href = '#!/bootloaders/']) = count(//*[@href = '#!/bootloaders/'])][count(. | //*[contains(.,'List')]) = count(//*[contains(.,'List')])]' not found)]]></system-err>
   </testsuite>
</testsuites>
