<?xml version="1.0" encoding="UTF-8"?>
<testsuites name="TS_07_FunctionalGroups" time="16" tests="1" failures="0" errors="0">
   <testsuite name="TS_07_FunctionalGroups" tests="1" failures="0" errors="0" time="16" timestamp="2017-12-05 18:25:53" hostname="WorkPC - WorkPC" id="Test Suites/TS_Units/TS_07_FunctionalGroups">
      <properties>
         <property name="deviceName" value=""/>
         <property name="devicePlatform" value=""/>
         <property name="logFolder" value="D:\\ABB\\ABB_KatTest1\\ABB_Test_Test\\Reports\\TS_Units\\TS_07_FunctionalGroups\\20171205_182106"/>
         <property name="logFiles" value="D:\\ABB\\ABB_KatTest1\\ABB_Test_Test\\Reports\\TS_Units\\TS_07_FunctionalGroups\\20171205_182106\\execution0.log"/>
         <property name="attachments" value=""/>
         <property name="hostName" value="WorkPC - WorkPC"/>
         <property name="os" value="Windows 10 64bit"/>
         <property name="katalonVersion" value="5.1.0.2"/>
         <property name="browser" value="Chrome 62.0.3202.94"/>
         <property name="hostAddress" value="192.168.56.1"/>
         <property name="sessionId" value="fe0ec2bd8843571e248862b570e48568"/>
         <property name="seleniumVersion" value="3.7.1"/>
         <property name="proxyInformation" value="ProxyInformation{proxyOption=NO_PROXY, proxyServerType=HTTP, password=, proxyServerAddress=, proxyServerPort=0}"/>
         <property name="platform" value="Windows 10"/>
      </properties>
      <testcase name="Test Cases/07_FunctionalGroups/TC_071_Functional Groups - Intestazioni" classname="Test Cases/07_FunctionalGroups/TC_071_Functional Groups - Intestazioni" status="PASSED">
         <system-out><![CDATA[2017-12-05 18:25:54 - [TEST_CASE][PASSED] - Test Cases/07_FunctionalGroups/TC_071_Functional Groups - Intestazioni: Test Cases/07_FunctionalGroups/TC_071_Functional Groups - Intestazioni

2017-12-05 18:25:55 - [TEST_STEP][PASSED] - callTestCase: Call Test Case 'Test Cases/utilities/TC_0c-Login Corretto - ReUse' successfully

2017-12-05 18:25:55 - [TEST_CASE][PASSED] - Test Cases/utilities/TC_0c-Login Corretto - ReUse: Test Cases/utilities/TC_0c-Login Corretto - ReUse

2017-12-05 18:25:56 - [TEST_STEP][PASSED] - callTestCase: Call Test Case 'Test Cases/utilities/TC_0b_apertura pagina di login - ReUse' successfully

2017-12-05 18:25:56 - [TEST_CASE][PASSED] - Test Cases/utilities/TC_0b_apertura pagina di login - ReUse: Test Cases/utilities/TC_0b_apertura pagina di login - ReUse

2017-12-05 18:25:56 - [TEST_STEP][PASSED] - openBrowser: Browser is opened with url: ''

2017-12-05 18:26:00 - [MESSAGE][PASSED] - Browser is opened with url: ''

2017-12-05 18:26:00 - [TEST_STEP][PASSED] - maximizeWindow: Current window maximized

2017-12-05 18:26:01 - [MESSAGE][PASSED] - Current window maximized

2017-12-05 18:26:01 - [TEST_STEP][PASSED] - navigateToUrl: Navigate to 'http://bengen' successfully

2017-12-05 18:26:02 - [MESSAGE][PASSED] - Navigate to 'http://bengen' successfully

2017-12-05 18:26:02 - [TEST_STEP][PASSED] - verifyElementPresent: Object 'Object Repository/00_Page_ABB BenGen Authentication/ABB_logo' is present

2017-12-05 18:26:02 - [MESSAGE][WARNING] - Timeout '0' is invalid. Using default page load timeout: '30'

2017-12-05 18:26:02 - [MESSAGE][PASSED] - Object 'Object Repository/00_Page_ABB BenGen Authentication/ABB_logo' is present

2017-12-05 18:26:02 - [TEST_STEP][PASSED] - verifyElementPresent: Object 'Object Repository/00_Page_ABB BenGen Authentication/input_pass' is present

2017-12-05 18:26:02 - [MESSAGE][WARNING] - Timeout '0' is invalid. Using default page load timeout: '30'

2017-12-05 18:26:02 - [MESSAGE][PASSED] - Object 'Object Repository/00_Page_ABB BenGen Authentication/input_pass' is present

2017-12-05 18:26:02 - [TEST_STEP][PASSED] - verifyElementPresent: Object 'Object Repository/00_Page_ABB BenGen Authentication/input_user' is present

2017-12-05 18:26:02 - [MESSAGE][WARNING] - Timeout '0' is invalid. Using default page load timeout: '30'

2017-12-05 18:26:02 - [MESSAGE][PASSED] - Object 'Object Repository/00_Page_ABB BenGen Authentication/input_user' is present

2017-12-05 18:26:02 - [TEST_STEP][PASSED] - verifyElementPresent: Object 'Object Repository/00_Page_ABB BenGen Authentication/button_Login' is present

2017-12-05 18:26:02 - [MESSAGE][WARNING] - Timeout '0' is invalid. Using default page load timeout: '30'

2017-12-05 18:26:02 - [MESSAGE][PASSED] - Object 'Object Repository/00_Page_ABB BenGen Authentication/button_Login' is present

2017-12-05 18:26:02 - [MESSAGE][PASSED] - Call Test Case 'Test Cases/utilities/TC_0b_apertura pagina di login - ReUse' successfully

2017-12-05 18:26:02 - [TEST_STEP][PASSED] - setText: Text 'admin@admin.it' is set on object 'Object Repository/00_Page_ABB BenGen Authentication/input_user'

2017-12-05 18:26:03 - [MESSAGE][PASSED] - Text 'admin@admin.it' is set on object 'Object Repository/00_Page_ABB BenGen Authentication/input_user'

2017-12-05 18:26:03 - [TEST_STEP][PASSED] - setText: Text 'admin' is set on object 'Object Repository/00_Page_ABB BenGen Authentication/input_pass'

2017-12-05 18:26:03 - [MESSAGE][PASSED] - Text 'admin' is set on object 'Object Repository/00_Page_ABB BenGen Authentication/input_pass'

2017-12-05 18:26:03 - [TEST_STEP][PASSED] - click: Object: 'Object Repository/00_Page_ABB BenGen Authentication/button_Login' is clicked on

2017-12-05 18:26:03 - [MESSAGE][PASSED] - Object: 'Object Repository/00_Page_ABB BenGen Authentication/button_Login' is clicked on

2017-12-05 18:26:03 - [TEST_STEP][PASSED] - waitForElementPresent: Object 'Object Repository/00_Page_Aurora Vision BenGen/a_Aurora Vision Backoffice' is present

2017-12-05 18:26:06 - [MESSAGE][PASSED] - Object 'Object Repository/00_Page_Aurora Vision BenGen/a_Aurora Vision Backoffice' is present

2017-12-05 18:26:06 - [TEST_STEP][PASSED] - Statement - selfWindowTitle = com.kms.katalon.core.webui.keyword.WebUiBuiltInKeywords.getWindowTitle(): Current window's title is: 'Aurora Vision BenGen'

2017-12-05 18:26:06 - [MESSAGE][PASSED] - Current window's title is: 'Aurora Vision BenGen'

2017-12-05 18:26:06 - [TEST_STEP][PASSED] - verifyEqual: Actual object 'Aurora Vision BenGen' and expected object 'Aurora Vision BenGen' are equal

2017-12-05 18:26:06 - [MESSAGE][PASSED] - Actual object 'Aurora Vision BenGen' and expected object 'Aurora Vision BenGen' are equal

2017-12-05 18:26:06 - [MESSAGE][PASSED] - Call Test Case 'Test Cases/utilities/TC_0c-Login Corretto - ReUse' successfully

2017-12-05 18:26:06 - [TEST_STEP][PASSED] - Statement - viewPort = com.kms.katalon.core.webui.keyword.WebUiBuiltInKeywords.getViewportWidth(): Viewport width is 1366

2017-12-05 18:26:06 - [MESSAGE][PASSED] - Viewport width is 1366

2017-12-05 18:26:06 - [TEST_STEP][PASSED] - Statement - If (viewPort < 1400): Object: 'Object Repository/00_Page_MenuCheck/MenuResponsiveArrow' is clicked on

2017-12-05 18:26:06 - [TEST_STEP][PASSED] - click: Object: 'Object Repository/00_Page_MenuCheck/MenuResponsiveArrow' is clicked on

2017-12-05 18:26:06 - [MESSAGE][PASSED] - Object: 'Object Repository/00_Page_MenuCheck/MenuResponsiveArrow' is clicked on

2017-12-05 18:26:06 - [TEST_STEP][PASSED] - focus: Object: 'Object Repository/00_Page_MenuCheck/NavArrows/ProdLinesArrow_opn' is focused

2017-12-05 18:26:07 - [MESSAGE][PASSED] - Object: 'Object Repository/00_Page_MenuCheck/NavArrows/ProdLinesArrow_opn' is focused

2017-12-05 18:26:07 - [TEST_STEP][PASSED] - click: Object: 'Object Repository/00_Page_MenuCheck/NavArrows/ProdLinesArrow_opn' is clicked on

2017-12-05 18:26:07 - [MESSAGE][PASSED] - Object: 'Object Repository/00_Page_MenuCheck/NavArrows/ProdLinesArrow_opn' is clicked on

2017-12-05 18:26:07 - [TEST_STEP][PASSED] - click: Object: 'Object Repository/00_Page_MenuCheck/VociMenu/08_li_Functional Groups' is clicked on

2017-12-05 18:26:07 - [MESSAGE][PASSED] - Object: 'Object Repository/00_Page_MenuCheck/VociMenu/08_li_Functional Groups' is clicked on

2017-12-05 18:26:07 - [TEST_STEP][PASSED] - verifyElementPresent: Object 'Object Repository/07_Page_FunctionalGroups/Intestazioni/01_FunctionalGroups_title' is present

2017-12-05 18:26:07 - [MESSAGE][PASSED] - Object 'Object Repository/07_Page_FunctionalGroups/Intestazioni/01_FunctionalGroups_title' is present

2017-12-05 18:26:07 - [TEST_STEP][PASSED] - verifyElementPresent: Object 'Object Repository/07_Page_FunctionalGroups/Intestazioni/02_ID' is present

2017-12-05 18:26:07 - [MESSAGE][PASSED] - Object 'Object Repository/07_Page_FunctionalGroups/Intestazioni/02_ID' is present

2017-12-05 18:26:07 - [TEST_STEP][PASSED] - verifyElementPresent: Object 'Object Repository/07_Page_FunctionalGroups/Intestazioni/03_Name' is present

2017-12-05 18:26:07 - [MESSAGE][PASSED] - Object 'Object Repository/07_Page_FunctionalGroups/Intestazioni/03_Name' is present

2017-12-05 18:26:07 - [TEST_STEP][PASSED] - verifyElementPresent: Object 'Object Repository/07_Page_FunctionalGroups/Intestazioni/04_Code' is present

2017-12-05 18:26:07 - [MESSAGE][PASSED] - Object 'Object Repository/07_Page_FunctionalGroups/Intestazioni/04_Code' is present

2017-12-05 18:26:07 - [TEST_STEP][PASSED] - comment: Verifica dei valori con Test Data

2017-12-05 18:26:07 - [TEST_STEP][PASSED] - verifyElementText: Actual text and expected text of test object 'Object Repository/07_Page_FunctionalGroups/Intestazioni/01_FunctionalGroups_title' are matched.

2017-12-05 18:26:09 - [MESSAGE][PASSED] - Actual text and expected text of test object 'Object Repository/07_Page_FunctionalGroups/Intestazioni/01_FunctionalGroups_title' are matched.

2017-12-05 18:26:09 - [TEST_STEP][PASSED] - verifyElementText: Actual text and expected text of test object 'Object Repository/07_Page_FunctionalGroups/Intestazioni/02_ID' are matched.

2017-12-05 18:26:09 - [MESSAGE][PASSED] - Actual text and expected text of test object 'Object Repository/07_Page_FunctionalGroups/Intestazioni/02_ID' are matched.

2017-12-05 18:26:09 - [TEST_STEP][PASSED] - verifyElementText: Actual text and expected text of test object 'Object Repository/07_Page_FunctionalGroups/Intestazioni/03_Name' are matched.

2017-12-05 18:26:09 - [MESSAGE][PASSED] - Actual text and expected text of test object 'Object Repository/07_Page_FunctionalGroups/Intestazioni/03_Name' are matched.

2017-12-05 18:26:09 - [TEST_STEP][PASSED] - verifyElementText: Actual text and expected text of test object 'Object Repository/07_Page_FunctionalGroups/Intestazioni/04_Code' are matched.

2017-12-05 18:26:09 - [MESSAGE][PASSED] - Actual text and expected text of test object 'Object Repository/07_Page_FunctionalGroups/Intestazioni/04_Code' are matched.

2017-12-05 18:26:09 - [TEST_STEP][PASSED] - closeBrowser: Browser is closed

2017-12-05 18:26:10 - [MESSAGE][PASSED] - Browser is closed]]></system-out>
         <system-err><![CDATA[]]></system-err>
      </testcase>
      <system-out><![CDATA[2017-12-05 18:25:53 - [TEST_SUITE][PASSED] - TS_07_FunctionalGroups: Test Cases/07_FunctionalGroups/TC_071_Functional Groups - Intestazioni]]></system-out>
      <system-err><![CDATA[]]></system-err>
   </testsuite>
</testsuites>
