<?xml version="1.0" encoding="UTF-8"?>
<testsuites name="TS_03_ProductFamilies" time="26" tests="1" failures="0" errors="0">
   <testsuite name="TS_03_ProductFamilies" tests="1" failures="0" errors="0" time="26" timestamp="2017-12-05 18:28:12" hostname="WorkPC - WorkPC" id="Test Suites/TS_Units/TS_03_ProductFamilies">
      <properties>
         <property name="deviceName" value=""/>
         <property name="devicePlatform" value=""/>
         <property name="logFolder" value="D:\\ABB\\ABB_KatTest1\\ABB_Test_Test\\Reports\\TS_Units\\TS_03_ProductFamilies\\20171205_182441"/>
         <property name="logFiles" value="D:\\ABB\\ABB_KatTest1\\ABB_Test_Test\\Reports\\TS_Units\\TS_03_ProductFamilies\\20171205_182441\\execution0.log"/>
         <property name="attachments" value=""/>
         <property name="hostName" value="WorkPC - WorkPC"/>
         <property name="os" value="Windows 10 64bit"/>
         <property name="katalonVersion" value="5.1.0.2"/>
         <property name="browser" value="Chrome 62.0.3202.94"/>
         <property name="hostAddress" value="192.168.56.1"/>
         <property name="sessionId" value="45e0446a0b1f374da9abaff378687870"/>
         <property name="seleniumVersion" value="3.7.1"/>
         <property name="proxyInformation" value="ProxyInformation{proxyOption=NO_PROXY, proxyServerType=HTTP, password=, proxyServerAddress=, proxyServerPort=0}"/>
         <property name="platform" value="Windows 10"/>
      </properties>
      <testcase name="Test Cases/03_ProductFamilies/03a_Page_ProductFamilies-List/TC_03a2 PFList-Verifica Select Name" classname="Test Cases/03_ProductFamilies/03a_Page_ProductFamilies-List/TC_03a2 PFList-Verifica Select Name" status="PASSED">
         <system-out><![CDATA[2017-12-05 18:28:13 - [TEST_CASE][PASSED] - Test Cases/03_ProductFamilies/03a_Page_ProductFamilies-List/TC_03a2 PFList-Verifica Select Name: Test Cases/03_ProductFamilies/03a_Page_ProductFamilies-List/TC_03a2 PFList-Verifica Select Name

2017-12-05 18:28:14 - [TEST_STEP][PASSED] - callTestCase: Call Test Case 'Test Cases/utilities/TC_0c-Login Corretto - ReUse' successfully

2017-12-05 18:28:15 - [TEST_CASE][PASSED] - Test Cases/utilities/TC_0c-Login Corretto - ReUse: Test Cases/utilities/TC_0c-Login Corretto - ReUse

2017-12-05 18:28:15 - [TEST_STEP][PASSED] - callTestCase: Call Test Case 'Test Cases/utilities/TC_0b_apertura pagina di login - ReUse' successfully

2017-12-05 18:28:15 - [TEST_CASE][PASSED] - Test Cases/utilities/TC_0b_apertura pagina di login - ReUse: Test Cases/utilities/TC_0b_apertura pagina di login - ReUse

2017-12-05 18:28:15 - [TEST_STEP][PASSED] - openBrowser: Browser is opened with url: ''

2017-12-05 18:28:19 - [MESSAGE][PASSED] - Browser is opened with url: ''

2017-12-05 18:28:19 - [TEST_STEP][PASSED] - maximizeWindow: Current window maximized

2017-12-05 18:28:20 - [MESSAGE][PASSED] - Current window maximized

2017-12-05 18:28:20 - [TEST_STEP][PASSED] - navigateToUrl: Navigate to 'http://bengen' successfully

2017-12-05 18:28:21 - [MESSAGE][PASSED] - Navigate to 'http://bengen' successfully

2017-12-05 18:28:21 - [TEST_STEP][PASSED] - verifyElementPresent: Object 'Object Repository/00_Page_ABB BenGen Authentication/ABB_logo' is present

2017-12-05 18:28:21 - [MESSAGE][WARNING] - Timeout '0' is invalid. Using default page load timeout: '30'

2017-12-05 18:28:21 - [MESSAGE][PASSED] - Object 'Object Repository/00_Page_ABB BenGen Authentication/ABB_logo' is present

2017-12-05 18:28:21 - [TEST_STEP][PASSED] - verifyElementPresent: Object 'Object Repository/00_Page_ABB BenGen Authentication/input_pass' is present

2017-12-05 18:28:21 - [MESSAGE][WARNING] - Timeout '0' is invalid. Using default page load timeout: '30'

2017-12-05 18:28:21 - [MESSAGE][PASSED] - Object 'Object Repository/00_Page_ABB BenGen Authentication/input_pass' is present

2017-12-05 18:28:21 - [TEST_STEP][PASSED] - verifyElementPresent: Object 'Object Repository/00_Page_ABB BenGen Authentication/input_user' is present

2017-12-05 18:28:21 - [MESSAGE][WARNING] - Timeout '0' is invalid. Using default page load timeout: '30'

2017-12-05 18:28:21 - [MESSAGE][PASSED] - Object 'Object Repository/00_Page_ABB BenGen Authentication/input_user' is present

2017-12-05 18:28:21 - [TEST_STEP][PASSED] - verifyElementPresent: Object 'Object Repository/00_Page_ABB BenGen Authentication/button_Login' is present

2017-12-05 18:28:21 - [MESSAGE][WARNING] - Timeout '0' is invalid. Using default page load timeout: '30'

2017-12-05 18:28:21 - [MESSAGE][PASSED] - Object 'Object Repository/00_Page_ABB BenGen Authentication/button_Login' is present

2017-12-05 18:28:22 - [MESSAGE][PASSED] - Call Test Case 'Test Cases/utilities/TC_0b_apertura pagina di login - ReUse' successfully

2017-12-05 18:28:22 - [TEST_STEP][PASSED] - setText: Text 'admin@admin.it' is set on object 'Object Repository/00_Page_ABB BenGen Authentication/input_user'

2017-12-05 18:28:22 - [MESSAGE][PASSED] - Text 'admin@admin.it' is set on object 'Object Repository/00_Page_ABB BenGen Authentication/input_user'

2017-12-05 18:28:22 - [TEST_STEP][PASSED] - setText: Text 'admin' is set on object 'Object Repository/00_Page_ABB BenGen Authentication/input_pass'

2017-12-05 18:28:22 - [MESSAGE][PASSED] - Text 'admin' is set on object 'Object Repository/00_Page_ABB BenGen Authentication/input_pass'

2017-12-05 18:28:22 - [TEST_STEP][PASSED] - click: Object: 'Object Repository/00_Page_ABB BenGen Authentication/button_Login' is clicked on

2017-12-05 18:28:23 - [MESSAGE][PASSED] - Object: 'Object Repository/00_Page_ABB BenGen Authentication/button_Login' is clicked on

2017-12-05 18:28:23 - [TEST_STEP][PASSED] - waitForElementPresent: Object 'Object Repository/00_Page_Aurora Vision BenGen/a_Aurora Vision Backoffice' is present

2017-12-05 18:28:26 - [MESSAGE][PASSED] - Object 'Object Repository/00_Page_Aurora Vision BenGen/a_Aurora Vision Backoffice' is present

2017-12-05 18:28:26 - [TEST_STEP][PASSED] - Statement - selfWindowTitle = com.kms.katalon.core.webui.keyword.WebUiBuiltInKeywords.getWindowTitle(): Current window's title is: 'Aurora Vision BenGen'

2017-12-05 18:28:26 - [MESSAGE][PASSED] - Current window's title is: 'Aurora Vision BenGen'

2017-12-05 18:28:26 - [TEST_STEP][PASSED] - verifyEqual: Actual object 'Aurora Vision BenGen' and expected object 'Aurora Vision BenGen' are equal

2017-12-05 18:28:26 - [MESSAGE][PASSED] - Actual object 'Aurora Vision BenGen' and expected object 'Aurora Vision BenGen' are equal

2017-12-05 18:28:26 - [MESSAGE][PASSED] - Call Test Case 'Test Cases/utilities/TC_0c-Login Corretto - ReUse' successfully

2017-12-05 18:28:26 - [TEST_STEP][PASSED] - Statement - viewPort = com.kms.katalon.core.webui.keyword.WebUiBuiltInKeywords.getViewportWidth(): Viewport width is 1366

2017-12-05 18:28:26 - [MESSAGE][PASSED] - Viewport width is 1366

2017-12-05 18:28:26 - [TEST_STEP][PASSED] - Statement - If (viewPort < 1400): Object: 'Object Repository/00_Page_MenuCheck/MenuResponsiveArrow' is clicked on

2017-12-05 18:28:26 - [TEST_STEP][PASSED] - click: Object: 'Object Repository/00_Page_MenuCheck/MenuResponsiveArrow' is clicked on

2017-12-05 18:28:26 - [MESSAGE][PASSED] - Object: 'Object Repository/00_Page_MenuCheck/MenuResponsiveArrow' is clicked on

2017-12-05 18:28:26 - [TEST_STEP][PASSED] - focus: Object: 'Object Repository/00_Page_MenuCheck/NavArrows/ProdLinesArrow_opn' is focused

2017-12-05 18:28:26 - [MESSAGE][PASSED] - Object: 'Object Repository/00_Page_MenuCheck/NavArrows/ProdLinesArrow_opn' is focused

2017-12-05 18:28:26 - [TEST_STEP][PASSED] - click: Object: 'Object Repository/00_Page_MenuCheck/NavArrows/ProdLinesArrow_opn' is clicked on

2017-12-05 18:28:26 - [MESSAGE][PASSED] - Object: 'Object Repository/00_Page_MenuCheck/NavArrows/ProdLinesArrow_opn' is clicked on

2017-12-05 18:28:26 - [TEST_STEP][PASSED] - focus: Object: 'Object Repository/00_Page_MenuCheck/NavArrows/ProdFamsArrow_cls' is focused

2017-12-05 18:28:27 - [MESSAGE][PASSED] - Object: 'Object Repository/00_Page_MenuCheck/NavArrows/ProdFamsArrow_cls' is focused

2017-12-05 18:28:27 - [TEST_STEP][PASSED] - click: Object: 'Object Repository/00_Page_MenuCheck/NavArrows/ProdFamsArrow_cls' is clicked on

2017-12-05 18:28:27 - [MESSAGE][PASSED] - Object: 'Object Repository/00_Page_MenuCheck/NavArrows/ProdFamsArrow_cls' is clicked on

2017-12-05 18:28:27 - [TEST_STEP][PASSED] - click: Object: 'Object Repository/00_Page_MenuCheck/VociMenu/04a_ProductFamilies_List' is clicked on

2017-12-05 18:28:27 - [MESSAGE][PASSED] - Object: 'Object Repository/00_Page_MenuCheck/VociMenu/04a_ProductFamilies_List' is clicked on

2017-12-05 18:28:27 - [TEST_STEP][PASSED] - click: Object: 'Object Repository/03_Page_ProductFamilies/03a_Page_ProductFamilies_List/NameSelectOptions/02_Select' is clicked on

2017-12-05 18:28:28 - [MESSAGE][PASSED] - Object: 'Object Repository/03_Page_ProductFamilies/03a_Page_ProductFamilies_List/NameSelectOptions/02_Select' is clicked on

2017-12-05 18:28:28 - [TEST_STEP][PASSED] - click: Object: 'Object Repository/03_Page_ProductFamilies/03a_Page_ProductFamilies_List/NameSelectOptions/div_CENTRAL-CORE' is clicked on

2017-12-05 18:28:28 - [MESSAGE][PASSED] - Object: 'Object Repository/03_Page_ProductFamilies/03a_Page_ProductFamilies_List/NameSelectOptions/div_CENTRAL-CORE' is clicked on

2017-12-05 18:28:28 - [TEST_STEP][PASSED] - click: Object: 'Object Repository/03_Page_ProductFamilies/03a_Page_ProductFamilies_List/NameSelectOptions/SelectArrow' is clicked on

2017-12-05 18:28:28 - [MESSAGE][PASSED] - Object: 'Object Repository/03_Page_ProductFamilies/03a_Page_ProductFamilies_List/NameSelectOptions/SelectArrow' is clicked on

2017-12-05 18:28:28 - [TEST_STEP][PASSED] - click: Object: 'Object Repository/03_Page_ProductFamilies/03a_Page_ProductFamilies_List/NameSelectOptions/div_Evo A' is clicked on

2017-12-05 18:28:29 - [MESSAGE][PASSED] - Object: 'Object Repository/03_Page_ProductFamilies/03a_Page_ProductFamilies_List/NameSelectOptions/div_Evo A' is clicked on

2017-12-05 18:28:29 - [TEST_STEP][PASSED] - click: Object: 'Object Repository/03_Page_ProductFamilies/03a_Page_ProductFamilies_List/NameSelectOptions/SelectArrow' is clicked on

2017-12-05 18:28:29 - [MESSAGE][PASSED] - Object: 'Object Repository/03_Page_ProductFamilies/03a_Page_ProductFamilies_List/NameSelectOptions/SelectArrow' is clicked on

2017-12-05 18:28:29 - [TEST_STEP][PASSED] - click: Object: 'Object Repository/03_Page_ProductFamilies/03a_Page_ProductFamilies_List/NameSelectOptions/div_Evo U' is clicked on

2017-12-05 18:28:29 - [MESSAGE][PASSED] - Object: 'Object Repository/03_Page_ProductFamilies/03a_Page_ProductFamilies_List/NameSelectOptions/div_Evo U' is clicked on

2017-12-05 18:28:29 - [TEST_STEP][PASSED] - click: Object: 'Object Repository/03_Page_ProductFamilies/03a_Page_ProductFamilies_List/NameSelectOptions/SelectArrow' is clicked on

2017-12-05 18:28:29 - [MESSAGE][PASSED] - Object: 'Object Repository/03_Page_ProductFamilies/03a_Page_ProductFamilies_List/NameSelectOptions/SelectArrow' is clicked on

2017-12-05 18:28:29 - [TEST_STEP][PASSED] - focus: Object: 'Object Repository/03_Page_ProductFamilies/03a_Page_ProductFamilies_List/NameSelectOptions/div_REACT-3.6(4.6)-TL' is focused

2017-12-05 18:28:29 - [MESSAGE][PASSED] - Object: 'Object Repository/03_Page_ProductFamilies/03a_Page_ProductFamilies_List/NameSelectOptions/div_REACT-3.6(4.6)-TL' is focused

2017-12-05 18:28:29 - [TEST_STEP][PASSED] - click: Object: 'Object Repository/03_Page_ProductFamilies/03a_Page_ProductFamilies_List/NameSelectOptions/div_REACT-3.6(4.6)-TL' is clicked on

2017-12-05 18:28:29 - [MESSAGE][PASSED] - Object: 'Object Repository/03_Page_ProductFamilies/03a_Page_ProductFamilies_List/NameSelectOptions/div_REACT-3.6(4.6)-TL' is clicked on

2017-12-05 18:28:29 - [TEST_STEP][PASSED] - click: Object: 'Object Repository/03_Page_ProductFamilies/03a_Page_ProductFamilies_List/NameSelectOptions/SelectArrow' is clicked on

2017-12-05 18:28:30 - [MESSAGE][PASSED] - Object: 'Object Repository/03_Page_ProductFamilies/03a_Page_ProductFamilies_List/NameSelectOptions/SelectArrow' is clicked on

2017-12-05 18:28:30 - [TEST_STEP][PASSED] - focus: Object: 'Object Repository/03_Page_ProductFamilies/03a_Page_ProductFamilies_List/NameSelectOptions/div_TRIO-50.0(60.0)-TL-OUTD-US' is focused

2017-12-05 18:28:30 - [MESSAGE][PASSED] - Object: 'Object Repository/03_Page_ProductFamilies/03a_Page_ProductFamilies_List/NameSelectOptions/div_TRIO-50.0(60.0)-TL-OUTD-US' is focused

2017-12-05 18:28:30 - [TEST_STEP][PASSED] - click: Object: 'Object Repository/03_Page_ProductFamilies/03a_Page_ProductFamilies_List/NameSelectOptions/div_TRIO-50.0(60.0)-TL-OUTD-US' is clicked on

2017-12-05 18:28:30 - [MESSAGE][PASSED] - Object: 'Object Repository/03_Page_ProductFamilies/03a_Page_ProductFamilies_List/NameSelectOptions/div_TRIO-50.0(60.0)-TL-OUTD-US' is clicked on

2017-12-05 18:28:30 - [TEST_STEP][PASSED] - click: Object: 'Object Repository/03_Page_ProductFamilies/03a_Page_ProductFamilies_List/NameSelectOptions/SelectArrow' is clicked on

2017-12-05 18:28:30 - [MESSAGE][PASSED] - Object: 'Object Repository/03_Page_ProductFamilies/03a_Page_ProductFamilies_List/NameSelectOptions/SelectArrow' is clicked on

2017-12-05 18:28:30 - [TEST_STEP][PASSED] - focus: Object: 'Object Repository/03_Page_ProductFamilies/03a_Page_ProductFamilies_List/NameSelectOptions/div_TRIO-50.0-TL-OUTD-JP' is focused

2017-12-05 18:28:30 - [MESSAGE][PASSED] - Object: 'Object Repository/03_Page_ProductFamilies/03a_Page_ProductFamilies_List/NameSelectOptions/div_TRIO-50.0-TL-OUTD-JP' is focused

2017-12-05 18:28:30 - [TEST_STEP][PASSED] - click: Object: 'Object Repository/03_Page_ProductFamilies/03a_Page_ProductFamilies_List/NameSelectOptions/div_TRIO-50.0-TL-OUTD-JP' is clicked on

2017-12-05 18:28:31 - [MESSAGE][PASSED] - Object: 'Object Repository/03_Page_ProductFamilies/03a_Page_ProductFamilies_List/NameSelectOptions/div_TRIO-50.0-TL-OUTD-JP' is clicked on

2017-12-05 18:28:31 - [TEST_STEP][PASSED] - click: Object: 'Object Repository/03_Page_ProductFamilies/03a_Page_ProductFamilies_List/NameSelectOptions/SelectArrow' is clicked on

2017-12-05 18:28:31 - [MESSAGE][PASSED] - Object: 'Object Repository/03_Page_ProductFamilies/03a_Page_ProductFamilies_List/NameSelectOptions/SelectArrow' is clicked on

2017-12-05 18:28:31 - [TEST_STEP][PASSED] - focus: Object: 'Object Repository/03_Page_ProductFamilies/03a_Page_ProductFamilies_List/NameSelectOptions/div_TRIO-50.0-TL-OUTD' is focused

2017-12-05 18:28:31 - [MESSAGE][PASSED] - Object: 'Object Repository/03_Page_ProductFamilies/03a_Page_ProductFamilies_List/NameSelectOptions/div_TRIO-50.0-TL-OUTD' is focused

2017-12-05 18:28:31 - [TEST_STEP][PASSED] - click: Object: 'Object Repository/03_Page_ProductFamilies/03a_Page_ProductFamilies_List/NameSelectOptions/div_TRIO-50.0-TL-OUTD' is clicked on

2017-12-05 18:28:31 - [MESSAGE][PASSED] - Object: 'Object Repository/03_Page_ProductFamilies/03a_Page_ProductFamilies_List/NameSelectOptions/div_TRIO-50.0-TL-OUTD' is clicked on

2017-12-05 18:28:31 - [TEST_STEP][PASSED] - click: Object: 'Object Repository/03_Page_ProductFamilies/03a_Page_ProductFamilies_List/NameSelectOptions/SelectArrow' is clicked on

2017-12-05 18:28:31 - [MESSAGE][PASSED] - Object: 'Object Repository/03_Page_ProductFamilies/03a_Page_ProductFamilies_List/NameSelectOptions/SelectArrow' is clicked on

2017-12-05 18:28:31 - [TEST_STEP][PASSED] - focus: Object: 'Object Repository/03_Page_ProductFamilies/03a_Page_ProductFamilies_List/NameSelectOptions/div_TRIO-60.0-TL-OUTD' is focused

2017-12-05 18:28:31 - [MESSAGE][PASSED] - Object: 'Object Repository/03_Page_ProductFamilies/03a_Page_ProductFamilies_List/NameSelectOptions/div_TRIO-60.0-TL-OUTD' is focused

2017-12-05 18:28:31 - [TEST_STEP][PASSED] - click: Object: 'Object Repository/03_Page_ProductFamilies/03a_Page_ProductFamilies_List/NameSelectOptions/div_TRIO-60.0-TL-OUTD' is clicked on

2017-12-05 18:28:32 - [MESSAGE][PASSED] - Object: 'Object Repository/03_Page_ProductFamilies/03a_Page_ProductFamilies_List/NameSelectOptions/div_TRIO-60.0-TL-OUTD' is clicked on

2017-12-05 18:28:32 - [TEST_STEP][PASSED] - click: Object: 'Object Repository/03_Page_ProductFamilies/03a_Page_ProductFamilies_List/NameSelectOptions/SelectArrow' is clicked on

2017-12-05 18:28:32 - [MESSAGE][PASSED] - Object: 'Object Repository/03_Page_ProductFamilies/03a_Page_ProductFamilies_List/NameSelectOptions/SelectArrow' is clicked on

2017-12-05 18:28:32 - [TEST_STEP][PASSED] - focus: Object: 'Object Repository/03_Page_ProductFamilies/03a_Page_ProductFamilies_List/NameSelectOptions/div_TRIO-8.5(7.5)(5.8)-TL-OUTD' is focused

2017-12-05 18:28:32 - [MESSAGE][PASSED] - Object: 'Object Repository/03_Page_ProductFamilies/03a_Page_ProductFamilies_List/NameSelectOptions/div_TRIO-8.5(7.5)(5.8)-TL-OUTD' is focused

2017-12-05 18:28:32 - [TEST_STEP][PASSED] - click: Object: 'Object Repository/03_Page_ProductFamilies/03a_Page_ProductFamilies_List/NameSelectOptions/div_TRIO-8.5(7.5)(5.8)-TL-OUTD' is clicked on

2017-12-05 18:28:33 - [MESSAGE][PASSED] - Object: 'Object Repository/03_Page_ProductFamilies/03a_Page_ProductFamilies_List/NameSelectOptions/div_TRIO-8.5(7.5)(5.8)-TL-OUTD' is clicked on

2017-12-05 18:28:33 - [TEST_STEP][PASSED] - click: Object: 'Object Repository/03_Page_ProductFamilies/03a_Page_ProductFamilies_List/NameSelectOptions/SelectArrow' is clicked on

2017-12-05 18:28:33 - [MESSAGE][PASSED] - Object: 'Object Repository/03_Page_ProductFamilies/03a_Page_ProductFamilies_List/NameSelectOptions/SelectArrow' is clicked on

2017-12-05 18:28:33 - [TEST_STEP][PASSED] - focus: Object: 'Object Repository/03_Page_ProductFamilies/03a_Page_ProductFamilies_List/NameSelectOptions/div_UNO-2.0(3.0)-TL-OUTD-US' is focused

2017-12-05 18:28:33 - [MESSAGE][PASSED] - Object: 'Object Repository/03_Page_ProductFamilies/03a_Page_ProductFamilies_List/NameSelectOptions/div_UNO-2.0(3.0)-TL-OUTD-US' is focused

2017-12-05 18:28:33 - [TEST_STEP][PASSED] - click: Object: 'Object Repository/03_Page_ProductFamilies/03a_Page_ProductFamilies_List/NameSelectOptions/div_UNO-2.0(3.0)-TL-OUTD-US' is clicked on

2017-12-05 18:28:34 - [MESSAGE][PASSED] - Object: 'Object Repository/03_Page_ProductFamilies/03a_Page_ProductFamilies_List/NameSelectOptions/div_UNO-2.0(3.0)-TL-OUTD-US' is clicked on

2017-12-05 18:28:34 - [TEST_STEP][PASSED] - click: Object: 'Object Repository/03_Page_ProductFamilies/03a_Page_ProductFamilies_List/NameSelectOptions/SelectArrow' is clicked on

2017-12-05 18:28:34 - [MESSAGE][PASSED] - Object: 'Object Repository/03_Page_ProductFamilies/03a_Page_ProductFamilies_List/NameSelectOptions/SelectArrow' is clicked on

2017-12-05 18:28:34 - [TEST_STEP][PASSED] - focus: Object: 'Object Repository/03_Page_ProductFamilies/03a_Page_ProductFamilies_List/NameSelectOptions/div_UNO-2.0(3.0)-TL-OUTD' is focused

2017-12-05 18:28:34 - [MESSAGE][PASSED] - Object: 'Object Repository/03_Page_ProductFamilies/03a_Page_ProductFamilies_List/NameSelectOptions/div_UNO-2.0(3.0)-TL-OUTD' is focused

2017-12-05 18:28:34 - [TEST_STEP][PASSED] - click: Object: 'Object Repository/03_Page_ProductFamilies/03a_Page_ProductFamilies_List/NameSelectOptions/div_UNO-2.0(3.0)-TL-OUTD' is clicked on

2017-12-05 18:28:34 - [MESSAGE][PASSED] - Object: 'Object Repository/03_Page_ProductFamilies/03a_Page_ProductFamilies_List/NameSelectOptions/div_UNO-2.0(3.0)-TL-OUTD' is clicked on

2017-12-05 18:28:34 - [TEST_STEP][PASSED] - click: Object: 'Object Repository/03_Page_ProductFamilies/03a_Page_ProductFamilies_List/NameSelectOptions/SelectArrow' is clicked on

2017-12-05 18:28:34 - [MESSAGE][PASSED] - Object: 'Object Repository/03_Page_ProductFamilies/03a_Page_ProductFamilies_List/NameSelectOptions/SelectArrow' is clicked on

2017-12-05 18:28:34 - [TEST_STEP][PASSED] - focus: Object: 'Object Repository/03_Page_ProductFamilies/03a_Page_ProductFamilies_List/NameSelectOptions/div_UNO-3.6(3.8)(4.2)-TL-OUTD' is focused

2017-12-05 18:28:35 - [MESSAGE][PASSED] - Object: 'Object Repository/03_Page_ProductFamilies/03a_Page_ProductFamilies_List/NameSelectOptions/div_UNO-3.6(3.8)(4.2)-TL-OUTD' is focused

2017-12-05 18:28:35 - [TEST_STEP][PASSED] - click: Object: 'Object Repository/03_Page_ProductFamilies/03a_Page_ProductFamilies_List/NameSelectOptions/div_UNO-3.6(3.8)(4.2)-TL-OUTD' is clicked on

2017-12-05 18:28:35 - [MESSAGE][PASSED] - Object: 'Object Repository/03_Page_ProductFamilies/03a_Page_ProductFamilies_List/NameSelectOptions/div_UNO-3.6(3.8)(4.2)-TL-OUTD' is clicked on

2017-12-05 18:28:35 - [TEST_STEP][PASSED] - click: Object: 'Object Repository/03_Page_ProductFamilies/03a_Page_ProductFamilies_List/NameSelectOptions/SelectArrow' is clicked on

2017-12-05 18:28:35 - [MESSAGE][PASSED] - Object: 'Object Repository/03_Page_ProductFamilies/03a_Page_ProductFamilies_List/NameSelectOptions/SelectArrow' is clicked on

2017-12-05 18:28:35 - [TEST_STEP][PASSED] - focus: Object: 'Object Repository/03_Page_ProductFamilies/03a_Page_ProductFamilies_List/NameSelectOptions/div_UNO-7.6(8.6)-TL-OUTD' is focused

2017-12-05 18:28:35 - [MESSAGE][PASSED] - Object: 'Object Repository/03_Page_ProductFamilies/03a_Page_ProductFamilies_List/NameSelectOptions/div_UNO-7.6(8.6)-TL-OUTD' is focused

2017-12-05 18:28:35 - [TEST_STEP][PASSED] - click: Object: 'Object Repository/03_Page_ProductFamilies/03a_Page_ProductFamilies_List/NameSelectOptions/div_UNO-7.6(8.6)-TL-OUTD' is clicked on

2017-12-05 18:28:35 - [MESSAGE][PASSED] - Object: 'Object Repository/03_Page_ProductFamilies/03a_Page_ProductFamilies_List/NameSelectOptions/div_UNO-7.6(8.6)-TL-OUTD' is clicked on

2017-12-05 18:28:35 - [TEST_STEP][PASSED] - click: Object: 'Object Repository/03_Page_ProductFamilies/03a_Page_ProductFamilies_List/NameSelectOptions/SelectArrow' is clicked on

2017-12-05 18:28:36 - [MESSAGE][PASSED] - Object: 'Object Repository/03_Page_ProductFamilies/03a_Page_ProductFamilies_List/NameSelectOptions/SelectArrow' is clicked on

2017-12-05 18:28:36 - [TEST_STEP][PASSED] - focus: Object: 'Object Repository/03_Page_ProductFamilies/03a_Page_ProductFamilies_List/NameSelectOptions/div_UNO-DM-5.0_1.2-TL-PLUS-EU' is focused

2017-12-05 18:28:36 - [MESSAGE][PASSED] - Object: 'Object Repository/03_Page_ProductFamilies/03a_Page_ProductFamilies_List/NameSelectOptions/div_UNO-DM-5.0_1.2-TL-PLUS-EU' is focused

2017-12-05 18:28:36 - [TEST_STEP][PASSED] - click: Object: 'Object Repository/03_Page_ProductFamilies/03a_Page_ProductFamilies_List/NameSelectOptions/div_UNO-DM-5.0_1.2-TL-PLUS-EU' is clicked on

2017-12-05 18:28:36 - [MESSAGE][PASSED] - Object: 'Object Repository/03_Page_ProductFamilies/03a_Page_ProductFamilies_List/NameSelectOptions/div_UNO-DM-5.0_1.2-TL-PLUS-EU' is clicked on

2017-12-05 18:28:36 - [TEST_STEP][PASSED] - click: Object: 'Object Repository/03_Page_ProductFamilies/03a_Page_ProductFamilies_List/NameSelectOptions/SelectArrow' is clicked on

2017-12-05 18:28:36 - [MESSAGE][PASSED] - Object: 'Object Repository/03_Page_ProductFamilies/03a_Page_ProductFamilies_List/NameSelectOptions/SelectArrow' is clicked on

2017-12-05 18:28:36 - [TEST_STEP][PASSED] - focus: Object: 'Object Repository/03_Page_ProductFamilies/03a_Page_ProductFamilies_List/NameSelectOptions/div_UNO-DM-5.0_3.3-TL-PLUS-US' is focused

2017-12-05 18:28:36 - [MESSAGE][PASSED] - Object: 'Object Repository/03_Page_ProductFamilies/03a_Page_ProductFamilies_List/NameSelectOptions/div_UNO-DM-5.0_3.3-TL-PLUS-US' is focused

2017-12-05 18:28:36 - [TEST_STEP][PASSED] - click: Object: 'Object Repository/03_Page_ProductFamilies/03a_Page_ProductFamilies_List/NameSelectOptions/div_UNO-DM-5.0_3.3-TL-PLUS-US' is clicked on

2017-12-05 18:28:37 - [MESSAGE][PASSED] - Object: 'Object Repository/03_Page_ProductFamilies/03a_Page_ProductFamilies_List/NameSelectOptions/div_UNO-DM-5.0_3.3-TL-PLUS-US' is clicked on

2017-12-05 18:28:37 - [TEST_STEP][PASSED] - click: Object: 'Object Repository/03_Page_ProductFamilies/03a_Page_ProductFamilies_List/NameSelectOptions/SelectArrow' is clicked on

2017-12-05 18:28:37 - [MESSAGE][PASSED] - Object: 'Object Repository/03_Page_ProductFamilies/03a_Page_ProductFamilies_List/NameSelectOptions/SelectArrow' is clicked on

2017-12-05 18:28:37 - [TEST_STEP][PASSED] - focus: Object: 'Object Repository/03_Page_ProductFamilies/03a_Page_ProductFamilies_List/NameSelectOptions/div_UNO-DM-6.0-TL-PLUS-EU' is focused

2017-12-05 18:28:37 - [MESSAGE][PASSED] - Object: 'Object Repository/03_Page_ProductFamilies/03a_Page_ProductFamilies_List/NameSelectOptions/div_UNO-DM-6.0-TL-PLUS-EU' is focused

2017-12-05 18:28:37 - [TEST_STEP][PASSED] - click: Object: 'Object Repository/03_Page_ProductFamilies/03a_Page_ProductFamilies_List/NameSelectOptions/div_UNO-DM-6.0-TL-PLUS-EU' is clicked on

2017-12-05 18:28:37 - [MESSAGE][PASSED] - Object: 'Object Repository/03_Page_ProductFamilies/03a_Page_ProductFamilies_List/NameSelectOptions/div_UNO-DM-6.0-TL-PLUS-EU' is clicked on

2017-12-05 18:28:37 - [TEST_STEP][PASSED] - click: Object: 'Object Repository/03_Page_ProductFamilies/03a_Page_ProductFamilies_List/NameSelectOptions/SelectArrow' is clicked on

2017-12-05 18:28:37 - [MESSAGE][PASSED] - Object: 'Object Repository/03_Page_ProductFamilies/03a_Page_ProductFamilies_List/NameSelectOptions/SelectArrow' is clicked on

2017-12-05 18:28:37 - [TEST_STEP][PASSED] - focus: Object: 'Object Repository/03_Page_ProductFamilies/03a_Page_ProductFamilies_List/NameSelectOptions/div_UNO-DM-6.0-TL-PLUS-US' is focused

2017-12-05 18:28:38 - [MESSAGE][PASSED] - Object: 'Object Repository/03_Page_ProductFamilies/03a_Page_ProductFamilies_List/NameSelectOptions/div_UNO-DM-6.0-TL-PLUS-US' is focused

2017-12-05 18:28:38 - [TEST_STEP][PASSED] - click: Object: 'Object Repository/03_Page_ProductFamilies/03a_Page_ProductFamilies_List/NameSelectOptions/div_UNO-DM-6.0-TL-PLUS-US' is clicked on

2017-12-05 18:28:38 - [MESSAGE][PASSED] - Object: 'Object Repository/03_Page_ProductFamilies/03a_Page_ProductFamilies_List/NameSelectOptions/div_UNO-DM-6.0-TL-PLUS-US' is clicked on

2017-12-05 18:28:38 - [TEST_STEP][PASSED] - closeBrowser: Browser is closed

2017-12-05 18:28:38 - [MESSAGE][PASSED] - Browser is closed]]></system-out>
         <system-err><![CDATA[]]></system-err>
      </testcase>
      <system-out><![CDATA[2017-12-05 18:28:12 - [TEST_SUITE][PASSED] - TS_03_ProductFamilies: Test Cases/03_ProductFamilies/03a_Page_ProductFamilies-List/TC_03a2 PFList-Verifica Select Name]]></system-out>
      <system-err><![CDATA[]]></system-err>
   </testsuite>
</testsuites>
