<?xml version="1.0" encoding="UTF-8"?>
<testsuites name="FullSuite" time="127" tests="9" failures="0" errors="0">
   <testsuite name="FullSuite" tests="9" failures="0" errors="0" time="127" timestamp="2017-10-13 17:45:21" hostname="WorkPC - WorkPC" id="Test Suites/FullSuite">
      <properties>
         <property name="deviceName" value=""/>
         <property name="devicePlatform" value=""/>
         <property name="logFolder" value="D:\\ABB\\ABB_KatTest1\\ABB_Test_Test\\Reports\\FullSuite\\20171013_174518"/>
         <property name="logFiles" value="D:\\ABB\\ABB_KatTest1\\ABB_Test_Test\\Reports\\FullSuite\\20171013_174518\\execution0.log"/>
         <property name="attachments" value=""/>
         <property name="hostName" value="WorkPC - WorkPC"/>
         <property name="os" value="Windows 10 64bit"/>
         <property name="katalonVersion" value="4.8.0.2"/>
         <property name="browser" value="Firefox 56.0"/>
         <property name="hostAddress" value="192.168.56.1"/>
         <property name="sessionId" value="dff6bfeb-4a67-4896-91f3-c7c9bbd755c3"/>
         <property name="seleniumVersion" value="2.53.0"/>
         <property name="proxyInformation" value="ProxyInformation{proxyOption=NO_PROXY, proxyServerType=HTTP, password=, proxyServerAddress=, proxyServerPort=0}"/>
         <property name="platform" value="Windows 10"/>
      </properties>
      <testcase name="Test Cases/page1_loginPage/TC_01_apertura pagina di login-closeBrowser" classname="Test Cases/page1_loginPage/TC_01_apertura pagina di login-closeBrowser" status="PASSED">
         <system-out><![CDATA[2017-10-13 17:45:22 - [TEST_CASE][PASSED] - Test Cases/page1_loginPage/TC_01_apertura pagina di login-closeBrowser: Test Cases/page1_loginPage/TC_01_apertura pagina di login-closeBrowser

2017-10-13 17:45:23 - [TEST_STEP][PASSED] - openBrowser: Browser is opened with url: ''

2017-10-13 17:45:30 - [MESSAGE][PASSED] - Browser is opened with url: ''

2017-10-13 17:45:30 - [TEST_STEP][PASSED] - maximizeWindow: Current window maximized

2017-10-13 17:45:31 - [MESSAGE][PASSED] - Current window maximized

2017-10-13 17:45:31 - [TEST_STEP][PASSED] - navigateToUrl: Navigate to 'http://bengen' successfully

2017-10-13 17:45:32 - [MESSAGE][PASSED] - Navigate to 'http://bengen' successfully

2017-10-13 17:45:32 - [TEST_STEP][PASSED] - verifyElementPresent: Object 'Object Repository/Page_ABB BenGen Authentication/ABB_logo' is present

2017-10-13 17:45:32 - [MESSAGE][WARNING] - Timeout '0' is invalid. Using default page load timeout: '30'

2017-10-13 17:45:32 - [MESSAGE][PASSED] - Object 'Object Repository/Page_ABB BenGen Authentication/ABB_logo' is present

2017-10-13 17:45:32 - [TEST_STEP][PASSED] - verifyElementPresent: Object 'Object Repository/Page_ABB BenGen Authentication/input_user' is present

2017-10-13 17:45:32 - [MESSAGE][WARNING] - Timeout '0' is invalid. Using default page load timeout: '30'

2017-10-13 17:45:32 - [MESSAGE][PASSED] - Object 'Object Repository/Page_ABB BenGen Authentication/input_user' is present

2017-10-13 17:45:32 - [TEST_STEP][PASSED] - verifyElementPresent: Object 'Object Repository/Page_ABB BenGen Authentication/input_pass' is present

2017-10-13 17:45:32 - [MESSAGE][WARNING] - Timeout '0' is invalid. Using default page load timeout: '30'

2017-10-13 17:45:33 - [MESSAGE][PASSED] - Object 'Object Repository/Page_ABB BenGen Authentication/input_pass' is present

2017-10-13 17:45:33 - [TEST_STEP][PASSED] - verifyElementPresent: Object 'Object Repository/Page_ABB BenGen Authentication/button_Login' is present

2017-10-13 17:45:33 - [MESSAGE][WARNING] - Timeout '0' is invalid. Using default page load timeout: '30'

2017-10-13 17:45:33 - [MESSAGE][PASSED] - Object 'Object Repository/Page_ABB BenGen Authentication/button_Login' is present

2017-10-13 17:45:33 - [TEST_STEP][PASSED] - closeBrowser: Browser is closed

2017-10-13 17:45:34 - [MESSAGE][PASSED] - Browser is closed]]></system-out>
         <system-err><![CDATA[]]></system-err>
      </testcase>
      <testcase name="Test Cases/page1_loginPage/TC_02_Credenziali corrette" classname="Test Cases/page1_loginPage/TC_02_Credenziali corrette" status="PASSED">
         <system-out><![CDATA[2017-10-13 17:45:34 - [TEST_CASE][PASSED] - Test Cases/page1_loginPage/TC_02_Credenziali corrette: Test Cases/page1_loginPage/TC_02_Credenziali corrette

2017-10-13 17:45:35 - [TEST_STEP][PASSED] - callTestCase: Call Test Case 'Test Cases/utilities/TC_0b_apertura pagina di login - ReUse' successfully

2017-10-13 17:45:35 - [TEST_CASE][PASSED] - Test Cases/utilities/TC_0b_apertura pagina di login - ReUse: Test Cases/utilities/TC_0b_apertura pagina di login - ReUse

2017-10-13 17:45:35 - [TEST_STEP][PASSED] - openBrowser: Browser is opened with url: ''

2017-10-13 17:45:40 - [MESSAGE][PASSED] - Browser is opened with url: ''

2017-10-13 17:45:40 - [TEST_STEP][PASSED] - maximizeWindow: Current window maximized

2017-10-13 17:45:40 - [MESSAGE][PASSED] - Current window maximized

2017-10-13 17:45:40 - [TEST_STEP][PASSED] - navigateToUrl: Navigate to 'http://bengen' successfully

2017-10-13 17:45:41 - [MESSAGE][PASSED] - Navigate to 'http://bengen' successfully

2017-10-13 17:45:41 - [TEST_STEP][PASSED] - verifyElementPresent: Object 'Object Repository/Page_ABB BenGen Authentication/ABB_logo' is present

2017-10-13 17:45:41 - [MESSAGE][WARNING] - Timeout '0' is invalid. Using default page load timeout: '30'

2017-10-13 17:45:41 - [MESSAGE][PASSED] - Object 'Object Repository/Page_ABB BenGen Authentication/ABB_logo' is present

2017-10-13 17:45:41 - [TEST_STEP][PASSED] - verifyElementPresent: Object 'Object Repository/Page_ABB BenGen Authentication/input_pass' is present

2017-10-13 17:45:41 - [MESSAGE][WARNING] - Timeout '0' is invalid. Using default page load timeout: '30'

2017-10-13 17:45:41 - [MESSAGE][PASSED] - Object 'Object Repository/Page_ABB BenGen Authentication/input_pass' is present

2017-10-13 17:45:41 - [TEST_STEP][PASSED] - verifyElementPresent: Object 'Object Repository/Page_ABB BenGen Authentication/input_user' is present

2017-10-13 17:45:42 - [MESSAGE][WARNING] - Timeout '0' is invalid. Using default page load timeout: '30'

2017-10-13 17:45:42 - [MESSAGE][PASSED] - Object 'Object Repository/Page_ABB BenGen Authentication/input_user' is present

2017-10-13 17:45:42 - [TEST_STEP][PASSED] - verifyElementPresent: Object 'Object Repository/Page_ABB BenGen Authentication/button_Login' is present

2017-10-13 17:45:42 - [MESSAGE][WARNING] - Timeout '0' is invalid. Using default page load timeout: '30'

2017-10-13 17:45:42 - [MESSAGE][PASSED] - Object 'Object Repository/Page_ABB BenGen Authentication/button_Login' is present

2017-10-13 17:45:42 - [MESSAGE][PASSED] - Call Test Case 'Test Cases/utilities/TC_0b_apertura pagina di login - ReUse' successfully

2017-10-13 17:45:42 - [TEST_STEP][PASSED] - setText: Text 'admin@admin.it' is set on object 'Object Repository/Page_ABB BenGen Authentication/input_user'

2017-10-13 17:45:42 - [MESSAGE][PASSED] - Text 'admin@admin.it' is set on object 'Object Repository/Page_ABB BenGen Authentication/input_user'

2017-10-13 17:45:42 - [TEST_STEP][PASSED] - setText: Text 'admin' is set on object 'Object Repository/Page_ABB BenGen Authentication/input_pass'

2017-10-13 17:45:43 - [MESSAGE][PASSED] - Text 'admin' is set on object 'Object Repository/Page_ABB BenGen Authentication/input_pass'

2017-10-13 17:45:43 - [TEST_STEP][PASSED] - click: Object: 'Object Repository/Page_ABB BenGen Authentication/button_Login' is clicked on

2017-10-13 17:45:43 - [MESSAGE][PASSED] - Object: 'Object Repository/Page_ABB BenGen Authentication/button_Login' is clicked on

2017-10-13 17:45:43 - [TEST_STEP][PASSED] - waitForElementPresent: Object 'Object Repository/Page_Aurora Vision BenGen/a_Aurora Vision Backoffice' is present

2017-10-13 17:45:49 - [MESSAGE][PASSED] - Object 'Object Repository/Page_Aurora Vision BenGen/a_Aurora Vision Backoffice' is present

2017-10-13 17:45:49 - [TEST_STEP][PASSED] - Statement - selfWindowTitle = com.kms.katalon.core.webui.keyword.WebUiBuiltInKeywords.getWindowTitle(): Current window's title is: 'Aurora Vision BenGen'

2017-10-13 17:45:49 - [MESSAGE][PASSED] - Current window's title is: 'Aurora Vision BenGen'

2017-10-13 17:45:49 - [TEST_STEP][PASSED] - verifyEqual: Actual object 'Aurora Vision BenGen' and expected object 'Aurora Vision BenGen' are equal

2017-10-13 17:45:49 - [MESSAGE][PASSED] - Actual object 'Aurora Vision BenGen' and expected object 'Aurora Vision BenGen' are equal

2017-10-13 17:45:49 - [TEST_STEP][PASSED] - Statement - selfUrl = com.kms.katalon.core.webui.keyword.WebUiBuiltInKeywords.getUrl(): Current window's url is: 'http://bengen/build/#!/product-lines'

2017-10-13 17:45:49 - [MESSAGE][PASSED] - Current window's url is: 'http://bengen/build/#!/product-lines'

2017-10-13 17:45:49 - [TEST_STEP][PASSED] - verifyEqual: Actual object 'http://bengen/build/#!/product-lines' and expected object 'http://bengen/build/#!/product-lines' are equal

2017-10-13 17:45:49 - [MESSAGE][PASSED] - Actual object 'http://bengen/build/#!/product-lines' and expected object 'http://bengen/build/#!/product-lines' are equal

2017-10-13 17:45:49 - [TEST_STEP][PASSED] - closeBrowser: Browser is closed

2017-10-13 17:45:50 - [MESSAGE][PASSED] - Browser is closed]]></system-out>
         <system-err><![CDATA[]]></system-err>
      </testcase>
      <testcase name="Test Cases/page1_loginPage/TC_03_Credenziali vuote" classname="Test Cases/page1_loginPage/TC_03_Credenziali vuote" status="PASSED">
         <system-out><![CDATA[2017-10-13 17:45:50 - [TEST_CASE][PASSED] - Test Cases/page1_loginPage/TC_03_Credenziali vuote: Test Cases/page1_loginPage/TC_03_Credenziali vuote

2017-10-13 17:45:50 - [TEST_STEP][PASSED] - callTestCase: Call Test Case 'Test Cases/utilities/TC_0b_apertura pagina di login - ReUse' successfully

2017-10-13 17:45:50 - [TEST_CASE][PASSED] - Test Cases/utilities/TC_0b_apertura pagina di login - ReUse: Test Cases/utilities/TC_0b_apertura pagina di login - ReUse

2017-10-13 17:45:50 - [TEST_STEP][PASSED] - openBrowser: Browser is opened with url: ''

2017-10-13 17:45:55 - [MESSAGE][PASSED] - Browser is opened with url: ''

2017-10-13 17:45:55 - [TEST_STEP][PASSED] - maximizeWindow: Current window maximized

2017-10-13 17:45:55 - [MESSAGE][PASSED] - Current window maximized

2017-10-13 17:45:55 - [TEST_STEP][PASSED] - navigateToUrl: Navigate to 'http://bengen' successfully

2017-10-13 17:45:56 - [MESSAGE][PASSED] - Navigate to 'http://bengen' successfully

2017-10-13 17:45:56 - [TEST_STEP][PASSED] - verifyElementPresent: Object 'Object Repository/Page_ABB BenGen Authentication/ABB_logo' is present

2017-10-13 17:45:56 - [MESSAGE][WARNING] - Timeout '0' is invalid. Using default page load timeout: '30'

2017-10-13 17:45:56 - [MESSAGE][PASSED] - Object 'Object Repository/Page_ABB BenGen Authentication/ABB_logo' is present

2017-10-13 17:45:56 - [TEST_STEP][PASSED] - verifyElementPresent: Object 'Object Repository/Page_ABB BenGen Authentication/input_pass' is present

2017-10-13 17:45:56 - [MESSAGE][WARNING] - Timeout '0' is invalid. Using default page load timeout: '30'

2017-10-13 17:45:56 - [MESSAGE][PASSED] - Object 'Object Repository/Page_ABB BenGen Authentication/input_pass' is present

2017-10-13 17:45:56 - [TEST_STEP][PASSED] - verifyElementPresent: Object 'Object Repository/Page_ABB BenGen Authentication/input_user' is present

2017-10-13 17:45:56 - [MESSAGE][WARNING] - Timeout '0' is invalid. Using default page load timeout: '30'

2017-10-13 17:45:56 - [MESSAGE][PASSED] - Object 'Object Repository/Page_ABB BenGen Authentication/input_user' is present

2017-10-13 17:45:56 - [TEST_STEP][PASSED] - verifyElementPresent: Object 'Object Repository/Page_ABB BenGen Authentication/button_Login' is present

2017-10-13 17:45:56 - [MESSAGE][WARNING] - Timeout '0' is invalid. Using default page load timeout: '30'

2017-10-13 17:45:57 - [MESSAGE][PASSED] - Object 'Object Repository/Page_ABB BenGen Authentication/button_Login' is present

2017-10-13 17:45:57 - [MESSAGE][PASSED] - Call Test Case 'Test Cases/utilities/TC_0b_apertura pagina di login - ReUse' successfully

2017-10-13 17:45:57 - [TEST_STEP][PASSED] - setText: Text '' is set on object 'Object Repository/Page_ABB BenGen Authentication/input_user'

2017-10-13 17:45:57 - [MESSAGE][PASSED] - Text '' is set on object 'Object Repository/Page_ABB BenGen Authentication/input_user'

2017-10-13 17:45:57 - [TEST_STEP][PASSED] - setText: Text '' is set on object 'Object Repository/Page_ABB BenGen Authentication/input_pass'

2017-10-13 17:45:57 - [MESSAGE][PASSED] - Text '' is set on object 'Object Repository/Page_ABB BenGen Authentication/input_pass'

2017-10-13 17:45:57 - [TEST_STEP][PASSED] - click: Object: 'Object Repository/Page_ABB BenGen Authentication/button_Login' is clicked on

2017-10-13 17:45:58 - [MESSAGE][PASSED] - Object: 'Object Repository/Page_ABB BenGen Authentication/button_Login' is clicked on

2017-10-13 17:45:58 - [TEST_STEP][PASSED] - verifyElementVisible: Object 'Object Repository/Page_ABB BenGen Authentication/div_toast toast-error' is visible

2017-10-13 17:45:58 - [MESSAGE][PASSED] - Object 'Object Repository/Page_ABB BenGen Authentication/div_toast toast-error' is visible

2017-10-13 17:45:58 - [TEST_STEP][PASSED] - closeBrowser: Browser is closed

2017-10-13 17:45:59 - [MESSAGE][PASSED] - Browser is closed]]></system-out>
         <system-err><![CDATA[]]></system-err>
      </testcase>
      <testcase name="Test Cases/page1_loginPage/TC_04_Credenziali  - pass no" classname="Test Cases/page1_loginPage/TC_04_Credenziali  - pass no" status="PASSED">
         <system-out><![CDATA[2017-10-13 17:45:59 - [TEST_CASE][PASSED] - Test Cases/page1_loginPage/TC_04_Credenziali  - pass no: Test Cases/page1_loginPage/TC_04_Credenziali  - pass no

2017-10-13 17:45:59 - [TEST_STEP][PASSED] - callTestCase: Call Test Case 'Test Cases/utilities/TC_0b_apertura pagina di login - ReUse' successfully

2017-10-13 17:45:59 - [TEST_CASE][PASSED] - Test Cases/utilities/TC_0b_apertura pagina di login - ReUse: Test Cases/utilities/TC_0b_apertura pagina di login - ReUse

2017-10-13 17:45:59 - [TEST_STEP][PASSED] - openBrowser: Browser is opened with url: ''

2017-10-13 17:46:04 - [MESSAGE][PASSED] - Browser is opened with url: ''

2017-10-13 17:46:04 - [TEST_STEP][PASSED] - maximizeWindow: Current window maximized

2017-10-13 17:46:04 - [MESSAGE][PASSED] - Current window maximized

2017-10-13 17:46:04 - [TEST_STEP][PASSED] - navigateToUrl: Navigate to 'http://bengen' successfully

2017-10-13 17:46:05 - [MESSAGE][PASSED] - Navigate to 'http://bengen' successfully

2017-10-13 17:46:05 - [TEST_STEP][PASSED] - verifyElementPresent: Object 'Object Repository/Page_ABB BenGen Authentication/ABB_logo' is present

2017-10-13 17:46:05 - [MESSAGE][WARNING] - Timeout '0' is invalid. Using default page load timeout: '30'

2017-10-13 17:46:06 - [MESSAGE][PASSED] - Object 'Object Repository/Page_ABB BenGen Authentication/ABB_logo' is present

2017-10-13 17:46:06 - [TEST_STEP][PASSED] - verifyElementPresent: Object 'Object Repository/Page_ABB BenGen Authentication/input_pass' is present

2017-10-13 17:46:06 - [MESSAGE][WARNING] - Timeout '0' is invalid. Using default page load timeout: '30'

2017-10-13 17:46:06 - [MESSAGE][PASSED] - Object 'Object Repository/Page_ABB BenGen Authentication/input_pass' is present

2017-10-13 17:46:06 - [TEST_STEP][PASSED] - verifyElementPresent: Object 'Object Repository/Page_ABB BenGen Authentication/input_user' is present

2017-10-13 17:46:06 - [MESSAGE][WARNING] - Timeout '0' is invalid. Using default page load timeout: '30'

2017-10-13 17:46:06 - [MESSAGE][PASSED] - Object 'Object Repository/Page_ABB BenGen Authentication/input_user' is present

2017-10-13 17:46:06 - [TEST_STEP][PASSED] - verifyElementPresent: Object 'Object Repository/Page_ABB BenGen Authentication/button_Login' is present

2017-10-13 17:46:06 - [MESSAGE][WARNING] - Timeout '0' is invalid. Using default page load timeout: '30'

2017-10-13 17:46:06 - [MESSAGE][PASSED] - Object 'Object Repository/Page_ABB BenGen Authentication/button_Login' is present

2017-10-13 17:46:06 - [MESSAGE][PASSED] - Call Test Case 'Test Cases/utilities/TC_0b_apertura pagina di login - ReUse' successfully

2017-10-13 17:46:06 - [TEST_STEP][PASSED] - setText: Text 'pinco@pallino.it' is set on object 'Object Repository/Page_ABB BenGen Authentication/input_user'

2017-10-13 17:46:06 - [MESSAGE][PASSED] - Text 'pinco@pallino.it' is set on object 'Object Repository/Page_ABB BenGen Authentication/input_user'

2017-10-13 17:46:06 - [TEST_STEP][PASSED] - setText: Text 'pallino' is set on object 'Object Repository/Page_ABB BenGen Authentication/input_pass'

2017-10-13 17:46:06 - [MESSAGE][PASSED] - Text 'pallino' is set on object 'Object Repository/Page_ABB BenGen Authentication/input_pass'

2017-10-13 17:46:06 - [TEST_STEP][PASSED] - click: Object: 'Object Repository/Page_ABB BenGen Authentication/button_Login' is clicked on

2017-10-13 17:46:07 - [MESSAGE][PASSED] - Object: 'Object Repository/Page_ABB BenGen Authentication/button_Login' is clicked on

2017-10-13 17:46:07 - [TEST_STEP][PASSED] - verifyElementVisible: Object 'Object Repository/Page_ABB BenGen Authentication/div_toast toast-error' is visible

2017-10-13 17:46:07 - [MESSAGE][PASSED] - Object 'Object Repository/Page_ABB BenGen Authentication/div_toast toast-error' is visible

2017-10-13 17:46:07 - [TEST_STEP][PASSED] - closeBrowser: Browser is closed

2017-10-13 17:46:08 - [MESSAGE][PASSED] - Browser is closed]]></system-out>
         <system-err><![CDATA[]]></system-err>
      </testcase>
      <testcase name="Test Cases/page1_loginPage/TC_06_Credenziali - user no" classname="Test Cases/page1_loginPage/TC_06_Credenziali - user no" status="PASSED">
         <system-out><![CDATA[2017-10-13 17:46:08 - [TEST_CASE][PASSED] - Test Cases/page1_loginPage/TC_06_Credenziali - user no: Test Cases/page1_loginPage/TC_06_Credenziali - user no

2017-10-13 17:46:08 - [TEST_STEP][PASSED] - callTestCase: Call Test Case 'Test Cases/utilities/TC_0b_apertura pagina di login - ReUse' successfully

2017-10-13 17:46:08 - [TEST_CASE][PASSED] - Test Cases/utilities/TC_0b_apertura pagina di login - ReUse: Test Cases/utilities/TC_0b_apertura pagina di login - ReUse

2017-10-13 17:46:08 - [TEST_STEP][PASSED] - openBrowser: Browser is opened with url: ''

2017-10-13 17:46:14 - [MESSAGE][PASSED] - Browser is opened with url: ''

2017-10-13 17:46:14 - [TEST_STEP][PASSED] - maximizeWindow: Current window maximized

2017-10-13 17:46:14 - [MESSAGE][PASSED] - Current window maximized

2017-10-13 17:46:14 - [TEST_STEP][PASSED] - navigateToUrl: Navigate to 'http://bengen' successfully

2017-10-13 17:46:15 - [MESSAGE][PASSED] - Navigate to 'http://bengen' successfully

2017-10-13 17:46:15 - [TEST_STEP][PASSED] - verifyElementPresent: Object 'Object Repository/Page_ABB BenGen Authentication/ABB_logo' is present

2017-10-13 17:46:15 - [MESSAGE][WARNING] - Timeout '0' is invalid. Using default page load timeout: '30'

2017-10-13 17:46:15 - [MESSAGE][PASSED] - Object 'Object Repository/Page_ABB BenGen Authentication/ABB_logo' is present

2017-10-13 17:46:15 - [TEST_STEP][PASSED] - verifyElementPresent: Object 'Object Repository/Page_ABB BenGen Authentication/input_pass' is present

2017-10-13 17:46:15 - [MESSAGE][WARNING] - Timeout '0' is invalid. Using default page load timeout: '30'

2017-10-13 17:46:15 - [MESSAGE][PASSED] - Object 'Object Repository/Page_ABB BenGen Authentication/input_pass' is present

2017-10-13 17:46:15 - [TEST_STEP][PASSED] - verifyElementPresent: Object 'Object Repository/Page_ABB BenGen Authentication/input_user' is present

2017-10-13 17:46:15 - [MESSAGE][WARNING] - Timeout '0' is invalid. Using default page load timeout: '30'

2017-10-13 17:46:15 - [MESSAGE][PASSED] - Object 'Object Repository/Page_ABB BenGen Authentication/input_user' is present

2017-10-13 17:46:15 - [TEST_STEP][PASSED] - verifyElementPresent: Object 'Object Repository/Page_ABB BenGen Authentication/button_Login' is present

2017-10-13 17:46:15 - [MESSAGE][WARNING] - Timeout '0' is invalid. Using default page load timeout: '30'

2017-10-13 17:46:15 - [MESSAGE][PASSED] - Object 'Object Repository/Page_ABB BenGen Authentication/button_Login' is present

2017-10-13 17:46:15 - [MESSAGE][PASSED] - Call Test Case 'Test Cases/utilities/TC_0b_apertura pagina di login - ReUse' successfully

2017-10-13 17:46:15 - [TEST_STEP][PASSED] - setText: Text 'pinco@pallino.it' is set on object 'Object Repository/Page_ABB BenGen Authentication/input_user'

2017-10-13 17:46:16 - [MESSAGE][PASSED] - Text 'pinco@pallino.it' is set on object 'Object Repository/Page_ABB BenGen Authentication/input_user'

2017-10-13 17:46:16 - [TEST_STEP][PASSED] - setText: Text 'pallino' is set on object 'Object Repository/Page_ABB BenGen Authentication/input_pass'

2017-10-13 17:46:16 - [MESSAGE][PASSED] - Text 'pallino' is set on object 'Object Repository/Page_ABB BenGen Authentication/input_pass'

2017-10-13 17:46:16 - [TEST_STEP][PASSED] - click: Object: 'Object Repository/Page_ABB BenGen Authentication/button_Login' is clicked on

2017-10-13 17:46:16 - [MESSAGE][PASSED] - Object: 'Object Repository/Page_ABB BenGen Authentication/button_Login' is clicked on

2017-10-13 17:46:16 - [TEST_STEP][PASSED] - verifyElementVisible: Object 'Object Repository/Page_ABB BenGen Authentication/div_toast toast-error' is visible

2017-10-13 17:46:17 - [MESSAGE][PASSED] - Object 'Object Repository/Page_ABB BenGen Authentication/div_toast toast-error' is visible

2017-10-13 17:46:17 - [TEST_STEP][PASSED] - closeBrowser: Browser is closed

2017-10-13 17:46:17 - [MESSAGE][PASSED] - Browser is closed]]></system-out>
         <system-err><![CDATA[]]></system-err>
      </testcase>
      <testcase name="Test Cases/page1_loginPage/TC_06_Credenziali Errate" classname="Test Cases/page1_loginPage/TC_06_Credenziali Errate" status="PASSED">
         <system-out><![CDATA[2017-10-13 17:46:17 - [TEST_CASE][PASSED] - Test Cases/page1_loginPage/TC_06_Credenziali Errate: Test Cases/page1_loginPage/TC_06_Credenziali Errate

2017-10-13 17:46:18 - [TEST_STEP][PASSED] - callTestCase: Call Test Case 'Test Cases/utilities/TC_0b_apertura pagina di login - ReUse' successfully

2017-10-13 17:46:18 - [TEST_CASE][PASSED] - Test Cases/utilities/TC_0b_apertura pagina di login - ReUse: Test Cases/utilities/TC_0b_apertura pagina di login - ReUse

2017-10-13 17:46:18 - [TEST_STEP][PASSED] - openBrowser: Browser is opened with url: ''

2017-10-13 17:46:23 - [MESSAGE][PASSED] - Browser is opened with url: ''

2017-10-13 17:46:23 - [TEST_STEP][PASSED] - maximizeWindow: Current window maximized

2017-10-13 17:46:23 - [MESSAGE][PASSED] - Current window maximized

2017-10-13 17:46:23 - [TEST_STEP][PASSED] - navigateToUrl: Navigate to 'http://bengen' successfully

2017-10-13 17:46:24 - [MESSAGE][PASSED] - Navigate to 'http://bengen' successfully

2017-10-13 17:46:24 - [TEST_STEP][PASSED] - verifyElementPresent: Object 'Object Repository/Page_ABB BenGen Authentication/ABB_logo' is present

2017-10-13 17:46:24 - [MESSAGE][WARNING] - Timeout '0' is invalid. Using default page load timeout: '30'

2017-10-13 17:46:24 - [MESSAGE][PASSED] - Object 'Object Repository/Page_ABB BenGen Authentication/ABB_logo' is present

2017-10-13 17:46:24 - [TEST_STEP][PASSED] - verifyElementPresent: Object 'Object Repository/Page_ABB BenGen Authentication/input_pass' is present

2017-10-13 17:46:24 - [MESSAGE][WARNING] - Timeout '0' is invalid. Using default page load timeout: '30'

2017-10-13 17:46:24 - [MESSAGE][PASSED] - Object 'Object Repository/Page_ABB BenGen Authentication/input_pass' is present

2017-10-13 17:46:24 - [TEST_STEP][PASSED] - verifyElementPresent: Object 'Object Repository/Page_ABB BenGen Authentication/input_user' is present

2017-10-13 17:46:24 - [MESSAGE][WARNING] - Timeout '0' is invalid. Using default page load timeout: '30'

2017-10-13 17:46:24 - [MESSAGE][PASSED] - Object 'Object Repository/Page_ABB BenGen Authentication/input_user' is present

2017-10-13 17:46:24 - [TEST_STEP][PASSED] - verifyElementPresent: Object 'Object Repository/Page_ABB BenGen Authentication/button_Login' is present

2017-10-13 17:46:24 - [MESSAGE][WARNING] - Timeout '0' is invalid. Using default page load timeout: '30'

2017-10-13 17:46:24 - [MESSAGE][PASSED] - Object 'Object Repository/Page_ABB BenGen Authentication/button_Login' is present

2017-10-13 17:46:24 - [MESSAGE][PASSED] - Call Test Case 'Test Cases/utilities/TC_0b_apertura pagina di login - ReUse' successfully

2017-10-13 17:46:24 - [TEST_STEP][PASSED] - setText: Text 'pinco@pallino.it' is set on object 'Object Repository/Page_ABB BenGen Authentication/input_user'

2017-10-13 17:46:25 - [MESSAGE][PASSED] - Text 'pinco@pallino.it' is set on object 'Object Repository/Page_ABB BenGen Authentication/input_user'

2017-10-13 17:46:25 - [TEST_STEP][PASSED] - setText: Text 'pallino' is set on object 'Object Repository/Page_ABB BenGen Authentication/input_pass'

2017-10-13 17:46:26 - [MESSAGE][PASSED] - Text 'pallino' is set on object 'Object Repository/Page_ABB BenGen Authentication/input_pass'

2017-10-13 17:46:26 - [TEST_STEP][PASSED] - click: Object: 'Object Repository/Page_ABB BenGen Authentication/button_Login' is clicked on

2017-10-13 17:46:26 - [MESSAGE][PASSED] - Object: 'Object Repository/Page_ABB BenGen Authentication/button_Login' is clicked on

2017-10-13 17:46:26 - [TEST_STEP][PASSED] - verifyElementVisible: Object 'Object Repository/Page_ABB BenGen Authentication/div_toast toast-error' is visible

2017-10-13 17:46:26 - [MESSAGE][PASSED] - Object 'Object Repository/Page_ABB BenGen Authentication/div_toast toast-error' is visible

2017-10-13 17:46:26 - [TEST_STEP][PASSED] - closeBrowser: Browser is closed

2017-10-13 17:46:27 - [MESSAGE][PASSED] - Browser is closed]]></system-out>
         <system-err><![CDATA[]]></system-err>
      </testcase>
      <testcase name="Test Cases/page2_HomePage/TC_08 Verifica funzionamento Menu BenGen" classname="Test Cases/page2_HomePage/TC_08 Verifica funzionamento Menu BenGen" status="PASSED">
         <system-out><![CDATA[2017-10-13 17:46:27 - [TEST_CASE][PASSED] - Test Cases/page2_HomePage/TC_08 Verifica funzionamento Menu BenGen: Test Cases/page2_HomePage/TC_08 Verifica funzionamento Menu BenGen

2017-10-13 17:46:28 - [TEST_STEP][PASSED] - callTestCase: Call Test Case 'Test Cases/utilities/TC_0c-Login Corretto - ReUse' successfully

2017-10-13 17:46:28 - [TEST_CASE][PASSED] - Test Cases/utilities/TC_0c-Login Corretto - ReUse: Test Cases/utilities/TC_0c-Login Corretto - ReUse

2017-10-13 17:46:28 - [TEST_STEP][PASSED] - callTestCase: Call Test Case 'Test Cases/utilities/TC_0b_apertura pagina di login - ReUse' successfully

2017-10-13 17:46:29 - [TEST_CASE][PASSED] - Test Cases/utilities/TC_0b_apertura pagina di login - ReUse: Test Cases/utilities/TC_0b_apertura pagina di login - ReUse

2017-10-13 17:46:29 - [TEST_STEP][PASSED] - openBrowser: Browser is opened with url: ''

2017-10-13 17:46:33 - [MESSAGE][PASSED] - Browser is opened with url: ''

2017-10-13 17:46:33 - [TEST_STEP][PASSED] - maximizeWindow: Current window maximized

2017-10-13 17:46:34 - [MESSAGE][PASSED] - Current window maximized

2017-10-13 17:46:34 - [TEST_STEP][PASSED] - navigateToUrl: Navigate to 'http://bengen' successfully

2017-10-13 17:46:35 - [MESSAGE][PASSED] - Navigate to 'http://bengen' successfully

2017-10-13 17:46:35 - [TEST_STEP][PASSED] - verifyElementPresent: Object 'Object Repository/Page_ABB BenGen Authentication/ABB_logo' is present

2017-10-13 17:46:35 - [MESSAGE][WARNING] - Timeout '0' is invalid. Using default page load timeout: '30'

2017-10-13 17:46:35 - [MESSAGE][PASSED] - Object 'Object Repository/Page_ABB BenGen Authentication/ABB_logo' is present

2017-10-13 17:46:35 - [TEST_STEP][PASSED] - verifyElementPresent: Object 'Object Repository/Page_ABB BenGen Authentication/input_pass' is present

2017-10-13 17:46:35 - [MESSAGE][WARNING] - Timeout '0' is invalid. Using default page load timeout: '30'

2017-10-13 17:46:35 - [MESSAGE][PASSED] - Object 'Object Repository/Page_ABB BenGen Authentication/input_pass' is present

2017-10-13 17:46:35 - [TEST_STEP][PASSED] - verifyElementPresent: Object 'Object Repository/Page_ABB BenGen Authentication/input_user' is present

2017-10-13 17:46:35 - [MESSAGE][WARNING] - Timeout '0' is invalid. Using default page load timeout: '30'

2017-10-13 17:46:35 - [MESSAGE][PASSED] - Object 'Object Repository/Page_ABB BenGen Authentication/input_user' is present

2017-10-13 17:46:35 - [TEST_STEP][PASSED] - verifyElementPresent: Object 'Object Repository/Page_ABB BenGen Authentication/button_Login' is present

2017-10-13 17:46:35 - [MESSAGE][WARNING] - Timeout '0' is invalid. Using default page load timeout: '30'

2017-10-13 17:46:35 - [MESSAGE][PASSED] - Object 'Object Repository/Page_ABB BenGen Authentication/button_Login' is present

2017-10-13 17:46:35 - [MESSAGE][PASSED] - Call Test Case 'Test Cases/utilities/TC_0b_apertura pagina di login - ReUse' successfully

2017-10-13 17:46:35 - [TEST_STEP][PASSED] - setText: Text 'admin@admin.it' is set on object 'Object Repository/Page_ABB BenGen Authentication/input_user'

2017-10-13 17:46:35 - [MESSAGE][PASSED] - Text 'admin@admin.it' is set on object 'Object Repository/Page_ABB BenGen Authentication/input_user'

2017-10-13 17:46:35 - [TEST_STEP][PASSED] - setText: Text 'admin' is set on object 'Object Repository/Page_ABB BenGen Authentication/input_pass'

2017-10-13 17:46:36 - [MESSAGE][PASSED] - Text 'admin' is set on object 'Object Repository/Page_ABB BenGen Authentication/input_pass'

2017-10-13 17:46:36 - [TEST_STEP][PASSED] - click: Object: 'Object Repository/Page_ABB BenGen Authentication/button_Login' is clicked on

2017-10-13 17:46:36 - [MESSAGE][PASSED] - Object: 'Object Repository/Page_ABB BenGen Authentication/button_Login' is clicked on

2017-10-13 17:46:36 - [TEST_STEP][PASSED] - waitForElementVisible: Object 'Object Repository/Page_Aurora Vision BenGen/a_Aurora Vision Backoffice' is visible

2017-10-13 17:46:42 - [MESSAGE][PASSED] - Object 'Object Repository/Page_Aurora Vision BenGen/a_Aurora Vision Backoffice' is visible

2017-10-13 17:46:42 - [TEST_STEP][PASSED] - Statement - selfWindowTitle = com.kms.katalon.core.webui.keyword.WebUiBuiltInKeywords.getWindowTitle(): Current window's title is: 'Aurora Vision BenGen'

2017-10-13 17:46:42 - [MESSAGE][PASSED] - Current window's title is: 'Aurora Vision BenGen'

2017-10-13 17:46:42 - [TEST_STEP][PASSED] - verifyEqual: Actual object 'Aurora Vision BenGen' and expected object 'Aurora Vision BenGen' are equal

2017-10-13 17:46:42 - [MESSAGE][PASSED] - Actual object 'Aurora Vision BenGen' and expected object 'Aurora Vision BenGen' are equal

2017-10-13 17:46:42 - [MESSAGE][PASSED] - Call Test Case 'Test Cases/utilities/TC_0c-Login Corretto - ReUse' successfully

2017-10-13 17:46:42 - [TEST_STEP][PASSED] - Statement - selfWindowTitle = com.kms.katalon.core.webui.keyword.WebUiBuiltInKeywords.getWindowTitle(): Current window's title is: 'Aurora Vision BenGen'

2017-10-13 17:46:42 - [MESSAGE][PASSED] - Current window's title is: 'Aurora Vision BenGen'

2017-10-13 17:46:42 - [TEST_STEP][PASSED] - verifyEqual: Actual object 'Aurora Vision BenGen' and expected object 'Aurora Vision BenGen' are equal

2017-10-13 17:46:42 - [MESSAGE][PASSED] - Actual object 'Aurora Vision BenGen' and expected object 'Aurora Vision BenGen' are equal

2017-10-13 17:46:42 - [TEST_STEP][PASSED] - comment: Cerca la freccia per il menu responsive, se non la trova prosegue. Non bloccante

2017-10-13 17:46:42 - [TEST_STEP][PASSED] - click: Object: 'Object Repository/Page_MenuCheck/MenuResponsiveArrow' is clicked on

2017-10-13 17:46:43 - [MESSAGE][PASSED] - Object: 'Object Repository/Page_MenuCheck/MenuResponsiveArrow' is clicked on

2017-10-13 17:46:43 - [TEST_STEP][PASSED] - comment: Inizia il check esistenza voci di menu

2017-10-13 17:46:43 - [TEST_STEP][PASSED] - verifyElementPresent: Object 'Object Repository/Page_MenuCheck/VociMenu/01_li_Assets' is present

2017-10-13 17:46:43 - [MESSAGE][PASSED] - Object 'Object Repository/Page_MenuCheck/VociMenu/01_li_Assets' is present

2017-10-13 17:46:43 - [TEST_STEP][PASSED] - verifyElementPresent: Object 'Object Repository/Page_MenuCheck/VociMenu/02_li_Tree View' is present

2017-10-13 17:46:43 - [MESSAGE][PASSED] - Object 'Object Repository/Page_MenuCheck/VociMenu/02_li_Tree View' is present

2017-10-13 17:46:43 - [TEST_STEP][PASSED] - verifyElementPresent: Object 'Object Repository/Page_MenuCheck/VociMenu/03_li_Product lines' is present

2017-10-13 17:46:43 - [MESSAGE][PASSED] - Object 'Object Repository/Page_MenuCheck/VociMenu/03_li_Product lines' is present

2017-10-13 17:46:43 - [TEST_STEP][PASSED] - verifyElementPresent: Object 'Object Repository/Page_MenuCheck/VociMenu/03a_ProductLines_List' is present

2017-10-13 17:46:43 - [MESSAGE][PASSED] - Object 'Object Repository/Page_MenuCheck/VociMenu/03a_ProductLines_List' is present

2017-10-13 17:46:43 - [TEST_STEP][PASSED] - verifyElementPresent: Object 'Object Repository/Page_MenuCheck/VociMenu/03b_ProductLines_Datasheet' is present

2017-10-13 17:46:44 - [MESSAGE][PASSED] - Object 'Object Repository/Page_MenuCheck/VociMenu/03b_ProductLines_Datasheet' is present

2017-10-13 17:46:44 - [TEST_STEP][PASSED] - click: Object: 'Object Repository/Page_MenuCheck/NavArrows/ProdLinesArrow_opn' is clicked on

2017-10-13 17:46:44 - [MESSAGE][PASSED] - Object: 'Object Repository/Page_MenuCheck/NavArrows/ProdLinesArrow_opn' is clicked on

2017-10-13 17:46:44 - [TEST_STEP][PASSED] - verifyElementPresent: Object 'Object Repository/Page_MenuCheck/VociMenu/04_li_Product Families' is present

2017-10-13 17:46:45 - [MESSAGE][PASSED] - Object 'Object Repository/Page_MenuCheck/VociMenu/04_li_Product Families' is present

2017-10-13 17:46:45 - [TEST_STEP][PASSED] - click: Object: 'Object Repository/Page_MenuCheck/NavArrows/ProdFamsArrow_cls' is clicked on

2017-10-13 17:46:45 - [MESSAGE][PASSED] - Object: 'Object Repository/Page_MenuCheck/NavArrows/ProdFamsArrow_cls' is clicked on

2017-10-13 17:46:45 - [TEST_STEP][PASSED] - verifyElementPresent: Object 'Object Repository/Page_MenuCheck/VociMenu/04a_ProductFamilies_List' is present

2017-10-13 17:46:46 - [MESSAGE][PASSED] - Object 'Object Repository/Page_MenuCheck/VociMenu/04a_ProductFamilies_List' is present

2017-10-13 17:46:46 - [TEST_STEP][PASSED] - verifyElementPresent: Object 'Object Repository/Page_MenuCheck/VociMenu/04b_ProductFamilies_Datasheet' is present

2017-10-13 17:46:46 - [MESSAGE][PASSED] - Object 'Object Repository/Page_MenuCheck/VociMenu/04b_ProductFamilies_Datasheet' is present

2017-10-13 17:46:46 - [TEST_STEP][PASSED] - click: Object: 'Object Repository/Page_MenuCheck/NavArrows/ProdFamsArrow_opn' is clicked on

2017-10-13 17:46:46 - [MESSAGE][PASSED] - Object: 'Object Repository/Page_MenuCheck/NavArrows/ProdFamsArrow_opn' is clicked on

2017-10-13 17:46:46 - [TEST_STEP][PASSED] - verifyElementPresent: Object 'Object Repository/Page_MenuCheck/VociMenu/05_li_Product Models' is present

2017-10-13 17:46:46 - [MESSAGE][PASSED] - Object 'Object Repository/Page_MenuCheck/VociMenu/05_li_Product Models' is present

2017-10-13 17:46:46 - [TEST_STEP][PASSED] - verifyElementPresent: Object 'Object Repository/Page_MenuCheck/VociMenu/06_li_Country Areas' is present

2017-10-13 17:46:46 - [MESSAGE][PASSED] - Object 'Object Repository/Page_MenuCheck/VociMenu/06_li_Country Areas' is present

2017-10-13 17:46:46 - [TEST_STEP][PASSED] - verifyElementPresent: Object 'Object Repository/Page_MenuCheck/VociMenu/07_li_Country Standards' is present

2017-10-13 17:46:46 - [MESSAGE][PASSED] - Object 'Object Repository/Page_MenuCheck/VociMenu/07_li_Country Standards' is present

2017-10-13 17:46:46 - [TEST_STEP][PASSED] - verifyElementPresent: Object 'Object Repository/Page_MenuCheck/VociMenu/08_li_Functional Groups' is present

2017-10-13 17:46:46 - [MESSAGE][PASSED] - Object 'Object Repository/Page_MenuCheck/VociMenu/08_li_Functional Groups' is present

2017-10-13 17:46:46 - [TEST_STEP][PASSED] - verifyElementPresent: Object 'Object Repository/Page_MenuCheck/VociMenu/09_li_Logical Devices' is present

2017-10-13 17:46:46 - [MESSAGE][PASSED] - Object 'Object Repository/Page_MenuCheck/VociMenu/09_li_Logical Devices' is present

2017-10-13 17:46:46 - [TEST_STEP][PASSED] - verifyElementPresent: Object 'Object Repository/Page_MenuCheck/VociMenu/10_li_Physical Devices' is present

2017-10-13 17:46:46 - [MESSAGE][PASSED] - Object 'Object Repository/Page_MenuCheck/VociMenu/10_li_Physical Devices' is present

2017-10-13 17:46:46 - [TEST_STEP][PASSED] - verifyElementPresent: Object 'Object Repository/Page_MenuCheck/VociMenu/11_li_Firmwares' is present

2017-10-13 17:46:47 - [MESSAGE][PASSED] - Object 'Object Repository/Page_MenuCheck/VociMenu/11_li_Firmwares' is present

2017-10-13 17:46:47 - [TEST_STEP][PASSED] - verifyElementPresent: Object 'Object Repository/Page_MenuCheck/VociMenu/12_li_BENs' is present

2017-10-13 17:46:48 - [MESSAGE][PASSED] - Object 'Object Repository/Page_MenuCheck/VociMenu/12_li_BENs' is present

2017-10-13 17:46:48 - [TEST_STEP][PASSED] - click: Object: 'Object Repository/Page_MenuCheck/NavArrows/BensArrow_cls' is clicked on

2017-10-13 17:46:49 - [MESSAGE][PASSED] - Object: 'Object Repository/Page_MenuCheck/NavArrows/BensArrow_cls' is clicked on

2017-10-13 17:46:49 - [TEST_STEP][PASSED] - verifyElementPresent: Object 'Object Repository/Page_MenuCheck/VociMenu/12a_Firmwares_List' is present

2017-10-13 17:46:49 - [MESSAGE][PASSED] - Object 'Object Repository/Page_MenuCheck/VociMenu/12a_Firmwares_List' is present

2017-10-13 17:46:49 - [TEST_STEP][PASSED] - verifyElementPresent: Object 'Object Repository/Page_MenuCheck/VociMenu/12b_Firmwares_New BEN' is present

2017-10-13 17:46:49 - [MESSAGE][PASSED] - Object 'Object Repository/Page_MenuCheck/VociMenu/12b_Firmwares_New BEN' is present

2017-10-13 17:46:49 - [TEST_STEP][PASSED] - click: Object: 'Object Repository/Page_MenuCheck/NavArrows/BensArrow_opn' is clicked on

2017-10-13 17:46:49 - [MESSAGE][PASSED] - Object: 'Object Repository/Page_MenuCheck/NavArrows/BensArrow_opn' is clicked on

2017-10-13 17:46:49 - [TEST_STEP][PASSED] - click: Object: 'Object Repository/Page_MenuCheck/MenuResponsiveArrow' is clicked on

2017-10-13 17:46:49 - [MESSAGE][PASSED] - Object: 'Object Repository/Page_MenuCheck/MenuResponsiveArrow' is clicked on

2017-10-13 17:46:49 - [TEST_STEP][PASSED] - callTestCase: Call Test Case 'Test Cases/utilities/TC_0a-close browser' successfully

2017-10-13 17:46:49 - [TEST_CASE][PASSED] - Test Cases/utilities/TC_0a-close browser: Test Cases/utilities/TC_0a-close browser

2017-10-13 17:46:50 - [TEST_STEP][PASSED] - closeBrowser: Browser is closed

2017-10-13 17:46:50 - [MESSAGE][PASSED] - Browser is closed

2017-10-13 17:46:50 - [MESSAGE][PASSED] - Call Test Case 'Test Cases/utilities/TC_0a-close browser' successfully]]></system-out>
         <system-err><![CDATA[]]></system-err>
      </testcase>
      <testcase name="Test Cases/page2_HomePage/TC_09 Verifica presenza menu utente" classname="Test Cases/page2_HomePage/TC_09 Verifica presenza menu utente" status="PASSED">
         <system-out><![CDATA[2017-10-13 17:46:50 - [TEST_CASE][PASSED] - Test Cases/page2_HomePage/TC_09 Verifica presenza menu utente: Test Cases/page2_HomePage/TC_09 Verifica presenza menu utente

2017-10-13 17:46:51 - [TEST_STEP][PASSED] - callTestCase: Call Test Case 'Test Cases/utilities/TC_0c-Login Corretto - ReUse' successfully

2017-10-13 17:46:51 - [TEST_CASE][PASSED] - Test Cases/utilities/TC_0c-Login Corretto - ReUse: Test Cases/utilities/TC_0c-Login Corretto - ReUse

2017-10-13 17:46:51 - [TEST_STEP][PASSED] - callTestCase: Call Test Case 'Test Cases/utilities/TC_0b_apertura pagina di login - ReUse' successfully

2017-10-13 17:46:51 - [TEST_CASE][PASSED] - Test Cases/utilities/TC_0b_apertura pagina di login - ReUse: Test Cases/utilities/TC_0b_apertura pagina di login - ReUse

2017-10-13 17:46:51 - [TEST_STEP][PASSED] - openBrowser: Browser is opened with url: ''

2017-10-13 17:46:56 - [MESSAGE][PASSED] - Browser is opened with url: ''

2017-10-13 17:46:56 - [TEST_STEP][PASSED] - maximizeWindow: Current window maximized

2017-10-13 17:46:56 - [MESSAGE][PASSED] - Current window maximized

2017-10-13 17:46:56 - [TEST_STEP][PASSED] - navigateToUrl: Navigate to 'http://bengen' successfully

2017-10-13 17:46:57 - [MESSAGE][PASSED] - Navigate to 'http://bengen' successfully

2017-10-13 17:46:57 - [TEST_STEP][PASSED] - verifyElementPresent: Object 'Object Repository/Page_ABB BenGen Authentication/ABB_logo' is present

2017-10-13 17:46:57 - [MESSAGE][WARNING] - Timeout '0' is invalid. Using default page load timeout: '30'

2017-10-13 17:46:57 - [MESSAGE][PASSED] - Object 'Object Repository/Page_ABB BenGen Authentication/ABB_logo' is present

2017-10-13 17:46:57 - [TEST_STEP][PASSED] - verifyElementPresent: Object 'Object Repository/Page_ABB BenGen Authentication/input_pass' is present

2017-10-13 17:46:57 - [MESSAGE][WARNING] - Timeout '0' is invalid. Using default page load timeout: '30'

2017-10-13 17:46:58 - [MESSAGE][PASSED] - Object 'Object Repository/Page_ABB BenGen Authentication/input_pass' is present

2017-10-13 17:46:58 - [TEST_STEP][PASSED] - verifyElementPresent: Object 'Object Repository/Page_ABB BenGen Authentication/input_user' is present

2017-10-13 17:46:58 - [MESSAGE][WARNING] - Timeout '0' is invalid. Using default page load timeout: '30'

2017-10-13 17:46:58 - [MESSAGE][PASSED] - Object 'Object Repository/Page_ABB BenGen Authentication/input_user' is present

2017-10-13 17:46:58 - [TEST_STEP][PASSED] - verifyElementPresent: Object 'Object Repository/Page_ABB BenGen Authentication/button_Login' is present

2017-10-13 17:46:58 - [MESSAGE][WARNING] - Timeout '0' is invalid. Using default page load timeout: '30'

2017-10-13 17:46:58 - [MESSAGE][PASSED] - Object 'Object Repository/Page_ABB BenGen Authentication/button_Login' is present

2017-10-13 17:46:58 - [MESSAGE][PASSED] - Call Test Case 'Test Cases/utilities/TC_0b_apertura pagina di login - ReUse' successfully

2017-10-13 17:46:58 - [TEST_STEP][PASSED] - setText: Text 'admin@admin.it' is set on object 'Object Repository/Page_ABB BenGen Authentication/input_user'

2017-10-13 17:46:58 - [MESSAGE][PASSED] - Text 'admin@admin.it' is set on object 'Object Repository/Page_ABB BenGen Authentication/input_user'

2017-10-13 17:46:58 - [TEST_STEP][PASSED] - setText: Text 'admin' is set on object 'Object Repository/Page_ABB BenGen Authentication/input_pass'

2017-10-13 17:46:58 - [MESSAGE][PASSED] - Text 'admin' is set on object 'Object Repository/Page_ABB BenGen Authentication/input_pass'

2017-10-13 17:46:58 - [TEST_STEP][PASSED] - click: Object: 'Object Repository/Page_ABB BenGen Authentication/button_Login' is clicked on

2017-10-13 17:46:59 - [MESSAGE][PASSED] - Object: 'Object Repository/Page_ABB BenGen Authentication/button_Login' is clicked on

2017-10-13 17:46:59 - [TEST_STEP][PASSED] - waitForElementVisible: Object 'Object Repository/Page_Aurora Vision BenGen/a_Aurora Vision Backoffice' is visible

2017-10-13 17:47:05 - [MESSAGE][PASSED] - Object 'Object Repository/Page_Aurora Vision BenGen/a_Aurora Vision Backoffice' is visible

2017-10-13 17:47:05 - [TEST_STEP][PASSED] - Statement - selfWindowTitle = com.kms.katalon.core.webui.keyword.WebUiBuiltInKeywords.getWindowTitle(): Current window's title is: 'Aurora Vision BenGen'

2017-10-13 17:47:05 - [MESSAGE][PASSED] - Current window's title is: 'Aurora Vision BenGen'

2017-10-13 17:47:05 - [TEST_STEP][PASSED] - verifyEqual: Actual object 'Aurora Vision BenGen' and expected object 'Aurora Vision BenGen' are equal

2017-10-13 17:47:05 - [MESSAGE][PASSED] - Actual object 'Aurora Vision BenGen' and expected object 'Aurora Vision BenGen' are equal

2017-10-13 17:47:05 - [MESSAGE][PASSED] - Call Test Case 'Test Cases/utilities/TC_0c-Login Corretto - ReUse' successfully

2017-10-13 17:47:05 - [TEST_STEP][PASSED] - Statement - selfWindowTitle = com.kms.katalon.core.webui.keyword.WebUiBuiltInKeywords.getWindowTitle(): Current window's title is: 'Aurora Vision BenGen'

2017-10-13 17:47:05 - [MESSAGE][PASSED] - Current window's title is: 'Aurora Vision BenGen'

2017-10-13 17:47:05 - [TEST_STEP][PASSED] - verifyEqual: Actual object 'Aurora Vision BenGen' and expected object 'Aurora Vision BenGen' are equal

2017-10-13 17:47:05 - [MESSAGE][PASSED] - Actual object 'Aurora Vision BenGen' and expected object 'Aurora Vision BenGen' are equal

2017-10-13 17:47:05 - [TEST_STEP][PASSED] - comment: Se mobile menu presente lo apre, altrimenti salta il passaggio. Non bloccante

2017-10-13 17:47:05 - [TEST_STEP][PASSED] - Statement - viewPort = com.kms.katalon.core.webui.keyword.WebUiBuiltInKeywords.getViewportWidth(): Viewport width is 1366

2017-10-13 17:47:05 - [MESSAGE][PASSED] - Viewport width is 1366

2017-10-13 17:47:05 - [TEST_STEP][PASSED] - Statement - If (viewPort < 1400): Object 'Object Repository/Page_MenuCheck/UserMenu/MobileMenu_a_Logout' is present

2017-10-13 17:47:05 - [TEST_STEP][PASSED] - Statement - println("Viewport: " + viewPort): null

2017-10-13 17:47:05 - [TEST_STEP][PASSED] - click: Object: 'Object Repository/Page_MenuCheck/UserMenu/MobileMenu_label_menu-icon' is clicked on

2017-10-13 17:47:05 - [MESSAGE][PASSED] - Object: 'Object Repository/Page_MenuCheck/UserMenu/MobileMenu_label_menu-icon' is clicked on

2017-10-13 17:47:05 - [TEST_STEP][PASSED] - verifyElementPresent: Object 'Object Repository/Page_MenuCheck/UserMenu/MobileMenu_a_Home' is present

2017-10-13 17:47:05 - [MESSAGE][PASSED] - Object 'Object Repository/Page_MenuCheck/UserMenu/MobileMenu_a_Home' is present

2017-10-13 17:47:05 - [TEST_STEP][PASSED] - verifyElementPresent: Object 'Object Repository/Page_MenuCheck/UserMenu/MobileMenu_a_Help' is present

2017-10-13 17:47:06 - [MESSAGE][PASSED] - Object 'Object Repository/Page_MenuCheck/UserMenu/MobileMenu_a_Help' is present

2017-10-13 17:47:06 - [TEST_STEP][PASSED] - verifyElementPresent: Object 'Object Repository/Page_MenuCheck/UserMenu/MobileMenu_a_User' is present

2017-10-13 17:47:08 - [MESSAGE][PASSED] - Object 'Object Repository/Page_MenuCheck/UserMenu/MobileMenu_a_User' is present

2017-10-13 17:47:08 - [TEST_STEP][PASSED] - verifyElementPresent: Object 'Object Repository/Page_MenuCheck/UserMenu/MobileMenu_a_Logout' is present

2017-10-13 17:47:08 - [MESSAGE][PASSED] - Object 'Object Repository/Page_MenuCheck/UserMenu/MobileMenu_a_Logout' is present

2017-10-13 17:47:08 - [TEST_STEP][PASSED] - callTestCase: Call Test Case 'Test Cases/utilities/TC_0a-close browser' successfully

2017-10-13 17:47:08 - [TEST_CASE][PASSED] - Test Cases/utilities/TC_0a-close browser: Test Cases/utilities/TC_0a-close browser

2017-10-13 17:47:08 - [TEST_STEP][PASSED] - closeBrowser: Browser is closed

2017-10-13 17:47:09 - [MESSAGE][PASSED] - Browser is closed

2017-10-13 17:47:09 - [MESSAGE][PASSED] - Call Test Case 'Test Cases/utilities/TC_0a-close browser' successfully]]></system-out>
         <system-err><![CDATA[]]></system-err>
      </testcase>
      <testcase name="Test Cases/page2_HomePage/TC_10  Verifica Funzione Logout" classname="Test Cases/page2_HomePage/TC_10  Verifica Funzione Logout" status="PASSED">
         <system-out><![CDATA[2017-10-13 17:47:09 - [TEST_CASE][PASSED] - Test Cases/page2_HomePage/TC_10  Verifica Funzione Logout: Test Cases/page2_HomePage/TC_10  Verifica Funzione Logout

2017-10-13 17:47:09 - [TEST_STEP][PASSED] - callTestCase: Call Test Case 'Test Cases/utilities/TC_0c-Login Corretto - ReUse' successfully

2017-10-13 17:47:09 - [TEST_CASE][PASSED] - Test Cases/utilities/TC_0c-Login Corretto - ReUse: Test Cases/utilities/TC_0c-Login Corretto - ReUse

2017-10-13 17:47:09 - [TEST_STEP][PASSED] - callTestCase: Call Test Case 'Test Cases/utilities/TC_0b_apertura pagina di login - ReUse' successfully

2017-10-13 17:47:09 - [TEST_CASE][PASSED] - Test Cases/utilities/TC_0b_apertura pagina di login - ReUse: Test Cases/utilities/TC_0b_apertura pagina di login - ReUse

2017-10-13 17:47:09 - [TEST_STEP][PASSED] - openBrowser: Browser is opened with url: ''

2017-10-13 17:47:14 - [MESSAGE][PASSED] - Browser is opened with url: ''

2017-10-13 17:47:14 - [TEST_STEP][PASSED] - maximizeWindow: Current window maximized

2017-10-13 17:47:14 - [MESSAGE][PASSED] - Current window maximized

2017-10-13 17:47:14 - [TEST_STEP][PASSED] - navigateToUrl: Navigate to 'http://bengen' successfully

2017-10-13 17:47:15 - [MESSAGE][PASSED] - Navigate to 'http://bengen' successfully

2017-10-13 17:47:15 - [TEST_STEP][PASSED] - verifyElementPresent: Object 'Object Repository/Page_ABB BenGen Authentication/ABB_logo' is present

2017-10-13 17:47:15 - [MESSAGE][WARNING] - Timeout '0' is invalid. Using default page load timeout: '30'

2017-10-13 17:47:15 - [MESSAGE][PASSED] - Object 'Object Repository/Page_ABB BenGen Authentication/ABB_logo' is present

2017-10-13 17:47:15 - [TEST_STEP][PASSED] - verifyElementPresent: Object 'Object Repository/Page_ABB BenGen Authentication/input_pass' is present

2017-10-13 17:47:15 - [MESSAGE][WARNING] - Timeout '0' is invalid. Using default page load timeout: '30'

2017-10-13 17:47:15 - [MESSAGE][PASSED] - Object 'Object Repository/Page_ABB BenGen Authentication/input_pass' is present

2017-10-13 17:47:15 - [TEST_STEP][PASSED] - verifyElementPresent: Object 'Object Repository/Page_ABB BenGen Authentication/input_user' is present

2017-10-13 17:47:16 - [MESSAGE][WARNING] - Timeout '0' is invalid. Using default page load timeout: '30'

2017-10-13 17:47:16 - [MESSAGE][PASSED] - Object 'Object Repository/Page_ABB BenGen Authentication/input_user' is present

2017-10-13 17:47:16 - [TEST_STEP][PASSED] - verifyElementPresent: Object 'Object Repository/Page_ABB BenGen Authentication/button_Login' is present

2017-10-13 17:47:16 - [MESSAGE][WARNING] - Timeout '0' is invalid. Using default page load timeout: '30'

2017-10-13 17:47:16 - [MESSAGE][PASSED] - Object 'Object Repository/Page_ABB BenGen Authentication/button_Login' is present

2017-10-13 17:47:16 - [MESSAGE][PASSED] - Call Test Case 'Test Cases/utilities/TC_0b_apertura pagina di login - ReUse' successfully

2017-10-13 17:47:16 - [TEST_STEP][PASSED] - setText: Text 'admin@admin.it' is set on object 'Object Repository/Page_ABB BenGen Authentication/input_user'

2017-10-13 17:47:16 - [MESSAGE][PASSED] - Text 'admin@admin.it' is set on object 'Object Repository/Page_ABB BenGen Authentication/input_user'

2017-10-13 17:47:16 - [TEST_STEP][PASSED] - setText: Text 'admin' is set on object 'Object Repository/Page_ABB BenGen Authentication/input_pass'

2017-10-13 17:47:17 - [MESSAGE][PASSED] - Text 'admin' is set on object 'Object Repository/Page_ABB BenGen Authentication/input_pass'

2017-10-13 17:47:17 - [TEST_STEP][PASSED] - click: Object: 'Object Repository/Page_ABB BenGen Authentication/button_Login' is clicked on

2017-10-13 17:47:17 - [MESSAGE][PASSED] - Object: 'Object Repository/Page_ABB BenGen Authentication/button_Login' is clicked on

2017-10-13 17:47:17 - [TEST_STEP][PASSED] - waitForElementVisible: Object 'Object Repository/Page_Aurora Vision BenGen/a_Aurora Vision Backoffice' is visible

2017-10-13 17:47:23 - [MESSAGE][PASSED] - Object 'Object Repository/Page_Aurora Vision BenGen/a_Aurora Vision Backoffice' is visible

2017-10-13 17:47:23 - [TEST_STEP][PASSED] - Statement - selfWindowTitle = com.kms.katalon.core.webui.keyword.WebUiBuiltInKeywords.getWindowTitle(): Current window's title is: 'Aurora Vision BenGen'

2017-10-13 17:47:23 - [MESSAGE][PASSED] - Current window's title is: 'Aurora Vision BenGen'

2017-10-13 17:47:23 - [TEST_STEP][PASSED] - verifyEqual: Actual object 'Aurora Vision BenGen' and expected object 'Aurora Vision BenGen' are equal

2017-10-13 17:47:23 - [MESSAGE][PASSED] - Actual object 'Aurora Vision BenGen' and expected object 'Aurora Vision BenGen' are equal

2017-10-13 17:47:23 - [MESSAGE][PASSED] - Call Test Case 'Test Cases/utilities/TC_0c-Login Corretto - ReUse' successfully

2017-10-13 17:47:23 - [TEST_STEP][PASSED] - Statement - selfWindowTitle = com.kms.katalon.core.webui.keyword.WebUiBuiltInKeywords.getWindowTitle(): Current window's title is: 'Aurora Vision BenGen'

2017-10-13 17:47:23 - [MESSAGE][PASSED] - Current window's title is: 'Aurora Vision BenGen'

2017-10-13 17:47:23 - [TEST_STEP][PASSED] - verifyEqual: Actual object 'Aurora Vision BenGen' and expected object 'Aurora Vision BenGen' are equal

2017-10-13 17:47:23 - [MESSAGE][PASSED] - Actual object 'Aurora Vision BenGen' and expected object 'Aurora Vision BenGen' are equal

2017-10-13 17:47:23 - [TEST_STEP][PASSED] - comment: Se mobile menu presente lo apre, altrimenti salta il passaggio. Non bloccante

2017-10-13 17:47:23 - [TEST_STEP][PASSED] - Statement - viewPort = com.kms.katalon.core.webui.keyword.WebUiBuiltInKeywords.getViewportWidth(): Viewport width is 1366

2017-10-13 17:47:23 - [MESSAGE][PASSED] - Viewport width is 1366

2017-10-13 17:47:23 - [TEST_STEP][PASSED] - Statement - If (viewPort < 1400): Object: 'Object Repository/Page_MenuCheck/UserMenu/MobileMenu_a_Logout' is clicked on

2017-10-13 17:47:23 - [TEST_STEP][PASSED] - click: Object: 'Object Repository/Page_MenuCheck/UserMenu/MobileMenu_label_menu-icon' is clicked on

2017-10-13 17:47:23 - [MESSAGE][PASSED] - Object: 'Object Repository/Page_MenuCheck/UserMenu/MobileMenu_label_menu-icon' is clicked on

2017-10-13 17:47:23 - [TEST_STEP][PASSED] - click: Object: 'Object Repository/Page_MenuCheck/UserMenu/MobileMenu_a_User' is clicked on

2017-10-13 17:47:25 - [MESSAGE][PASSED] - Object: 'Object Repository/Page_MenuCheck/UserMenu/MobileMenu_a_User' is clicked on

2017-10-13 17:47:25 - [TEST_STEP][PASSED] - click: Object: 'Object Repository/Page_MenuCheck/UserMenu/MobileMenu_a_Logout' is clicked on

2017-10-13 17:47:26 - [MESSAGE][PASSED] - Object: 'Object Repository/Page_MenuCheck/UserMenu/MobileMenu_a_Logout' is clicked on

2017-10-13 17:47:26 - [TEST_STEP][PASSED] - click: Object: 'Object Repository/Page_MenuCheck/UserMenu/a_TemporaryLogoutBtn' is clicked on

2017-10-13 17:47:26 - [MESSAGE][PASSED] - Object: 'Object Repository/Page_MenuCheck/UserMenu/a_TemporaryLogoutBtn' is clicked on

2017-10-13 17:47:26 - [TEST_STEP][PASSED] - verifyElementVisible: Object 'Object Repository/Page_ABB BenGen Authentication/input_user' is visible

2017-10-13 17:47:27 - [MESSAGE][PASSED] - Object 'Object Repository/Page_ABB BenGen Authentication/input_user' is visible

2017-10-13 17:47:27 - [TEST_STEP][PASSED] - verifyElementVisible: Object 'Object Repository/Page_ABB BenGen Authentication/input_pass' is visible

2017-10-13 17:47:27 - [MESSAGE][PASSED] - Object 'Object Repository/Page_ABB BenGen Authentication/input_pass' is visible

2017-10-13 17:47:27 - [TEST_STEP][PASSED] - verifyElementVisible: Object 'Object Repository/Page_ABB BenGen Authentication/button_Login' is visible

2017-10-13 17:47:27 - [MESSAGE][PASSED] - Object 'Object Repository/Page_ABB BenGen Authentication/button_Login' is visible

2017-10-13 17:47:27 - [TEST_STEP][PASSED] - callTestCase: Call Test Case 'Test Cases/utilities/TC_0a-close browser' successfully

2017-10-13 17:47:27 - [TEST_CASE][PASSED] - Test Cases/utilities/TC_0a-close browser: Test Cases/utilities/TC_0a-close browser

2017-10-13 17:47:27 - [TEST_STEP][PASSED] - closeBrowser: Browser is closed

2017-10-13 17:47:28 - [MESSAGE][PASSED] - Browser is closed

2017-10-13 17:47:28 - [MESSAGE][PASSED] - Call Test Case 'Test Cases/utilities/TC_0a-close browser' successfully]]></system-out>
         <system-err><![CDATA[]]></system-err>
      </testcase>
      <system-out><![CDATA[2017-10-13 17:45:21 - [TEST_SUITE][PASSED] - FullSuite: Test Cases/page2_HomePage/TC_10  Verifica Funzione Logout]]></system-out>
      <system-err><![CDATA[]]></system-err>
   </testsuite>
</testsuites>
